000 | 00401197 | 83C4 10                  | add esp,10                              | eax: 1-> 1 ebx: 263000-> 263000 ecx: 34FE97D1-> 3 |                                   |
001 | 0040119A | 8945 F8                  | mov dword ptr ss:[ebp-8],eax            |                                                   | 0019FF10: 19FF28-> 1              |
002 | 0040119D | C745 FC 00000000         | mov dword ptr ss:[ebp-4],0              |                                                   | 0019FF14: 19FF24-> 0              | stdio.h:1287, [ebp-04]:&"444"
003 | 004011A4 | 8B45 F8                  | mov eax,dword ptr ss:[ebp-8]            |                                                   | 0019FF10: 1-> 1                   | stdio.h:1288
004 | 004011A7 | 8BE5                     | mov esp,ebp                             | esp: 19FF10-> 19FF18                              |                                   | stdio.h:1289
005 | 004011A9 | 5D                       | pop ebp                                 | esp: 19FF18-> 19FF1C ebp: 19FF18-> 19FF28         | 0019FF18: 19FF28-> 19FF28         |
006 | 004011AA | C3                       | ret                                     | esp: 19FF1C-> 19FF20                              | 0019FF1C: 5B1BCB-> 5B1BCB         |
007 | 005B1BCB | 83C4 08                  | add esp,8                               | esp: 19FF20-> 19FF28 eflags: 202-> 206            |                                   |
008 | 005B1BCE | E9 97C60800              | jmp sample.vmp.63E26A                   |                                                   |                                   |
009 | 0063E26A | 68 FC204000              | push sample.vmp.4020FC                  | esp: 19FF28-> 19FF24                              | 0019FF24: 19FF70-> 4020FC         | 4020FC:"123"
00A | 0063E26F | E9 E8B4F6FF              | jmp sample.vmp.5A975C                   |                                                   |                                   |
00B | 005A975C | 68 20304000              | push <sample.vmp.char *buf>             | esp: 19FF24-> 19FF20                              | 0019FF20: 4020FC-> 403020         | 403020:"444"
00C | 005A9761 | E9 F3C0FFFF              | jmp sample.vmp.5A5859                   |                                                   |                                   |
00D | 005A5859 | E8 A2B7E5FF              | call <sample.vmp.int __cdecl my_strcmp( | esp: 19FF20-> 19FF1C                              | 0019FF1C: 403020-> 5A585E         |
00E | 00401000 | 55                       | push ebp                                | esp: 19FF1C-> 19FF18                              | 0019FF18: 5A585E-> 19FF28         | main.cpp:10
00F | 00401001 | 8BEC                     | mov ebp,esp                             | ebp: 19FF28-> 19FF18                              |                                   |
010 | 00401003 | 8B45 08                  | mov eax,dword ptr ss:[ebp+8]            | eax: 1-> 403020                                   | 0019FF20: 403020-> 403020         | main.cpp:11, [ebp+08]:"%s"
011 | 00401006 | 0FBE08                   | movsx ecx,byte ptr ds:[eax]             | ecx: 34FE97D1-> 34                                | 00403020: 343434-> 343434         | ecx:&"444", eax:&"\n\n"
012 | 00401009 | 85C9                     | test ecx,ecx                            | eflags: 206-> 202                                 |                                   | ecx:&"444"
013 | 0040100B | 74 24                    | je sample.vmp.401031                    |                                                   |                                   |
014 | 0040100D | 8B55 08                  | mov edx,dword ptr ss:[ebp+8]            | edx: 1-> 403020                                   | 0019FF20: 403020-> 403020         | [ebp+08]:"%s"
015 | 00401010 | 0FBE02                   | movsx eax,byte ptr ds:[edx]             | eax: 403020-> 34                                  | 00403020: 343434-> 343434         | eax:&"\n\n", edx:"%s"
016 | 00401013 | 8B4D 0C                  | mov ecx,dword ptr ss:[ebp+C]            | ecx: 34-> 4020FC                                  | 0019FF24: 4020FC-> 4020FC         | [ebp+0C]:"444"
017 | 00401016 | 0FBE11                   | movsx edx,byte ptr ds:[ecx]             | edx: 403020-> 31                                  | 004020FC: 333231-> 333231         | edx:"%s", ecx:&"444"
018 | 00401019 | 3BC2                     | cmp eax,edx                             | eflags: 202-> 206                                 |                                   | eax:&"\n\n", edx:"%s"
019 | 0040101B | 75 14                    | jne sample.vmp.401031                   |                                                   |                                   |
01A | 00401031 | 8B55 08                  | mov edx,dword ptr ss:[ebp+8]            | edx: 31-> 403020                                  | 0019FF20: 403020-> 403020         | main.cpp:15, [ebp+08]:"%s"
01B | 00401034 | 0FB602                   | movzx eax,byte ptr ds:[edx]             |                                                   | 00403020: 343434-> 343434         | eax:&"\n\n", edx:"%s"
01C | 00401037 | 8B4D 0C                  | mov ecx,dword ptr ss:[ebp+C]            |                                                   | 0019FF24: 4020FC-> 4020FC         | [ebp+0C]:"444"
01D | 0040103A | 0FB611                   | movzx edx,byte ptr ds:[ecx]             | edx: 403020-> 31                                  | 004020FC: 333231-> 333231         | edx:"%s", ecx:&"444"
01E | 0040103D | 2BC2                     | sub eax,edx                             | eax: 34-> 3                                       |                                   | eax:&"\n\n", edx:"%s"
01F | 0040103F | 5D                       | pop ebp                                 | esp: 19FF18-> 19FF1C ebp: 19FF18-> 19FF28         | 0019FF18: 19FF28-> 19FF28         | main.cpp:16
020 | 00401040 | C3                       | ret                                     | esp: 19FF1C-> 19FF20                              | 0019FF1C: 5A585E-> 5A585E         |
021 | 005A585E | 8D6424 08                | lea esp,dword ptr ss:[esp+8]            | esp: 19FF20-> 19FF28                              |                                   |
022 | 005A5862 | 85C0                     | test eax,eax                            |                                                   |                                   | eax:&"\n\n"
023 | 005A5864 | E9 4D4B0100              | jmp sample.vmp.5BA3B6                   |                                                   |                                   |
024 | 005BA3B6 | 0F85 C10CEAFF            | jne sample.vmp.45B07D                   |                                                   |                                   |
025 | 0045B07D | 68 04214000              | push sample.vmp.402104                  | esp: 19FF28-> 19FF24                              | 0019FF24: 19FF70-> 402104         | 402104:"fail\n"
026 | 0045B082 | E9 355A1D00              | jmp sample.vmp.630ABC                   |                                                   |                                   |
027 | 00630ABC | E8 6F06DDFF              | call <sample.vmp._printf>               | esp: 19FF24-> 19FF20                              | 0019FF20: 402104-> 630AC1         |
028 | 00401130 | 55                       | push ebp                                | esp: 19FF20-> 19FF1C                              | 0019FF1C: 630AC1-> 19FF28         | stdio.h:956
029 | 00401131 | 8BEC                     | mov ebp,esp                             | ebp: 19FF28-> 19FF1C                              |                                   |
02A | 00401133 | 83EC 08                  | sub esp,8                               | esp: 19FF1C-> 19FF14                              |                                   |
02B | 00401136 | 8D45 0C                  | lea eax,dword ptr ss:[ebp+C]            | eax: 3-> 19FF28                                   |                                   | stdio.h:959, [ebp+0C]:"444"
02C | 00401139 | 8945 FC                  | mov dword ptr ss:[ebp-4],eax            |                                                   | 0019FF18: 19FF28-> 19FF28         | [ebp-04]:&"444"
02D | 0040113C | 8B4D FC                  | mov ecx,dword ptr ss:[ebp-4]            | ecx: 4020FC-> 19FF28                              | 0019FF18: 19FF28-> 19FF28         | stdio.h:960, [ebp-04]:&"444"
02E | 0040113F | 51                       | push ecx                                | esp: 19FF14-> 19FF10                              | 0019FF10: 0-> 19FF28              | ecx:&"444"
02F | 00401140 | 6A 00                    | push 0                                  | esp: 19FF10-> 19FF0C                              | 0019FF0C: 19FF28-> 0              |
030 | 00401142 | 8B55 08                  | mov edx,dword ptr ss:[ebp+8]            | edx: 31-> 402104                                  | 0019FF24: 402104-> 402104         | [ebp+08]:"%s"
031 | 00401145 | 52                       | push edx                                | esp: 19FF0C-> 19FF08                              | 0019FF08: 0-> 402104              | edx:"%s"
032 | 00401146 | 6A 01                    | push 1                                  | esp: 19FF08-> 19FF04                              | 0019FF04: 402104-> 1              |
033 | 00401148 | 50                       | push eax                                | esp: 19FF04-> 19FF00                              | 0019FF00: 1-> 19FF28              | eax:&"\n\n"
034 | 00401149 | E8 69D21400              | call sample.vmp.54E3B7                  | esp: 19FF00-> 19FEFC                              | 0019FEFC: 19FF28-> 40114E         |
035 | 0054E3B7 | 90                       | nop                                     |                                                   |                                   |
036 | 0054E3B8 | 0FBFC5                   | movsx eax,bp                            | eax: 19FF28-> FFFFFF1C                            |                                   |
037 | 0054E3BB | 58                       | pop eax                                 | eax: FFFFFF1C-> 40114E esp: 19FEFC-> 19FF00       | 0019FEFC: 40114E-> 40114E         | eax:&"\n\n"
038 | 0054E3BC | 870424                   | xchg dword ptr ss:[esp],eax             | eax: 40114E-> 19FF28                              | 0019FF00: 19FF28-> 40114E         | [esp]:&"\n\n"
039 | 0054E3BF | E9 3E690000              | jmp sample.vmp.554D02                   |                                                   |                                   |
03A | 00554D02 | 50                       | push eax                                | esp: 19FF00-> 19FEFC                              | 0019FEFC: 40114E-> 19FF28         | eax:&"\n\n"
03B | 00554D03 | 8BC6                     | mov eax,esi                             | eax: 19FF28-> C60760                              |                                   | eax:&"\n\n", esi:&"E:\\新建文件夹11\\unicorn\\Emu\\Release\\Sample.vmp.exe"
03C | 00554D05 | 0FB7C5                   | movzx eax,bp                            | eax: C60760-> FF1C                                |                                   |
03D | 00554D08 | B8 9E124000              | mov eax,<sample.vmp.&___scrt_current_na | eax: FF1C-> 40129E                                |                                   | eax:&"\n\n"
03E | 00554D0D | E9 2B3DF0FF              | jmp sample.vmp.458A3D                   |                                                   |                                   |
03F | 00458A3D | 8B80 3E4C1500            | mov eax,dword ptr ds:[eax+154C3E]       | eax: 40129E-> 4EC2EA4                             | 00555EDC: 4EC2EA4-> 4EC2EA4       | eax:&"\n\n", eax+154C3E:"t-ms-win-core-container-init-l1-1-0.dll"
040 | 00458A43 | E9 3702FBFF              | jmp sample.vmp.408C7F                   |                                                   |                                   |
041 | 00408C7F | 8D80 CC421E72            | lea eax,dword ptr ds:[eax+721E42CC]     | eax: 4EC2EA4-> 770A7170                           |                                   | eax:&"\n\n"
042 | 00408C85 | E9 764F1900              | jmp sample.vmp.59DC00                   |                                                   |                                   |
043 | 0059DC00 | 870424                   | xchg dword ptr ss:[esp],eax             | eax: 770A7170-> 19FF28                            | 0019FEFC: 19FF28-> 770A7170       | [esp]:&"\n\n"
044 | 0059DC03 | E9 FF7AEBFF              | jmp sample.vmp.455707                   |                                                   |                                   |
045 | 00455707 | C3                       | ret                                     | esp: 19FEFC-> 19FF00                              | 0019FEFC: 770A7170-> 770A7170     |
046 | 770A7170 | 8BFF                     | mov edi,edi                             |                                                   |                                   |
047 | 770A7172 | 55                       | push ebp                                | esp: 19FF00-> 19FEFC                              | 0019FEFC: 40114E-> 19FF1C         |
048 | 770A7173 | 8BEC                     | mov ebp,esp                             | ebp: 19FF1C-> 19FEFC                              |                                   |
049 | 770A7175 | 6B45 08 38               | imul eax,dword ptr ss:[ebp+8],38        | eax: 19FF28-> 38 eflags: 206-> 202                | 0019FF04: 1-> 1                   | [ebp+08]:"%s"
04A | 770A7179 | 05 F0021977              | add eax,ucrtbase.771902F0               | eax: 38-> 77190328 eflags: 202-> 206              |                                   | eax:&"\n\n", 771902F0:&"\n\n"
04B | 770A717E | 5D                       | pop ebp                                 | esp: 19FEFC-> 19FF00 ebp: 19FEFC-> 19FF1C         | 0019FEFC: 19FF1C-> 19FF1C         |
04C | 770A717F | C3                       | ret                                     | esp: 19FF00-> 19FF04                              | 0019FF00: 40114E-> 40114E         |
04D | 0040114E | 83C4 04                  | add esp,4                               | esp: 19FF04-> 19FF08 eflags: 206-> 202            |                                   |
04E | 00401151 | 50                       | push eax                                | esp: 19FF08-> 19FF04                              | 0019FF04: 402104-> 77190328       | eax:&"\n\n"
04F | 00401152 | E8 19FFFFFF              | call <sample.vmp.__vfprintf_l>          | esp: 19FF04-> 19FF00                              | 0019FF00: 77190328-> 401157       |
050 | 00401070 | 55                       | push ebp                                | esp: 19FF00-> 19FEFC                              | 0019FEFC: 401157-> 19FF1C         | stdio.h:644
051 | 00401071 | 8BEC                     | mov ebp,esp                             | ebp: 19FF1C-> 19FEFC                              |                                   |
052 | 00401073 | 8B45 14                  | mov eax,dword ptr ss:[ebp+14]           | eax: 77190328-> 19FF28                            | 0019FF10: 19FF28-> 19FF28         | stdio.h:645, [ebp+14]:__scrt_common_main_seh+FA
053 | 00401076 | 50                       | push eax                                | esp: 19FEFC-> 19FEF8                              | 0019FEF8: 19FF1C-> 19FF28         | eax:&"\n\n"
054 | 00401077 | 8B4D 10                  | mov ecx,dword ptr ss:[ebp+10]           | ecx: 19FF28-> 0                                   | 0019FF0C: 0-> 0                   |
055 | 0040107A | 51                       | push ecx                                | esp: 19FEF8-> 19FEF4                              | 0019FEF4: 19FF28-> 0              | ecx:&"444"
056 | 0040107B | 8B55 0C                  | mov edx,dword ptr ss:[ebp+C]            |                                                   | 0019FF08: 402104-> 402104         | [ebp+0C]:"444"
057 | 0040107E | 52                       | push edx                                | esp: 19FEF4-> 19FEF0                              | 0019FEF0: 0-> 402104              | edx:"%s"
058 | 0040107F | 8B45 08                  | mov eax,dword ptr ss:[ebp+8]            | eax: 19FF28-> 77190328                            | 0019FF04: 77190328-> 77190328     | [ebp+08]:"%s"
059 | 00401082 | 50                       | push eax                                | esp: 19FEF0-> 19FEEC                              | 0019FEEC: 402104-> 77190328       | eax:&"\n\n"
05A | 00401083 | E8 C8FFFFFF              | call <sample.vmp.___local_stdio_printf_ | esp: 19FEEC-> 19FEE8                              | 0019FEE8: 77190328-> 401088       |
05B | 00401050 | 55                       | push ebp                                | esp: 19FEE8-> 19FEE4                              | 0019FEE4: 401088-> 19FEFC         | corecrt_stdio_config.h:90
05C | 00401051 | 8BEC                     | mov ebp,esp                             | ebp: 19FEFC-> 19FEE4                              |                                   |
05D | 00401053 | B8 D8344000              | mov eax,<sample.vmp.unsigned __int64 `e | eax: 77190328-> 4034D8                            |                                   | corecrt_stdio_config.h:92, eax:&"\n\n"
05E | 00401058 | 5D                       | pop ebp                                 | esp: 19FEE4-> 19FEE8 ebp: 19FEE4-> 19FEFC         | 0019FEE4: 19FEFC-> 19FEFC         | corecrt_stdio_config.h:93
05F | 00401059 | C3                       | ret                                     | esp: 19FEE8-> 19FEEC                              | 0019FEE8: 401088-> 401088         |
060 | 00401088 | 8B48 04                  | mov ecx,dword ptr ds:[eax+4]            |                                                   | 004034DC: 0-> 0                   | ecx:&"444", [eax+04]:"444\n\n"
061 | 0040108B | 51                       | push ecx                                | esp: 19FEEC-> 19FEE8                              | 0019FEE8: 77190328-> 0            | ecx:&"444"
062 | 0040108C | 8B10                     | mov edx,dword ptr ds:[eax]              | edx: 402104-> 24                                  | 004034D8: 24-> 24                 | edx:"%s", [eax]:"\n\n"
063 | 0040108E | 52                       | push edx                                | esp: 19FEE8-> 19FEE4                              | 0019FEE4: 0-> 24                  | edx:"%s"
064 | 0040108F | E8 3B801700              | call sample.vmp.5790CF                  | esp: 19FEE4-> 19FEE0                              | 0019FEE0: 24-> 401094             |
065 | 005790CF | 90                       | nop                                     |                                                   |                                   |
066 | 005790D0 | 55                       | push ebp                                | esp: 19FEE0-> 19FEDC                              | 0019FEDC: 401094-> 19FEFC         |
067 | 005790D1 | E9 F022E9FF              | jmp sample.vmp.40B3C6                   |                                                   |                                   |
068 | 0040B3C6 | 8B6C24 04                | mov ebp,dword ptr ss:[esp+4]            | ebp: 19FEFC-> 401094                              | 0019FEE0: 401094-> 401094         | [esp+04]:"%s"
069 | 0040B3CA | E9 460F0F00              | jmp sample.vmp.4FC315                   |                                                   |                                   |
06A | 004FC315 | 8D6D 01                  | lea ebp,dword ptr ss:[ebp+1]            | ebp: 401094-> 401095                              |                                   |
06B | 004FC318 | 896C24 04                | mov dword ptr ss:[esp+4],ebp            |                                                   | 0019FEE0: 401094-> 401095         | [esp+04]:"%s"
06C | 004FC31C | 0FCD                     | bswap ebp                               | ebp: 401095-> 95104000                            |                                   |
06D | 004FC31E | BD F0114000              | mov ebp,sample.vmp.4011F0               | ebp: 95104000-> 4011F0                            |                                   |
06E | 004FC323 | E9 530FFAFF              | jmp sample.vmp.49D27B                   |                                                   |                                   |
06F | 0049D27B | 8BAD 87700F00            | mov ebp,dword ptr ss:[ebp+F7087]        | ebp: 4011F0-> 412724BE                            | 004F8277: 412724BE-> 412724BE     |
070 | 0049D281 | 8DAD 9221E335            | lea ebp,dword ptr ss:[ebp+35E32192]     | ebp: 412724BE-> 770A4650                          |                                   |
071 | 0049D287 | E9 C4F01200              | jmp sample.vmp.5CC350                   |                                                   |                                   |
072 | 005CC350 | 872C24                   | xchg dword ptr ss:[esp],ebp             | ebp: 770A4650-> 19FEFC                            | 0019FEDC: 19FEFC-> 770A4650       | [esp]:&"\n\n"
073 | 005CC353 | E9 4C00E5FF              | jmp sample.vmp.41C3A4                   |                                                   |                                   |
074 | 0041C3A4 | C3                       | ret                                     | esp: 19FEDC-> 19FEE0                              | 0019FEDC: 770A4650-> 770A4650     |
075 | 770A4650 | 8BFF                     | mov edi,edi                             |                                                   |                                   |
076 | 770A4652 | 55                       | push ebp                                | esp: 19FEE0-> 19FEDC                              | 0019FEDC: 401095-> 19FEFC         |
077 | 770A4653 | 8BEC                     | mov ebp,esp                             | ebp: 19FEFC-> 19FEDC                              |                                   |
078 | 770A4655 | FF75 1C                  | push dword ptr ss:[ebp+1C]              | esp: 19FEDC-> 19FED8                              | 0019FEF8: 19FF28-> 19FF28 0019FED | [ebp+1C]:&"E:\\新建文件夹11\\unicorn\\Emu\\Release\\Sample.vmp.exe"
079 | 770A4658 | 8B55 14                  | mov edx,dword ptr ss:[ebp+14]           | edx: 24-> 402104                                  | 0019FEF0: 402104-> 402104         | [ebp+14]:__scrt_common_main_seh+FA
07A | 770A465B | FF75 18                  | push dword ptr ss:[ebp+18]              | esp: 19FED8-> 19FED4                              | 0019FEF4: 0-> 0 0019FED4: 19FF28- |
07B | 770A465E | 8B4D 10                  | mov ecx,dword ptr ss:[ebp+10]           | ecx: 0-> 77190328                                 | 0019FEEC: 77190328-> 77190328     |
07C | 770A4661 | FF75 0C                  | push dword ptr ss:[ebp+C]               | esp: 19FED4-> 19FED0                              | 0019FEE8: 0-> 0 0019FED0: 0-> 0   | [ebp+0C]:"444"
07D | 770A4664 | FF75 08                  | push dword ptr ss:[ebp+8]               | esp: 19FED0-> 19FECC                              | 0019FEE4: 24-> 24 0019FECC: 0-> 2 | [ebp+08]:"%s"
07E | 770A4667 | E8 05000000              | call ucrtbase.770A4671                  | esp: 19FECC-> 19FEC8                              | 0019FEC8: 24-> 770A466C           |
07F | 770A4671 | 8BFF                     | mov edi,edi                             |                                                   |                                   |
080 | 770A4673 | 55                       | push ebp                                | esp: 19FEC8-> 19FEC4                              | 0019FEC4: 770A466C-> 19FEDC       |
081 | 770A4674 | 8BEC                     | mov ebp,esp                             | ebp: 19FEDC-> 19FEC4                              |                                   |
082 | 770A4676 | 83EC 24                  | sub esp,24                              | esp: 19FEC4-> 19FEA0 eflags: 202-> 206            |                                   |
083 | 770A4679 | 8955 F8                  | mov dword ptr ss:[ebp-8],edx            |                                                   | 0019FEBC: 771902F0-> 402104       |
084 | 770A467C | 894D FC                  | mov dword ptr ss:[ebp-4],ecx            |                                                   | 0019FEC0: 19FED8-> 77190328       | [ebp-04]:&"444"
085 | 770A467F | 53                       | push ebx                                | esp: 19FEA0-> 19FE9C                              | 0019FE9C: 19FEBC-> 263000         |
086 | 770A4680 | 56                       | push esi                                | esp: 19FE9C-> 19FE98                              | 0019FE98: 263000-> C60760         | esi:&"E:\\新建文件夹11\\unicorn\\Emu\\Release\\Sample.vmp.exe"
087 | 770A4681 | 57                       | push edi                                | esp: 19FE98-> 19FE94                              | 0019FE94: C60760-> C5FB48         | edi:&"ALLUSERSPROFILE=C:\\ProgramData"
088 | 770A4682 | 85C9                     | test ecx,ecx                            |                                                   |                                   | ecx:&"444"
089 | 770A4684 | 0F84 91C20400            | je ucrtbase.770F091B                    |                                                   |                                   |
08A | 770A468A | 85D2                     | test edx,edx                            | eflags: 206-> 202                                 |                                   | edx:"%s"
08B | 770A468C | 0F84 89C20400            | je ucrtbase.770F091B                    |                                                   |                                   |
08C | 770A4692 | 8D45 FC                  | lea eax,dword ptr ss:[ebp-4]            | eax: 4034D8-> 19FEC0                              |                                   | [ebp-04]:&"444"
08D | 770A4695 | 894D F4                  | mov dword ptr ss:[ebp-C],ecx            |                                                   | 0019FEB8: 4020F8-> 77190328       | [ebp-0C]:&"444"
08E | 770A4698 | 8945 DC                  | mov dword ptr ss:[ebp-24],eax           |                                                   | 0019FEA0: 19FEBC-> 19FEC0         |
08F | 770A469B | 8D45 10                  | lea eax,dword ptr ss:[ebp+10]           | eax: 19FEC0-> 19FED4                              |                                   |
090 | 770A469E | 8945 E0                  | mov dword ptr ss:[ebp-20],eax           |                                                   | 0019FEA4: 19FEC8-> 19FED4         |
091 | 770A46A1 | 8D45 08                  | lea eax,dword ptr ss:[ebp+8]            | eax: 19FED4-> 19FECC                              |                                   | [ebp+08]:"%s"
092 | 770A46A4 | 8945 E4                  | mov dword ptr ss:[ebp-1C],eax           |                                                   | 0019FEA8: 19FEB8-> 19FECC         | [ebp-1C]:scanf+1E
093 | 770A46A7 | 8D45 F8                  | lea eax,dword ptr ss:[ebp-8]            | eax: 19FECC-> 19FEBC                              |                                   |
094 | 770A46AA | 8945 E8                  | mov dword ptr ss:[ebp-18],eax           |                                                   | 0019FEAC: 19FED4-> 19FEBC         | [ebp-18]:&"\n\n"
095 | 770A46AD | 8D45 14                  | lea eax,dword ptr ss:[ebp+14]           | eax: 19FEBC-> 19FED8                              |                                   | [ebp+14]:__scrt_common_main_seh+FA
096 | 770A46B0 | 8945 EC                  | mov dword ptr ss:[ebp-14],eax           |                                                   | 0019FEB0: 771902F0-> 19FED8       | [ebp-14]:"%s"
097 | 770A46B3 | 8D45 F4                  | lea eax,dword ptr ss:[ebp-C]            | eax: 19FED8-> 19FEB8                              |                                   | [ebp-0C]:&"444"
098 | 770A46B6 | 50                       | push eax                                | esp: 19FE94-> 19FE90                              | 0019FE90: C5FB48-> 19FEB8         | eax:&"\n\n"
099 | 770A46B7 | 8D45 DC                  | lea eax,dword ptr ss:[ebp-24]           | eax: 19FEB8-> 19FEA0                              |                                   |
09A | 770A46BA | 894D F0                  | mov dword ptr ss:[ebp-10],ecx           |                                                   | 0019FEB4: 771902F0-> 77190328     |
09B | 770A46BD | 50                       | push eax                                | esp: 19FE90-> 19FE8C                              | 0019FE8C: 19FEB8-> 19FEA0         | eax:&"\n\n"
09C | 770A46BE | 8D45 F0                  | lea eax,dword ptr ss:[ebp-10]           | eax: 19FEA0-> 19FEB4                              |                                   |
09D | 770A46C1 | 50                       | push eax                                | esp: 19FE8C-> 19FE88                              | 0019FE88: 19FEA0-> 19FEB4         | eax:&"\n\n"
09E | 770A46C2 | E8 05000000              | call ucrtbase.770A46CC                  | esp: 19FE88-> 19FE84                              | 0019FE84: 19FEB4-> 770A46C7       |
09F | 770A46CC | 6A 0C                    | push C                                  | esp: 19FE84-> 19FE80                              | 0019FE80: 770A46C7-> C            |
0A0 | 770A46CE | 68 00CA1777              | push ucrtbase.7717CA00                  | esp: 19FE80-> 19FE7C                              | 0019FE7C: C-> 7717CA00            |
0A1 | 770A46D3 | E8 18DB0300              | call ucrtbase.770E21F0                  | esp: 19FE7C-> 19FE78                              | 0019FE78: 7717CA00-> 770A46D8     |
0A2 | 770E21F0 | 68 D01F0E77              | push ucrtbase.770E1FD0                  | esp: 19FE78-> 19FE74                              | 0019FE74: 770A46D8-> 770E1FD0     |
0A3 | 770E21F5 | 64:FF35 00000000         | push dword ptr fs:[0]                   | esp: 19FE74-> 19FE70                              | 00266000: 19FF60-> 19FF60 0019FE7 |
0A4 | 770E21FC | 8B4424 10                | mov eax,dword ptr ss:[esp+10]           | eax: 19FEB4-> C                                   | 0019FE80: C-> C                   |
0A5 | 770E2200 | 896C24 10                | mov dword ptr ss:[esp+10],ebp           |                                                   | 0019FE80: C-> 19FEC4              |
0A6 | 770E2204 | 8D6C24 10                | lea ebp,dword ptr ss:[esp+10]           | ebp: 19FEC4-> 19FE80                              |                                   |
0A7 | 770E2208 | 2BE0                     | sub esp,eax                             | esp: 19FE70-> 19FE64 eflags: 202-> 212            |                                   |
0A8 | 770E220A | 53                       | push ebx                                | esp: 19FE64-> 19FE60                              | 0019FE60: 19FE50-> 263000         |
0A9 | 770E220B | 56                       | push esi                                | esp: 19FE60-> 19FE5C                              | 0019FE5C: 263000-> C60760         | esi:&"E:\\新建文件夹11\\unicorn\\Emu\\Release\\Sample.vmp.exe"
0AA | 770E220C | 57                       | push edi                                | esp: 19FE5C-> 19FE58                              | 0019FE58: C60760-> C5FB48         | edi:&"ALLUSERSPROFILE=C:\\ProgramData"
0AB | 770E220D | A1 D0021977              | mov eax,dword ptr ds:[771902D0]         | eax: C-> 34E769AD                                 | 771902D0: 34E769AD-> 34E769AD     | eax:&"\n\n"
0AC | 770E2212 | 3145 FC                  | xor dword ptr ss:[ebp-4],eax            | eflags: 212-> 202                                 | 0019FE7C: 7717CA00-> 43F0A3AD     | [ebp-04]:&"444"
0AD | 770E2215 | 33C5                     | xor eax,ebp                             | eax: 34E769AD-> 34FE972D eflags: 202-> 206        |                                   |
0AE | 770E2217 | 50                       | push eax                                | esp: 19FE58-> 19FE54                              | 0019FE54: C5FB48-> 34FE972D       | eax:&"\n\n"
0AF | 770E2218 | 8965 E8                  | mov dword ptr ss:[ebp-18],esp           |                                                   | 0019FE68: 19FE54-> 19FE54         | [ebp-18]:&"\n\n"
0B0 | 770E221B | FF75 F8                  | push dword ptr ss:[ebp-8]               | esp: 19FE54-> 19FE50                              | 0019FE78: 770A46D8-> 770A46D8 001 |
0B1 | 770E221E | 8B45 FC                  | mov eax,dword ptr ss:[ebp-4]            | eax: 34FE972D-> 43F0A3AD                          | 0019FE7C: 43F0A3AD-> 43F0A3AD     | [ebp-04]:&"444"
0B2 | 770E2221 | C745 FC FEFFFFFF         | mov dword ptr ss:[ebp-4],FFFFFFFE       |                                                   | 0019FE7C: 43F0A3AD-> FFFFFFFE     | [ebp-04]:&"444"
0B3 | 770E2228 | 8945 F8                  | mov dword ptr ss:[ebp-8],eax            |                                                   | 0019FE78: 770A46D8-> 43F0A3AD     |
0B4 | 770E222B | 8D45 F0                  | lea eax,dword ptr ss:[ebp-10]           | eax: 43F0A3AD-> 19FE70                            |                                   |
0B5 | 770E222E | 64:A3 00000000           | mov dword ptr fs:[0],eax                |                                                   | 00266000: 19FF60-> 19FE70         | eax:&"\n\n"
0B6 | 770E2234 | F2:C3                    | bnd ret                                 | esp: 19FE50-> 19FE54                              | 0019FE50: 770A46D8-> 770A46D8     |
0B7 | 770A46D8 | 8365 E4 00               | and dword ptr ss:[ebp-1C],0             | eflags: 206-> 246                                 | 0019FE64: 19FE50-> 0              | [ebp-1C]:scanf+1E
0B8 | 770A46DC | 8B45 08                  | mov eax,dword ptr ss:[ebp+8]            | eax: 19FE70-> 19FEB4                              | 0019FE88: 19FEB4-> 19FEB4         | [ebp+08]:"%s"
0B9 | 770A46DF | 8B00                     | mov eax,dword ptr ds:[eax]              | eax: 19FEB4-> 77190328                            | 0019FEB4: 77190328-> 77190328     | eax:&"\n\n", [eax]:"\n\n"
0BA | 770A46E1 | 83C0 20                  | add eax,20                              | eax: 77190328-> 77190348 eflags: 246-> 206        |                                   | eax:&"\n\n"
0BB | 770A46E4 | 50                       | push eax                                | esp: 19FE54-> 19FE50                              | 0019FE50: 34FE972D-> 77190348     | eax:&"\n\n"
0BC | 770A46E5 | FF15 18221977            | call dword ptr ds:[<EnterCriticalSectio | esp: 19FE50-> 19FE4C                              | 77192218: 777E0040-> 777E0040 001 |
0BD | 777E0040 | 8BFF                     | mov edi,edi                             |                                                   |                                   |
0BE | 777E0042 | 55                       | push ebp                                | esp: 19FE4C-> 19FE48                              | 0019FE48: 770A46EB-> 19FE80       |
0BF | 777E0043 | 8BEC                     | mov ebp,esp                             | ebp: 19FE80-> 19FE48                              |                                   |
0C0 | 777E0045 | 83E4 F8                  | and esp,FFFFFFF8                        |                                                   |                                   |
0C1 | 777E0048 | 8B4D 08                  | mov ecx,dword ptr ss:[ebp+8]            | ecx: 77190328-> 77190348                          | 0019FE50: 77190348-> 77190348     | [ebp+08]:"%s"
0C2 | 777E004B | 64:8B15 18000000         | mov edx,dword ptr fs:[18]               | edx: 402104-> 266000                              | 00266018: 266000-> 266000         | edx:"%s", 00000018:L"怀&"
0C3 | 777E0052 | 8D41 04                  | lea eax,dword ptr ds:[ecx+4]            | eax: 77190348-> 7719034C                          |                                   | eax:&"\n\n"
0C4 | 777E0055 | F0:0FBA30 00             | lock btr dword ptr ds:[eax],0           | eflags: 206-> 207                                 | 7719034C: FFFFFFFF-> FFFFFFFE     | [eax]:"\n\n"
0C5 | 777E005A | 73 15                    | jae ntdll.777E0071                      |                                                   |                                   |
0C6 | 777E005C | 8B42 24                  | mov eax,dword ptr ds:[edx+24]           | eax: 7719034C-> 1018                              | 00266024: 1018-> 1018             | eax:&"\n\n", edx+24:GS_ExceptionPointers+10
0C7 | 777E005F | 8941 0C                  | mov dword ptr ds:[ecx+C],eax            |                                                   | 77190354: 0-> 1018                | eax:&"\n\n"
0C8 | 777E0062 | 33C0                     | xor eax,eax                             | eax: 1018-> 0 eflags: 207-> 246                   |                                   | eax:&"\n\n"
0C9 | 777E0064 | C741 08 01000000         | mov dword ptr ds:[ecx+8],1              |                                                   | 77190350: 0-> 1                   | [ecx+08]:__scrt_common_main_seh+FA
0CA | 777E006B | 8BE5                     | mov esp,ebp                             |                                                   |                                   |
0CB | 777E006D | 5D                       | pop ebp                                 | esp: 19FE48-> 19FE4C ebp: 19FE48-> 19FE80         | 0019FE48: 19FE80-> 19FE80         |
0CC | 777E006E | C2 0400                  | ret 4                                   | esp: 19FE4C-> 19FE54                              | 0019FE4C: 770A46EB-> 770A46EB     |
0CD | 770A46EB | 8365 FC 00               | and dword ptr ss:[ebp-4],0              |                                                   | 0019FE7C: FFFFFFFE-> 0            | [ebp-04]:&"444"
0CE | 770A46EF | 8B4D 0C                  | mov ecx,dword ptr ss:[ebp+C]            | ecx: 77190348-> 19FEA0                            | 0019FE8C: 19FEA0-> 19FEA0         | [ebp+0C]:"444"
0CF | 770A46F2 | E8 35000000              | call ucrtbase.770A472C                  | esp: 19FE54-> 19FE50                              | 0019FE50: 34FE972D-> 770A46F7     |
0D0 | 770A472C | 8BFF                     | mov edi,edi                             |                                                   |                                   |
0D1 | 770A472E | 55                       | push ebp                                | esp: 19FE50-> 19FE4C                              | 0019FE4C: 770A46F7-> 19FE80       |
0D2 | 770A472F | 8BEC                     | mov ebp,esp                             | ebp: 19FE80-> 19FE4C                              |                                   |
0D3 | 770A4731 | 83E4 F8                  | and esp,FFFFFFF8                        | esp: 19FE4C-> 19FE48 eflags: 246-> 206            |                                   |
0D4 | 770A4734 | 81EC 8C040000            | sub esp,48C                             | esp: 19FE48-> 19F9BC eflags: 206-> 212            |                                   |
0D5 | 770A473A | A1 D0021977              | mov eax,dword ptr ds:[771902D0]         | eax: 0-> 34E769AD                                 | 771902D0: 34E769AD-> 34E769AD     | eax:&"\n\n"
0D6 | 770A473F | 33C4                     | xor eax,esp                             | eax: 34E769AD-> 34FE9011 eflags: 212-> 206        |                                   |
0D7 | 770A4741 | 898424 88040000          | mov dword ptr ss:[esp+488],eax          |                                                   | 0019FE44: 77122E0C-> 34FE9011     | [esp+488]:__dyn_tls_init_callback+21C821
0D8 | 770A4748 | 53                       | push ebx                                | esp: 19F9BC-> 19F9B8                              | 0019F9B8: AF8716-> 263000         |
0D9 | 770A4749 | 56                       | push esi                                | esp: 19F9B8-> 19F9B4                              | 0019F9B4: 263000-> C60760         | esi:&"E:\\新建文件夹11\\unicorn\\Emu\\Release\\Sample.vmp.exe"
0DA | 770A474A | 8BF1                     | mov esi,ecx                             | esi: C60760-> 19FEA0                              |                                   | esi:&"E:\\新建文件夹11\\unicorn\\Emu\\Release\\Sample.vmp.exe", ecx:&"444"
0DB | 770A474C | 57                       | push edi                                | esp: 19F9B4-> 19F9B0                              | 0019F9B0: C60760-> C5FB48         | edi:&"ALLUSERSPROFILE=C:\\ProgramData"
0DC | 770A474D | 8B06                     | mov eax,dword ptr ds:[esi]              | eax: 34FE9011-> 19FEC0                            | 0019FEA0: 19FEC0-> 19FEC0         | eax:&"\n\n", [esi]:"E:\\新建文件夹11\\unicorn\\Emu\\Release\\Sample.vmp.exe"
0DD | 770A474F | 8B38                     | mov edi,dword ptr ds:[eax]              | edi: C5FB48-> 77190328                            | 0019FEC0: 77190328-> 77190328     | edi:&"ALLUSERSPROFILE=C:\\ProgramData", [eax]:"\n\n"
0DE | 770A4751 | 8BCF                     | mov ecx,edi                             | ecx: 19FEA0-> 77190328                            |                                   | ecx:&"444", edi:&"ALLUSERSPROFILE=C:\\ProgramData"
0DF | 770A4753 | E8 6A4C0000              | call ucrtbase.770A93C2                  | esp: 19F9B0-> 19F9AC                              | 0019F9AC: C5FB48-> 770A4758       |
0E0 | 770A93C2 | 8BFF                     | mov edi,edi                             |                                                   |                                   |
0E1 | 770A93C4 | 55                       | push ebp                                | esp: 19F9AC-> 19F9A8                              | 0019F9A8: 770A4758-> 19FE4C       |
0E2 | 770A93C5 | 8BEC                     | mov ebp,esp                             | ebp: 19FE4C-> 19F9A8                              |                                   |
0E3 | 770A93C7 | 51                       | push ecx                                | esp: 19F9A8-> 19F9A4                              | 0019F9A4: 19FE4C-> 77190328       | ecx:&"444"
0E4 | 770A93C8 | 53                       | push ebx                                | esp: 19F9A4-> 19F9A0                              | 0019F9A0: 77190328-> 263000       |
0E5 | 770A93C9 | 56                       | push esi                                | esp: 19F9A0-> 19F99C                              | 0019F99C: 263000-> 19FEA0         | esi:&"E:\\新建文件夹11\\unicorn\\Emu\\Release\\Sample.vmp.exe"
0E6 | 770A93CA | 8BF1                     | mov esi,ecx                             | esi: 19FEA0-> 77190328                            |                                   | esi:&"E:\\新建文件夹11\\unicorn\\Emu\\Release\\Sample.vmp.exe", ecx:&"444"
0E7 | 770A93CC | 57                       | push edi                                | esp: 19F99C-> 19F998                              | 0019F998: 19FEA0-> 77190328       | edi:&"ALLUSERSPROFILE=C:\\ProgramData"
0E8 | 770A93CD | 8975 FC                  | mov dword ptr ss:[ebp-4],esi            |                                                   | 0019F9A4: 77190328-> 77190328     | [ebp-04]:&"444"
0E9 | 770A93D0 | E8 C3A10300              | call ucrtbase.770E3598                  | esp: 19F998-> 19F994                              | 0019F994: 77190328-> 770A93D5     |
0EA | 770E3598 | 8BFF                     | mov edi,edi                             |                                                   |                                   |
0EB | 770E359A | 51                       | push ecx                                | esp: 19F994-> 19F990                              | 0019F990: 770A93D5-> 77190328     | ecx:&"444"
0EC | 770E359B | 81F9 60031977            | cmp ecx,ucrtbase.77190360               | eflags: 206-> 283                                 |                                   | ecx:&"444"
0ED | 770E35A1 | 74 1E                    | je ucrtbase.770E35C1                    |                                                   |                                   |
0EE | 770E35A3 | 81F9 28031977            | cmp ecx,ucrtbase.77190328               | eflags: 283-> 246                                 |                                   | ecx:&"444"
0EF | 770E35A9 | 75 12                    | jne ucrtbase.770E35BD                   |                                                   |                                   |
0F0 | 770E35AB | 51                       | push ecx                                | esp: 19F990-> 19F98C                              | 0019F98C: 77190328-> 77190328     | ecx:&"444"
0F1 | 770E35AC | E8 BF5FFCFF              | call <ucrtbase._fileno>                 | esp: 19F98C-> 19F988                              | 0019F988: 77190328-> 770E35B1     |
0F2 | 770A9570 | 8BFF                     | mov edi,edi                             |                                                   |                                   |
0F3 | 770A9572 | 55                       | push ebp                                | esp: 19F988-> 19F984                              | 0019F984: 770E35B1-> 19F9A8       |
0F4 | 770A9573 | 8BEC                     | mov ebp,esp                             | ebp: 19F9A8-> 19F984                              |                                   |
0F5 | 770A9575 | 51                       | push ecx                                | esp: 19F984-> 19F980                              | 0019F980: 19F9A8-> 77190328       | ecx:&"444"
0F6 | 770A9576 | 8B45 08                  | mov eax,dword ptr ss:[ebp+8]            | eax: 19FEC0-> 77190328                            | 0019F98C: 77190328-> 77190328     | [ebp+08]:"%s"
0F7 | 770A9579 | 56                       | push esi                                | esp: 19F980-> 19F97C                              | 0019F97C: 77190328-> 77190328     | esi:&"E:\\新建文件夹11\\unicorn\\Emu\\Release\\Sample.vmp.exe"
0F8 | 770A957A | 57                       | push edi                                | esp: 19F97C-> 19F978                              | 0019F978: 77190328-> 77190328     | edi:&"ALLUSERSPROFILE=C:\\ProgramData"
0F9 | 770A957B | 85C0                     | test eax,eax                            | eflags: 246-> 206                                 |                                   | eax:&"\n\n"
0FA | 770A957D | 0F84 B2C50400            | je ucrtbase.770F5B35                    |                                                   |                                   |
0FB | 770A9583 | 8B40 10                  | mov eax,dword ptr ds:[eax+10]           | eax: 77190328-> 1                                 | 77190338: 1-> 1                   | eax:&"\n\n", eax+10:remainderf+13B20
0FC | 770A9586 | 90                       | nop                                     |                                                   |                                   |
0FD | 770A9587 | 5F                       | pop edi                                 | esp: 19F978-> 19F97C                              | 0019F978: 77190328-> 77190328     | edi:&"ALLUSERSPROFILE=C:\\ProgramData"
0FE | 770A9588 | 5E                       | pop esi                                 | esp: 19F97C-> 19F980                              | 0019F97C: 77190328-> 77190328     | esi:&"E:\\新建文件夹11\\unicorn\\Emu\\Release\\Sample.vmp.exe"
0FF | 770A9589 | 59                       | pop ecx                                 | esp: 19F980-> 19F984                              | 0019F980: 77190328-> 77190328     | ecx:&"444"
100 | 770A958A | 5D                       | pop ebp                                 | esp: 19F984-> 19F988 ebp: 19F984-> 19F9A8         | 0019F984: 19F9A8-> 19F9A8         |
101 | 770A958B | C3                       | ret                                     | esp: 19F988-> 19F98C                              | 0019F988: 770E35B1-> 770E35B1     |
102 | 770E35B1 | 59                       | pop ecx                                 | esp: 19F98C-> 19F990                              | 0019F98C: 77190328-> 77190328     | ecx:&"444"
103 | 770E35B2 | 50                       | push eax                                | esp: 19F990-> 19F98C                              | 0019F98C: 77190328-> 1            | eax:&"\n\n"
104 | 770E35B3 | E8 A85EFCFF              | call <ucrtbase._isatty>                 | esp: 19F98C-> 19F988                              | 0019F988: 1-> 770E35B8            |
105 | 770A9460 | 8BFF                     | mov edi,edi                             |                                                   |                                   |
106 | 770A9462 | 55                       | push ebp                                | esp: 19F988-> 19F984                              | 0019F984: 770E35B8-> 19F9A8       |
107 | 770A9463 | 8BEC                     | mov ebp,esp                             | ebp: 19F9A8-> 19F984                              |                                   |
108 | 770A9465 | 51                       | push ecx                                | esp: 19F984-> 19F980                              | 0019F980: 19F9A8-> 77190328       | ecx:&"444"
109 | 770A9466 | 8B4D 08                  | mov ecx,dword ptr ss:[ebp+8]            | ecx: 77190328-> 1                                 | 0019F98C: 1-> 1                   | [ebp+08]:"%s"
10A | 770A9469 | 56                       | push esi                                | esp: 19F980-> 19F97C                              | 0019F97C: 77190328-> 77190328     | esi:&"E:\\新建文件夹11\\unicorn\\Emu\\Release\\Sample.vmp.exe"
10B | 770A946A | 57                       | push edi                                | esp: 19F97C-> 19F978                              | 0019F978: 77190328-> 77190328     | edi:&"ALLUSERSPROFILE=C:\\ProgramData"
10C | 770A946B | 83F9 FE                  | cmp ecx,FFFFFFFE                        | eflags: 206-> 217                                 |                                   | ecx:&"444"
10D | 770A946E | 74 33                    | je ucrtbase.770A94A3                    |                                                   |                                   |
10E | 770A9470 | 85C9                     | test ecx,ecx                            | eflags: 217-> 202                                 |                                   | ecx:&"444"
10F | 770A9472 | 0F88 E2C50400            | js ucrtbase.770F5A5A                    |                                                   |                                   |
110 | 770A9478 | 3B0D 60151977            | cmp ecx,dword ptr ds:[77191560]         | eflags: 202-> 283                                 | 77191560: 40-> 40                 | ecx:&"444"
111 | 770A947E | 0F83 D6C50400            | jae ucrtbase.770F5A5A                   |                                                   |                                   |
112 | 770A9484 | 8BC1                     | mov eax,ecx                             |                                                   |                                   | eax:&"\n\n", ecx:&"444"
113 | 770A9486 | 83E1 3F                  | and ecx,3F                              | eflags: 283-> 202                                 |                                   | ecx:&"444"
114 | 770A9489 | C1F8 06                  | sar eax,6                               | eax: 1-> 0 eflags: 202-> 246                      |                                   | eax:&"\n\n"
115 | 770A948C | 6BC9 38                  | imul ecx,ecx,38                         | ecx: 1-> 38 eflags: 246-> 202                     |                                   | ecx:&"444"
116 | 770A948F | 8B0485 60131977          | mov eax,dword ptr ds:[eax*4+77191360]   | eax: 0-> C5C3A8                                   | 77191360: C5C3A8-> C5C3A8         | eax:&"\n\n"
117 | 770A9496 | 0FB64408 28              | movzx eax,byte ptr ds:[eax+ecx+28]      | eax: C5C3A8-> C1                                  | 00C5C408: A0A00C1-> A0A00C1       | eax:&"\n\n", eax+ecx*1+28:"yncOpenSession"
118 | 770A949B | 83E0 40                  | and eax,40                              | eax: C1-> 40                                      |                                   | eax:&"\n\n"
119 | 770A949E | 5F                       | pop edi                                 | esp: 19F978-> 19F97C                              | 0019F978: 77190328-> 77190328     | edi:&"ALLUSERSPROFILE=C:\\ProgramData"
11A | 770A949F | 5E                       | pop esi                                 | esp: 19F97C-> 19F980                              | 0019F97C: 77190328-> 77190328     | esi:&"E:\\新建文件夹11\\unicorn\\Emu\\Release\\Sample.vmp.exe"
11B | 770A94A0 | 59                       | pop ecx                                 | ecx: 38-> 77190328 esp: 19F980-> 19F984           | 0019F980: 77190328-> 77190328     | ecx:&"444"
11C | 770A94A1 | 5D                       | pop ebp                                 | esp: 19F984-> 19F988 ebp: 19F984-> 19F9A8         | 0019F984: 19F9A8-> 19F9A8         |
11D | 770A94A2 | C3                       | ret                                     | esp: 19F988-> 19F98C                              | 0019F988: 770E35B8-> 770E35B8     |
11E | 770E35B8 | 59                       | pop ecx                                 | ecx: 77190328-> 1 esp: 19F98C-> 19F990            | 0019F98C: 1-> 1                   | ecx:&"444"
11F | 770E35B9 | 85C0                     | test eax,eax                            |                                                   |                                   | eax:&"\n\n"
120 | 770E35BB | 75 04                    | jne ucrtbase.770E35C1                   |                                                   |                                   |
121 | 770E35C1 | B0 01                    | mov al,1                                | eax: 40-> 1                                       |                                   |
122 | 770E35C3 | 59                       | pop ecx                                 | ecx: 1-> 77190328 esp: 19F990-> 19F994            | 0019F990: 77190328-> 77190328     | ecx:&"444"
123 | 770E35C4 | C3                       | ret                                     | esp: 19F994-> 19F998                              | 0019F994: 770A93D5-> 770A93D5     |
124 | 770A93D5 | 84C0                     | test al,al                              |                                                   |                                   |
125 | 770A93D7 | 74 7A                    | je ucrtbase.770A9453                    |                                                   |                                   |
126 | 770A93D9 | 81FE 28031977            | cmp esi,ucrtbase.77190328               | eflags: 202-> 246                                 |                                   | esi:&"E:\\新建文件夹11\\unicorn\\Emu\\Release\\Sample.vmp.exe"
127 | 770A93DF | 75 07                    | jne ucrtbase.770A93E8                   |                                                   |                                   |
128 | 770A93E1 | BF C8161977              | mov edi,ucrtbase.771916C8               | edi: 77190328-> 771916C8                          |                                   | edi:&"ALLUSERSPROFILE=C:\\ProgramData"
129 | 770A93E6 | EB 0D                    | jmp ucrtbase.770A93F5                   |                                                   |                                   |
12A | 770A93F5 | 8B46 0C                  | mov eax,dword ptr ds:[esi+C]            | eax: 1-> 2002                                     | 77190334: 2002-> 2002             | eax:&"\n\n"
12B | 770A93F8 | 90                       | nop                                     |                                                   |                                   |
12C | 770A93F9 | A9 C0040000              | test eax,4C0                            |                                                   |                                   | eax:&"\n\n"
12D | 770A93FE | 75 53                    | jne ucrtbase.770A9453                   |                                                   |                                   |
12E | 770A9400 | 68 82020000              | push 282                                | esp: 19F998-> 19F994                              | 0019F994: 77190328-> 282          |
12F | 770A9405 | 8D4D FC                  | lea ecx,dword ptr ss:[ebp-4]            | ecx: 77190328-> 19F9A4                            |                                   | [ebp-04]:&"444"
130 | 770A9408 | E8 8AF5FFFF              | call ucrtbase.770A8997                  | esp: 19F994-> 19F990                              | 0019F990: 282-> 770A940D          |
131 | 770A8997 | 8BFF                     | mov edi,edi                             |                                                   |                                   |
132 | 770A8999 | 55                       | push ebp                                | esp: 19F990-> 19F98C                              | 0019F98C: 770A940D-> 19F9A8       |
133 | 770A899A | 8BEC                     | mov ebp,esp                             | ebp: 19F9A8-> 19F98C                              |                                   |
134 | 770A899C | 8B11                     | mov edx,dword ptr ds:[ecx]              | edx: 266000-> 77190328                            | 0019F9A4: 77190328-> 77190328     | edx:"%s", [ecx]:"444"
135 | 770A899E | 56                       | push esi                                | esp: 19F98C-> 19F988                              | 0019F988: 19F9A8-> 77190328       | esi:&"E:\\新建文件夹11\\unicorn\\Emu\\Release\\Sample.vmp.exe"
136 | 770A899F | 8B75 08                  | mov esi,dword ptr ss:[ebp+8]            | esi: 77190328-> 282                               | 0019F994: 282-> 282               | [ebp+08]:"%s"
137 | 770A89A2 | 83C2 0C                  | add edx,C                               | edx: 77190328-> 77190334 eflags: 246-> 212        |                                   | edx:"%s"
138 | 770A89A5 | 8B02                     | mov eax,dword ptr ds:[edx]              |                                                   | 77190334: 2002-> 2002             | eax:&"\n\n", edx:"%s"
139 | 770A89A7 | 8BC8                     | mov ecx,eax                             | ecx: 19F9A4-> 2002                                |                                   | ecx:&"444", eax:&"\n\n"
13A | 770A89A9 | 0BCE                     | or ecx,esi                              | ecx: 2002-> 2282 eflags: 212-> 206                |                                   | ecx:&"444", esi:&"E:\\新建文件夹11\\unicorn\\Emu\\Release\\Sample.vmp.exe"
13B | 770A89AB | F0:0FB10A                | lock cmpxchg dword ptr ds:[edx],ecx     | eflags: 206-> 246                                 | 77190334: 2002-> 2282             | edx:"%s", ecx:&"444"
13C | 770A89AF | 75 F6                    | jne ucrtbase.770A89A7                   |                                                   |                                   |
13D | 770A89B1 | 85C6                     | test esi,eax                            | eflags: 246-> 202                                 |                                   | esi:&"E:\\新建文件夹11\\unicorn\\Emu\\Release\\Sample.vmp.exe", eax:&"\n\n"
13E | 770A89B3 | 5E                       | pop esi                                 | esp: 19F988-> 19F98C esi: 282-> 77190328          | 0019F988: 77190328-> 77190328     | esi:&"E:\\新建文件夹11\\unicorn\\Emu\\Release\\Sample.vmp.exe"
13F | 770A89B4 | 0F95C0                   | setne al                                | eax: 2002-> 2001                                  |                                   |
140 | 770A89B7 | 5D                       | pop ebp                                 | esp: 19F98C-> 19F990 ebp: 19F98C-> 19F9A8         | 0019F98C: 19F9A8-> 19F9A8         |
141 | 770A89B8 | C2 0400                  | ret 4                                   | esp: 19F990-> 19F998                              | 0019F990: 770A940D-> 770A940D     |
142 | 770A940D | 8B07                     | mov eax,dword ptr ds:[edi]              | eax: 2001-> C62048                                | 771916C8: C62048-> C62048         | eax:&"\n\n", [edi]:"ALLUSERSPROFILE=C:\\ProgramData"
143 | 770A940F | BB 00100000              | mov ebx,1000                            | ebx: 263000-> 1000                                |                                   |
144 | 770A9414 | 85C0                     | test eax,eax                            | eflags: 202-> 206                                 |                                   | eax:&"\n\n"
145 | 770A9416 | 75 2C                    | jne ucrtbase.770A9444                   |                                                   |                                   |
146 | 770A9444 | 8946 04                  | mov dword ptr ds:[esi+4],eax            |                                                   | 7719032C: 0-> C62048              | eax:&"\n\n"
147 | 770A9447 | 8B07                     | mov eax,dword ptr ds:[edi]              |                                                   | 771916C8: C62048-> C62048         | eax:&"\n\n", [edi]:"ALLUSERSPROFILE=C:\\ProgramData"
148 | 770A9449 | 8906                     | mov dword ptr ds:[esi],eax              |                                                   | 77190328: 0-> C62048              | [esi]:"E:\\新建文件夹11\\unicorn\\Emu\\Release\\Sample.vmp.exe", eax:&"\n\n"
149 | 770A944B | 895E 08                  | mov dword ptr ds:[esi+8],ebx            |                                                   | 77190330: 0-> 1000                | esi+08:"E:\\新建文件夹11\\unicorn\\Emu\\Release\\Sample.vmp.exe"
14A | 770A944E | 895E 18                  | mov dword ptr ds:[esi+18],ebx           |                                                   | 77190340: 0-> 1000                | esi+18:"unicorn\\Emu\\Release\\Sample.vmp.exe"
14B | 770A9451 | EB ED                    | jmp ucrtbase.770A9440                   |                                                   |                                   |
14C | 770A9440 | B0 01                    | mov al,1                                | eax: C62048-> C62001                              |                                   |
14D | 770A9442 | EB 11                    | jmp ucrtbase.770A9455                   |                                                   |                                   |
14E | 770A9455 | 5F                       | pop edi                                 | esp: 19F998-> 19F99C edi: 771916C8-> 77190328     | 0019F998: 77190328-> 77190328     | edi:&"ALLUSERSPROFILE=C:\\ProgramData"
14F | 770A9456 | 5E                       | pop esi                                 | esp: 19F99C-> 19F9A0 esi: 77190328-> 19FEA0       | 0019F99C: 19FEA0-> 19FEA0         | esi:&"E:\\新建文件夹11\\unicorn\\Emu\\Release\\Sample.vmp.exe"
150 | 770A9457 | 5B                       | pop ebx                                 | ebx: 1000-> 263000 esp: 19F9A0-> 19F9A4           | 0019F9A0: 263000-> 263000         |
151 | 770A9458 | C9                       | leave                                   | esp: 19F9A4-> 19F9AC ebp: 19F9A8-> 19FE4C         | 0019F9A8: 19FE4C-> 19FE4C         |
152 | 770A9459 | C3                       | ret                                     | esp: 19F9AC-> 19F9B0                              | 0019F9AC: 770A4758-> 770A4758     |
153 | 770A4758 | 8B56 04                  | mov edx,dword ptr ds:[esi+4]            | edx: 77190334-> 19FED4                            | 0019FEA4: 19FED4-> 19FED4         | edx:"%s"
154 | 770A475B | 8D4C24 28                | lea ecx,dword ptr ss:[esp+28]           | ecx: 2282-> 19F9D8                                |                                   |
155 | 770A475F | 8AD8                     | mov bl,al                               | ebx: 263000-> 263001                              |                                   |
156 | 770A4761 | FF32                     | push dword ptr ds:[edx]                 | esp: 19F9B0-> 19F9AC                              | 0019FED4: 0-> 0 0019F9AC: C5FB48- | edx:"%s"
157 | 770A4763 | E8 D8030100              | call ucrtbase.770B4B40                  | esp: 19F9AC-> 19F9A8                              | 0019F9A8: 0-> 770A4768            |
158 | 770B4B40 | 8BFF                     | mov edi,edi                             |                                                   |                                   |
159 | 770B4B42 | 55                       | push ebp                                | esp: 19F9A8-> 19F9A4                              | 0019F9A4: 770A4768-> 19FE4C       |
15A | 770B4B43 | 8BEC                     | mov ebp,esp                             | ebp: 19FE4C-> 19F9A4                              |                                   |
15B | 770B4B45 | 53                       | push ebx                                | esp: 19F9A4-> 19F9A0                              | 0019F9A0: 19FE4C-> 263001         |
15C | 770B4B46 | 56                       | push esi                                | esp: 19F9A0-> 19F99C                              | 0019F99C: 263001-> 19FEA0         | esi:&"E:\\新建文件夹11\\unicorn\\Emu\\Release\\Sample.vmp.exe"
15D | 770B4B47 | 57                       | push edi                                | esp: 19F99C-> 19F998                              | 0019F998: 19FEA0-> 77190328       | edi:&"ALLUSERSPROFILE=C:\\ProgramData"
15E | 770B4B48 | 8BF9                     | mov edi,ecx                             | edi: 77190328-> 19F9D8                            |                                   | edi:&"ALLUSERSPROFILE=C:\\ProgramData", ecx:&"444"
15F | 770B4B4A | 8B4D 08                  | mov ecx,dword ptr ss:[ebp+8]            | ecx: 19F9D8-> 0                                   | 0019F9AC: 0-> 0                   | [ebp+08]:"%s"
160 | 770B4B4D | C647 0C 00               | mov byte ptr ds:[edi+C],0               |                                                   | 0019F9E4: 0-> 0                   | edi+0C:&"CLASS_PATH=.;C:\\Program Files\\Java\\jdk-11.0.14\\lib\\dt.jar;C:\\Program Files\\Java\\jdk-11.0.14\\lib\\tools.jar;"
161 | 770B4B51 | 8D5F 04                  | lea ebx,dword ptr ds:[edi+4]            | ebx: 263001-> 19F9DC                              |                                   | [edi+04]:"APPDATA=C:\\Users\\cdl15\\AppData\\Roaming"
162 | 770B4B54 | 85C9                     | test ecx,ecx                            | eflags: 206-> 246                                 |                                   | ecx:&"444"
163 | 770B4B56 | 74 13                    | je ucrtbase.770B4B6B                    |                                                   |                                   |
164 | 770B4B6B | 833D 201C1977 00         | cmp dword ptr ds:[77191C20],0           |                                                   | 77191C20: 0-> 0                   |
165 | 770B4B72 | 75 18                    | jne ucrtbase.770B4B8C                   |                                                   |                                   |
166 | 770B4B74 | A1 50001977              | mov eax,dword ptr ds:[77190050]         | eax: C62001-> 77190060                            | 77190050: 77190060-> 77190060     | eax:&"\n\n"
167 | 770B4B79 | 8903                     | mov dword ptr ds:[ebx],eax              |                                                   | 0019F9DC: 77190060-> 77190060     | eax:&"\n\n"
168 | 770B4B7B | A1 54001977              | mov eax,dword ptr ds:[77190054]         | eax: 77190060-> C5D3D8                            | 77190054: C5D3D8-> C5D3D8         | eax:&"\n\n"
169 | 770B4B80 | 8943 04                  | mov dword ptr ds:[ebx+4],eax            |                                                   | 0019F9E0: C5D3D8-> C5D3D8         | eax:&"\n\n"
16A | 770B4B83 | 8BC7                     | mov eax,edi                             | eax: C5D3D8-> 19F9D8                              |                                   | eax:&"\n\n", edi:&"ALLUSERSPROFILE=C:\\ProgramData"
16B | 770B4B85 | 5F                       | pop edi                                 | esp: 19F998-> 19F99C edi: 19F9D8-> 77190328       | 0019F998: 77190328-> 77190328     | edi:&"ALLUSERSPROFILE=C:\\ProgramData"
16C | 770B4B86 | 5E                       | pop esi                                 | esp: 19F99C-> 19F9A0                              | 0019F99C: 19FEA0-> 19FEA0         | esi:&"E:\\新建文件夹11\\unicorn\\Emu\\Release\\Sample.vmp.exe"
16D | 770B4B87 | 5B                       | pop ebx                                 | ebx: 19F9DC-> 263001 esp: 19F9A0-> 19F9A4         | 0019F9A0: 263001-> 263001         |
16E | 770B4B88 | 5D                       | pop ebp                                 | esp: 19F9A4-> 19F9A8 ebp: 19F9A4-> 19FE4C         | 0019F9A4: 19FE4C-> 19FE4C         |
16F | 770B4B89 | C2 0400                  | ret 4                                   | esp: 19F9A8-> 19F9B0                              | 0019F9A8: 770A4768-> 770A4768     |
170 | 770A4768 | 8B0E                     | mov ecx,dword ptr ds:[esi]              | ecx: 0-> 19FEC0                                   | 0019FEA0: 19FEC0-> 19FEC0         | ecx:&"444", [esi]:"E:\\新建文件夹11\\unicorn\\Emu\\Release\\Sample.vmp.exe"
171 | 770A476A | 8D4424 2C                | lea eax,dword ptr ss:[esp+2C]           | eax: 19F9D8-> 19F9DC                              |                                   | [esp+2C]:__scrt_common_main_seh+FA
172 | 770A476E | 894424 14                | mov dword ptr ss:[esp+14],eax           |                                                   | 0019F9C4: 19F9DC-> 19F9DC         | [esp+14]:&"444"
173 | 770A4772 | 8B46 0C                  | mov eax,dword ptr ds:[esi+C]            | eax: 19F9DC-> 19FEBC                              | 0019FEAC: 19FEBC-> 19FEBC         | eax:&"\n\n"
174 | 770A4775 | 8B09                     | mov ecx,dword ptr ds:[ecx]              | ecx: 19FEC0-> 77190328                            | 0019FEC0: 77190328-> 77190328     | ecx:&"444", [ecx]:"444"
175 | 770A4777 | 894C24 1C                | mov dword ptr ss:[esp+1C],ecx           |                                                   | 0019F9CC: 77190328-> 77190328     | [esp+1C]:__dyn_tls_init_callback+1AE383
176 | 770A477B | 8B4E 10                  | mov ecx,dword ptr ds:[esi+10]           | ecx: 77190328-> 19FED8                            | 0019FEB0: 19FED8-> 19FED8         | ecx:&"444"
177 | 770A477E | 8B00                     | mov eax,dword ptr ds:[eax]              | eax: 19FEBC-> 402104                              | 0019FEBC: 402104-> 402104         | eax:&"\n\n", [eax]:"\n\n"
178 | 770A4780 | 894424 18                | mov dword ptr ss:[esp+18],eax           |                                                   | 0019F9C8: 402104-> 402104         |
179 | 770A4784 | 8B09                     | mov ecx,dword ptr ds:[ecx]              | ecx: 19FED8-> 19FF28                              | 0019FED8: 19FF28-> 19FF28         | ecx:&"444", [ecx]:"444"
17A | 770A4786 | 894C24 10                | mov dword ptr ss:[esp+10],ecx           |                                                   | 0019F9C0: 19FF28-> 19FF28         |
17B | 770A478A | 8B4E 08                  | mov ecx,dword ptr ds:[esi+8]            | ecx: 19FF28-> 19FECC                              | 0019FEA8: 19FECC-> 19FECC         | ecx:&"444", esi+08:"E:\\新建文件夹11\\unicorn\\Emu\\Release\\Sample.vmp.exe"
17C | 770A478D | 8B01                     | mov eax,dword ptr ds:[ecx]              | eax: 402104-> 24                                  | 0019FECC: 24-> 24                 | eax:&"\n\n", [ecx]:"444"
17D | 770A478F | 894424 20                | mov dword ptr ss:[esp+20],eax           |                                                   | 0019F9D0: 24-> 24                 | [esp+20]:"%s"
17E | 770A4793 | 8B41 04                  | mov eax,dword ptr ds:[ecx+4]            | eax: 24-> 0                                       | 0019FED0: 0-> 0                   | eax:&"\n\n"
17F | 770A4796 | 8D4C24 38                | lea ecx,dword ptr ss:[esp+38]           | ecx: 19FECC-> 19F9E8                              |                                   | [esp+38]:&"ALLUSERSPROFILE=C:\\ProgramData"
180 | 770A479A | 894424 24                | mov dword ptr ss:[esp+24],eax           |                                                   | 0019F9D4: 0-> 0                   | [esp+24]:"444"
181 | 770A479E | 8D4424 10                | lea eax,dword ptr ss:[esp+10]           | eax: 0-> 19F9C0                                   |                                   |
182 | 770A47A2 | 50                       | push eax                                | esp: 19F9B0-> 19F9AC                              | 0019F9AC: C5FB48-> 19F9C0         | eax:&"\n\n"
183 | 770A47A3 | 8D4424 18                | lea eax,dword ptr ss:[esp+18]           | eax: 19F9C0-> 19F9C4                              |                                   |
184 | 770A47A7 | 50                       | push eax                                | esp: 19F9AC-> 19F9A8                              | 0019F9A8: 19F9C0-> 19F9C4         | eax:&"\n\n"
185 | 770A47A8 | 8D4424 20                | lea eax,dword ptr ss:[esp+20]           | eax: 19F9C4-> 19F9C8                              |                                   | [esp+20]:"%s"
186 | 770A47AC | 50                       | push eax                                | esp: 19F9A8-> 19F9A4                              | 0019F9A4: 19F9C4-> 19F9C8         | eax:&"\n\n"
187 | 770A47AD | 8D4424 2C                | lea eax,dword ptr ss:[esp+2C]           | eax: 19F9C8-> 19F9D0                              |                                   | [esp+2C]:__scrt_common_main_seh+FA
188 | 770A47B1 | 50                       | push eax                                | esp: 19F9A4-> 19F9A0                              | 0019F9A0: 19F9C8-> 19F9D0         | eax:&"\n\n"
189 | 770A47B2 | 8D4424 2C                | lea eax,dword ptr ss:[esp+2C]           | eax: 19F9D0-> 19F9CC                              |                                   | [esp+2C]:__scrt_common_main_seh+FA
18A | 770A47B6 | 50                       | push eax                                | esp: 19F9A0-> 19F99C                              | 0019F99C: 19F9D0-> 19F9CC         | eax:&"\n\n"
18B | 770A47B7 | E8 50000000              | call ucrtbase.770A480C                  | esp: 19F99C-> 19F998                              | 0019F998: 19F9CC-> 770A47BC       |
18C | 770A480C | 8BFF                     | mov edi,edi                             |                                                   |                                   |
18D | 770A480E | 55                       | push ebp                                | esp: 19F998-> 19F994                              | 0019F994: 770A47BC-> 19FE4C       |
18E | 770A480F | 8BEC                     | mov ebp,esp                             | ebp: 19FE4C-> 19F994                              |                                   |
18F | 770A4811 | 51                       | push ecx                                | esp: 19F994-> 19F990                              | 0019F990: 19FE4C-> 19F9E8         | ecx:&"444"
190 | 770A4812 | 8B45 18                  | mov eax,dword ptr ss:[ebp+18]           | eax: 19F9CC-> 19F9C0                              | 0019F9AC: 19F9C0-> 19F9C0         |
191 | 770A4815 | 53                       | push ebx                                | esp: 19F990-> 19F98C                              | 0019F98C: 19F9E8-> 263001         |
192 | 770A4816 | 56                       | push esi                                | esp: 19F98C-> 19F988                              | 0019F988: 263001-> 19FEA0         | esi:&"E:\\新建文件夹11\\unicorn\\Emu\\Release\\Sample.vmp.exe"
193 | 770A4817 | 57                       | push edi                                | esp: 19F988-> 19F984                              | 0019F984: 19FEA0-> 77190328       | edi:&"ALLUSERSPROFILE=C:\\ProgramData"
194 | 770A4818 | 8B00                     | mov eax,dword ptr ds:[eax]              | eax: 19F9C0-> 19FF28                              | 0019F9C0: 19FF28-> 19FF28         | eax:&"\n\n", [eax]:"\n\n"
195 | 770A481A | 8945 FC                  | mov dword ptr ss:[ebp-4],eax            |                                                   | 0019F990: 19F9E8-> 19FF28         | [ebp-04]:&"444"
196 | 770A481D | 8B45 14                  | mov eax,dword ptr ss:[ebp+14]           | eax: 19FF28-> 19F9C4                              | 0019F9A8: 19F9C4-> 19F9C4         | [ebp+14]:__scrt_common_main_seh+FA
197 | 770A4820 | 8B18                     | mov ebx,dword ptr ds:[eax]              | ebx: 263001-> 19F9DC                              | 0019F9C4: 19F9DC-> 19F9DC         | [eax]:"\n\n"
198 | 770A4822 | 8B45 10                  | mov eax,dword ptr ss:[ebp+10]           | eax: 19F9C4-> 19F9C8                              | 0019F9A4: 19F9C8-> 19F9C8         |
199 | 770A4825 | 8B38                     | mov edi,dword ptr ds:[eax]              | edi: 77190328-> 402104                            | 0019F9C8: 402104-> 402104         | edi:&"ALLUSERSPROFILE=C:\\ProgramData", [eax]:"\n\n"
19A | 770A4827 | 8B45 0C                  | mov eax,dword ptr ss:[ebp+C]            | eax: 19F9C8-> 19F9D0                              | 0019F9A0: 19F9D0-> 19F9D0         | [ebp+0C]:"444"
19B | 770A482A | 8B10                     | mov edx,dword ptr ds:[eax]              | edx: 19FED4-> 24                                  | 0019F9D0: 24-> 24                 | edx:"%s", [eax]:"\n\n"
19C | 770A482C | 8B70 04                  | mov esi,dword ptr ds:[eax+4]            | esi: 19FEA0-> 0                                   | 0019F9D4: 0-> 0                   | esi:&"E:\\新建文件夹11\\unicorn\\Emu\\Release\\Sample.vmp.exe", [eax+04]:"444\n\n"
19D | 770A482F | E8 347B0000              | call ucrtbase.770AC368                  | esp: 19F984-> 19F980                              | 0019F980: 77190328-> 770A4834     |
19E | 770AC368 | 33C0                     | xor eax,eax                             | eax: 19F9D0-> 0                                   |                                   | eax:&"\n\n"
19F | 770AC36A | 8901                     | mov dword ptr ds:[ecx],eax              |                                                   | 0019F9E8: 24-> 0                  | [ecx]:"444", eax:&"\n\n"
1A0 | 770AC36C | 8941 04                  | mov dword ptr ds:[ecx+4],eax            |                                                   | 0019F9EC: 0-> 0                   | eax:&"\n\n"
1A1 | 770AC36F | 8941 08                  | mov dword ptr ds:[ecx+8],eax            |                                                   | 0019F9F0: 19F9DC-> 0              | [ecx+08]:__scrt_common_main_seh+FA, eax:&"\n\n"
1A2 | 770AC372 | 8941 0C                  | mov dword ptr ds:[ecx+C],eax            |                                                   | 0019F9F4: 0-> 0                   | eax:&"\n\n"
1A3 | 770AC375 | 8941 10                  | mov dword ptr ds:[ecx+10],eax           |                                                   | 0019F9F8: 40210A-> 0              | [ecx+10]:&"E:\\新建文件夹11\\unicorn\\Emu\\Release\\Sample.vmp.exe", eax:&"\n\n"
1A4 | 770AC378 | 8941 14                  | mov dword ptr ds:[ecx+14],eax           |                                                   | 0019F9FC: 19FF28-> 0              | [ecx+14]:&"ALLUSERSPROFILE=C:\\ProgramData", eax:&"\n\n"
1A5 | 770AC37B | 8941 18                  | mov dword ptr ds:[ecx+18],eax           |                                                   | 0019FA00: 5-> 0                   | eax:&"\n\n"
1A6 | 770AC37E | 8941 1C                  | mov dword ptr ds:[ecx+1C],eax           |                                                   | 0019FA04: 0-> 0                   | [ecx+1C]:__dyn_tls_init_callback+75A56B, eax:&"\n\n"
1A7 | 770AC381 | 8941 20                  | mov dword ptr ds:[ecx+20],eax           |                                                   | 0019FA08: 0-> 0                   | [ecx+20]:__dyn_tls_init_callback+75A56B, eax:&"\n\n"
1A8 | 770AC384 | 8941 24                  | mov dword ptr ds:[ecx+24],eax           |                                                   | 0019FA0C: 0-> 0                   | eax:&"\n\n"
1A9 | 770AC387 | 8941 28                  | mov dword ptr ds:[ecx+28],eax           |                                                   | 0019FA10: 0-> 0                   | eax:&"\n\n"
1AA | 770AC38A | 66:8941 30               | mov word ptr ds:[ecx+30],ax             |                                                   | 0019FA18: 400000-> 400000         | ecx+30:"?d"
1AB | 770AC38E | 8941 38                  | mov dword ptr ds:[ecx+38],eax           |                                                   | 0019FA20: 0-> 0                   | eax:&"\n\n"
1AC | 770AC391 | 8841 3C                  | mov byte ptr ds:[ecx+3C],al             |                                                   | 0019FA24: 0-> 0                   |
1AD | 770AC394 | 8981 40040000            | mov dword ptr ds:[ecx+440],eax          |                                                   | 0019FE28: 1-> 0                   | [ecx+440]:__dyn_tls_init_callback+23C826, eax:&"\n\n"
1AE | 770AC39A | 8981 44040000            | mov dword ptr ds:[ecx+444],eax          |                                                   | 0019FE2C: 263000-> 0              | [ecx+444]:__dyn_tls_init_callback+36C827, eax:&"\n\n"
1AF | 770AC3A0 | 8BC1                     | mov eax,ecx                             | eax: 0-> 19F9E8                                   |                                   | eax:&"\n\n", ecx:&"444"
1B0 | 770AC3A2 | C3                       | ret                                     | esp: 19F980-> 19F984                              | 0019F980: 770A4834-> 770A4834     |
1B1 | 770A4834 | 8B45 08                  | mov eax,dword ptr ss:[ebp+8]            | eax: 19F9E8-> 19F9CC                              | 0019F99C: 19F9CC-> 19F9CC         | [ebp+08]:"%s"
1B2 | 770A4837 | 8B00                     | mov eax,dword ptr ds:[eax]              | eax: 19F9CC-> 77190328                            | 0019F9CC: 77190328-> 77190328     | eax:&"\n\n", [eax]:"\n\n"
1B3 | 770A4839 | 83A1 50040000 00         | and dword ptr ds:[ecx+450],0            |                                                   | 0019FE38: 1-> 0                   | [ecx+450]:__dyn_tls_init_callback+33C82B
1B4 | 770A4840 | 8979 10                  | mov dword ptr ds:[ecx+10],edi           |                                                   | 0019F9F8: 0-> 402104              | [ecx+10]:&"E:\\新建文件夹11\\unicorn\\Emu\\Release\\Sample.vmp.exe", edi:&"ALLUSERSPROFILE=C:\\ProgramData"
1B5 | 770A4843 | 5F                       | pop edi                                 | esp: 19F984-> 19F988 edi: 402104-> 77190328       | 0019F984: 77190328-> 77190328     | edi:&"ALLUSERSPROFILE=C:\\ProgramData"
1B6 | 770A4844 | 8981 48040000            | mov dword ptr ds:[ecx+448],eax          |                                                   | 0019FE30: 19FDC4-> 77190328       | ecx+448:L"s.SystemCompatible,processorArchitecture=\"x86\",publicKeyToken=\"6595b64144ccf1df\",type=\"win32\",version=\"6.0.19041.1\"System Default Context", eax:&"\n\n"
1B7 | 770A484A | 8B45 FC                  | mov eax,dword ptr ss:[ebp-4]            | eax: 77190328-> 19FF28                            | 0019F990: 19FF28-> 19FF28         | [ebp-04]:&"444"
1B8 | 770A484D | 8971 04                  | mov dword ptr ds:[ecx+4],esi            |                                                   | 0019F9EC: 0-> 0                   | esi:&"E:\\新建文件夹11\\unicorn\\Emu\\Release\\Sample.vmp.exe"
1B9 | 770A4850 | 5E                       | pop esi                                 | esp: 19F988-> 19F98C esi: 0-> 19FEA0              | 0019F988: 19FEA0-> 19FEA0         | esi:&"E:\\新建文件夹11\\unicorn\\Emu\\Release\\Sample.vmp.exe"
1BA | 770A4851 | 8959 08                  | mov dword ptr ds:[ecx+8],ebx            |                                                   | 0019F9F0: 0-> 19F9DC              | [ecx+08]:__scrt_common_main_seh+FA
1BB | 770A4854 | 8941 14                  | mov dword ptr ds:[ecx+14],eax           |                                                   | 0019F9FC: 0-> 19FF28              | [ecx+14]:&"ALLUSERSPROFILE=C:\\ProgramData", eax:&"\n\n"
1BC | 770A4857 | 8BC1                     | mov eax,ecx                             | eax: 19FF28-> 19F9E8                              |                                   | eax:&"\n\n", ecx:&"444"
1BD | 770A4859 | 8911                     | mov dword ptr ds:[ecx],edx              |                                                   | 0019F9E8: 0-> 24                  | [ecx]:"444", edx:"%s"
1BE | 770A485B | 5B                       | pop ebx                                 | ebx: 19F9DC-> 263001 esp: 19F98C-> 19F990         | 0019F98C: 263001-> 263001         |
1BF | 770A485C | C9                       | leave                                   | esp: 19F990-> 19F998 ebp: 19F994-> 19FE4C         | 0019F994: 19FE4C-> 19FE4C         |
1C0 | 770A485D | C2 1400                  | ret 14                                  | esp: 19F998-> 19F9B0                              | 0019F998: 770A47BC-> 770A47BC     |
1C1 | 770A47BC | E8 A7100000              | call ucrtbase.770A5868                  | esp: 19F9B0-> 19F9AC                              | 0019F9AC: C5FB48-> 770A47C1       |
1C2 | 770A5868 | 8BFF                     | mov edi,edi                             |                                                   |                                   |
1C3 | 770A586A | 55                       | push ebp                                | esp: 19F9AC-> 19F9A8                              | 0019F9A8: 770A47C1-> 19FE4C       |
1C4 | 770A586B | 8BEC                     | mov ebp,esp                             | ebp: 19FE4C-> 19F9A8                              |                                   |
1C5 | 770A586D | 83EC 0C                  | sub esp,C                               | esp: 19F9A8-> 19F99C eflags: 246-> 216            |                                   |
1C6 | 770A5870 | 53                       | push ebx                                | esp: 19F99C-> 19F998                              | 0019F998: 19F9CC-> 263001         |
1C7 | 770A5871 | 56                       | push esi                                | esp: 19F998-> 19F994                              | 0019F994: 263001-> 19FEA0         | esi:&"E:\\新建文件夹11\\unicorn\\Emu\\Release\\Sample.vmp.exe"
1C8 | 770A5872 | 8BF1                     | mov esi,ecx                             | esi: 19FEA0-> 19F9E8                              |                                   | esi:&"E:\\新建文件夹11\\unicorn\\Emu\\Release\\Sample.vmp.exe", ecx:&"444"
1C9 | 770A5874 | 57                       | push edi                                | esp: 19F994-> 19F990                              | 0019F990: 19FEA0-> 77190328       | edi:&"ALLUSERSPROFILE=C:\\ProgramData"
1CA | 770A5875 | 8D8E 48040000            | lea ecx,dword ptr ds:[esi+448]          | ecx: 19F9E8-> 19FE30                              |                                   | ecx:&"444"
1CB | 770A587B | E8 E0EFFFFF              | call ucrtbase.770A4860                  | esp: 19F990-> 19F98C                              | 0019F98C: 77190328-> 770A5880     |
1CC | 770A4860 | 8BFF                     | mov edi,edi                             |                                                   |                                   |
1CD | 770A4862 | 51                       | push ecx                                | esp: 19F98C-> 19F988                              | 0019F988: 770A5880-> 19FE30       | ecx:&"444"
1CE | 770A4863 | 8B09                     | mov ecx,dword ptr ds:[ecx]              | ecx: 19FE30-> 77190328                            | 0019FE30: 77190328-> 77190328     | ecx:&"444", [ecx]:"444"
1CF | 770A4865 | 56                       | push esi                                | esp: 19F988-> 19F984                              | 0019F984: 19FE30-> 19F9E8         | esi:&"E:\\新建文件夹11\\unicorn\\Emu\\Release\\Sample.vmp.exe"
1D0 | 770A4866 | 57                       | push edi                                | esp: 19F984-> 19F980                              | 0019F980: 19F9E8-> 77190328       | edi:&"ALLUSERSPROFILE=C:\\ProgramData"
1D1 | 770A4867 | 85C9                     | test ecx,ecx                            | eflags: 216-> 206                                 |                                   | ecx:&"444"
1D2 | 770A4869 | 0F84 95C10400            | je ucrtbase.770F0A04                    |                                                   |                                   |
1D3 | 770A486F | E8 04000000              | call ucrtbase.770A4878                  | esp: 19F980-> 19F97C                              | 0019F97C: 77190328-> 770A4874     |
1D4 | 770A4878 | 8B41 0C                  | mov eax,dword ptr ds:[ecx+C]            | eax: 19F9E8-> 2282                                | 77190334: 2282-> 2282             | eax:&"\n\n"
1D5 | 770A487B | 53                       | push ebx                                | esp: 19F97C-> 19F978                              | 0019F978: 770A4874-> 263001       |
1D6 | 770A487C | 56                       | push esi                                | esp: 19F978-> 19F974                              | 0019F974: 263001-> 19F9E8         | esi:&"E:\\新建文件夹11\\unicorn\\Emu\\Release\\Sample.vmp.exe"
1D7 | 770A487D | 57                       | push edi                                | esp: 19F974-> 19F970                              | 0019F970: 19F9E8-> 77190328       | edi:&"ALLUSERSPROFILE=C:\\ProgramData"
1D8 | 770A487E | 90                       | nop                                     |                                                   |                                   |
1D9 | 770A487F | A9 00100000              | test eax,1000                           | eflags: 206-> 246                                 |                                   | eax:&"\n\n"
1DA | 770A4884 | 75 41                    | jne ucrtbase.770A48C7                   |                                                   |                                   |
1DB | 770A4886 | 51                       | push ecx                                | esp: 19F970-> 19F96C                              | 0019F96C: 77190328-> 77190328     | ecx:&"444"
1DC | 770A4887 | E8 E44C0000              | call <ucrtbase._fileno>                 | esp: 19F96C-> 19F968                              | 0019F968: 77190328-> 770A488C     |
1DD | 770A9570 | 8BFF                     | mov edi,edi                             |                                                   |                                   |
1DE | 770A9572 | 55                       | push ebp                                | esp: 19F968-> 19F964                              | 0019F964: 770A488C-> 19F9A8       |
1DF | 770A9573 | 8BEC                     | mov ebp,esp                             | ebp: 19F9A8-> 19F964                              |                                   |
1E0 | 770A9575 | 51                       | push ecx                                | esp: 19F964-> 19F960                              | 0019F960: 19F9A8-> 77190328       | ecx:&"444"
1E1 | 770A9576 | 8B45 08                  | mov eax,dword ptr ss:[ebp+8]            | eax: 2282-> 77190328                              | 0019F96C: 77190328-> 77190328     | [ebp+08]:"%s"
1E2 | 770A9579 | 56                       | push esi                                | esp: 19F960-> 19F95C                              | 0019F95C: 77190328-> 19F9E8       | esi:&"E:\\新建文件夹11\\unicorn\\Emu\\Release\\Sample.vmp.exe"
1E3 | 770A957A | 57                       | push edi                                | esp: 19F95C-> 19F958                              | 0019F958: 19F9E8-> 77190328       | edi:&"ALLUSERSPROFILE=C:\\ProgramData"
1E4 | 770A957B | 85C0                     | test eax,eax                            | eflags: 246-> 206                                 |                                   | eax:&"\n\n"
1E5 | 770A957D | 0F84 B2C50400            | je ucrtbase.770F5B35                    |                                                   |                                   |
1E6 | 770A9583 | 8B40 10                  | mov eax,dword ptr ds:[eax+10]           | eax: 77190328-> 1                                 | 77190338: 1-> 1                   | eax:&"\n\n", eax+10:remainderf+13B20
1E7 | 770A9586 | 90                       | nop                                     |                                                   |                                   |
1E8 | 770A9587 | 5F                       | pop edi                                 | esp: 19F958-> 19F95C                              | 0019F958: 77190328-> 77190328     | edi:&"ALLUSERSPROFILE=C:\\ProgramData"
1E9 | 770A9588 | 5E                       | pop esi                                 | esp: 19F95C-> 19F960                              | 0019F95C: 19F9E8-> 19F9E8         | esi:&"E:\\新建文件夹11\\unicorn\\Emu\\Release\\Sample.vmp.exe"
1EA | 770A9589 | 59                       | pop ecx                                 | esp: 19F960-> 19F964                              | 0019F960: 77190328-> 77190328     | ecx:&"444"
1EB | 770A958A | 5D                       | pop ebp                                 | esp: 19F964-> 19F968 ebp: 19F964-> 19F9A8         | 0019F964: 19F9A8-> 19F9A8         |
1EC | 770A958B | C3                       | ret                                     | esp: 19F968-> 19F96C                              | 0019F968: 770A488C-> 770A488C     |
1ED | 770A488C | 59                       | pop ecx                                 | esp: 19F96C-> 19F970                              | 0019F96C: 77190328-> 77190328     | ecx:&"444"
1EE | 770A488D | 83CB FF                  | or ebx,FFFFFFFF                         | ebx: 263001-> FFFFFFFF eflags: 206-> 286          |                                   |
1EF | 770A4890 | B9 000A1977              | mov ecx,ucrtbase.77190A00               | ecx: 77190328-> 77190A00                          |                                   | ecx:&"444"
1F0 | 770A4895 | 83F8 FE                  | cmp eax,FFFFFFFE                        | eflags: 286-> 217                                 |                                   | eax:&"\n\n"
1F1 | 770A4898 | 0F85 43C20400            | jne ucrtbase.770F0AE1                   |                                                   |                                   |
1F2 | 770F0AE1 | 3BC3                     | cmp eax,ebx                             | eflags: 217-> 213                                 |                                   | eax:&"\n\n"
1F3 | 770F0AE3 | 0F84 B53DFBFF            | je ucrtbase.770A489E                    |                                                   |                                   |
1F4 | 770F0AE9 | 8BF0                     | mov esi,eax                             | esi: 19F9E8-> 1                                   |                                   | esi:&"E:\\新建文件夹11\\unicorn\\Emu\\Release\\Sample.vmp.exe", eax:&"\n\n"
1F5 | 770F0AEB | 8BD0                     | mov edx,eax                             | edx: 24-> 1                                       |                                   | edx:"%s", eax:&"\n\n"
1F6 | 770F0AED | 83E6 3F                  | and esi,3F                              | eflags: 213-> 202                                 |                                   | esi:&"E:\\新建文件夹11\\unicorn\\Emu\\Release\\Sample.vmp.exe"
1F7 | 770F0AF0 | C1FA 06                  | sar edx,6                               | edx: 1-> 0 eflags: 202-> 246                      |                                   | edx:"%s"
1F8 | 770F0AF3 | 6BFE 38                  | imul edi,esi,38                         | edi: 77190328-> 38 eflags: 246-> 202              |                                   | edi:&"ALLUSERSPROFILE=C:\\ProgramData", esi:&"E:\\新建文件夹11\\unicorn\\Emu\\Release\\Sample.vmp.exe"
1F9 | 770F0AF6 | 033C95 60131977          | add edi,dword ptr ds:[edx*4+77191360]   | edi: 38-> C5C3E0 eflags: 202-> 212                | 77191360: C5C3A8-> C5C3A8         | edi:&"ALLUSERSPROFILE=C:\\ProgramData"
1FA | 770F0AFD | E9 A83DFBFF              | jmp ucrtbase.770A48AA                   |                                                   |                                   |
1FB | 770A48AA | 807F 29 00               | cmp byte ptr ds:[edi+29],0              | eflags: 212-> 246                                 | 00C5C409: A0A0A00-> A0A0A00       |
1FC | 770A48AE | 0F85 65C20400            | jne ucrtbase.770F0B19                   |                                                   |                                   |
1FD | 770A48B4 | 83F8 FE                  | cmp eax,FFFFFFFE                        | eflags: 246-> 217                                 |                                   | eax:&"\n\n"
1FE | 770A48B7 | 0F85 45C20400            | jne ucrtbase.770F0B02                   |                                                   |                                   |
1FF | 770F0B02 | 3BC3                     | cmp eax,ebx                             | eflags: 217-> 213                                 |                                   | eax:&"\n\n"
200 | 770F0B04 | 0F84 B33DFBFF            | je ucrtbase.770A48BD                    |                                                   |                                   |
201 | 770F0B0A | 6BCE 38                  | imul ecx,esi,38                         | ecx: 77190A00-> 38 eflags: 213-> 202              |                                   | ecx:&"444", esi:&"E:\\新建文件夹11\\unicorn\\Emu\\Release\\Sample.vmp.exe"
202 | 770F0B0D | 030C95 60131977          | add ecx,dword ptr ds:[edx*4+77191360]   | ecx: 38-> C5C3E0 eflags: 202-> 212                | 77191360: C5C3A8-> C5C3A8         | ecx:&"444"
203 | 770F0B14 | E9 A43DFBFF              | jmp ucrtbase.770A48BD                   |                                                   |                                   |
204 | 770A48BD | F641 2D 01               | test byte ptr ds:[ecx+2D],1             | eflags: 212-> 246                                 | 00C5C40D: 0-> 0                   |
205 | 770A48C1 | 0F85 52C20400            | jne ucrtbase.770F0B19                   |                                                   |                                   |
206 | 770A48C7 | B0 01                    | mov al,1                                |                                                   |                                   |
207 | 770A48C9 | 5F                       | pop edi                                 | esp: 19F970-> 19F974 edi: C5C3E0-> 77190328       | 0019F970: 77190328-> 77190328     | edi:&"ALLUSERSPROFILE=C:\\ProgramData"
208 | 770A48CA | 5E                       | pop esi                                 | esp: 19F974-> 19F978 esi: 1-> 19F9E8              | 0019F974: 19F9E8-> 19F9E8         | esi:&"E:\\新建文件夹11\\unicorn\\Emu\\Release\\Sample.vmp.exe"
209 | 770A48CB | 5B                       | pop ebx                                 | ebx: FFFFFFFF-> 263001 esp: 19F978-> 19F97C       | 0019F978: 263001-> 263001         |
20A | 770A48CC | C3                       | ret                                     | esp: 19F97C-> 19F980                              | 0019F97C: 770A4874-> 770A4874     |
20B | 770A4874 | 5F                       | pop edi                                 | esp: 19F980-> 19F984                              | 0019F980: 77190328-> 77190328     | edi:&"ALLUSERSPROFILE=C:\\ProgramData"
20C | 770A4875 | 5E                       | pop esi                                 | esp: 19F984-> 19F988                              | 0019F984: 19F9E8-> 19F9E8         | esi:&"E:\\新建文件夹11\\unicorn\\Emu\\Release\\Sample.vmp.exe"
20D | 770A4876 | 59                       | pop ecx                                 | ecx: C5C3E0-> 19FE30 esp: 19F988-> 19F98C         | 0019F988: 19FE30-> 19FE30         | ecx:&"444"
20E | 770A4877 | C3                       | ret                                     | esp: 19F98C-> 19F990                              | 0019F98C: 770A5880-> 770A5880     |
20F | 770A5880 | 83CB FF                  | or ebx,FFFFFFFF                         | ebx: 263001-> FFFFFFFF eflags: 246-> 286          |                                   |
210 | 770A5883 | 84C0                     | test al,al                              | eflags: 286-> 202                                 |                                   |
211 | 770A5885 | 0F84 64010000            | je ucrtbase.770A59EF                    |                                                   |                                   |
212 | 770A588B | 8B46 10                  | mov eax,dword ptr ds:[esi+10]           | eax: 1-> 402104                                   | 0019F9F8: 402104-> 402104         | eax:&"\n\n"
213 | 770A588E | 85C0                     | test eax,eax                            |                                                   |                                   | eax:&"\n\n"
214 | 770A5890 | 0F85 C7000000            | jne ucrtbase.770A595D                   |                                                   |                                   |
215 | 770A595D | FF86 50040000            | inc dword ptr ds:[esi+450]              |                                                   | 0019FE38: 0-> 1                   |
216 | 770A5963 | 83BE 50040000 02         | cmp dword ptr ds:[esi+450],2            | eflags: 202-> 297                                 | 0019FE38: 1-> 1                   |
217 | 770A596A | 0F84 CD010000            | je ucrtbase.770A5B3D                    |                                                   |                                   |
218 | 770A5970 | 8366 38 00               | and dword ptr ds:[esi+38],0             | eflags: 297-> 246                                 | 0019FA20: 0-> 0                   | esi+38:"xe"
219 | 770A5974 | 8366 1C 00               | and dword ptr ds:[esi+1C],0             |                                                   | 0019FA04: 0-> 0                   | esi+1C:"orn\\Emu\\Release\\Sample.vmp.exe"
21A | 770A5978 | E9 0C010000              | jmp ucrtbase.770A5A89                   |                                                   |                                   |
21B | 770A5A89 | 8A00                     | mov al,byte ptr ds:[eax]                | eax: 402104-> 402166                              | 00402104: 6C696166-> 6C696166     | eax:&"\n\n"
21C | 770A5A8B | 8846 31                  | mov byte ptr ds:[esi+31],al             |                                                   | 0019FA19: C4004000-> C4004066     | esi+31:"e.vmp.exe"
21D | 770A5A8E | 84C0                     | test al,al                              | eflags: 246-> 206                                 |                                   |
21E | 770A5A90 | 0F85 E7FEFFFF            | jne ucrtbase.770A597D                   |                                                   |                                   |
21F | 770A597D | FF46 10                  | inc dword ptr ds:[esi+10]               |                                                   | 0019F9F8: 402104-> 402105         |
220 | 770A5980 | 837E 18 00               | cmp dword ptr ds:[esi+18],0             | eflags: 206-> 246                                 | 0019FA00: 0-> 0                   | esi+18:"unicorn\\Emu\\Release\\Sample.vmp.exe"
221 | 770A5984 | 8B46 10                  | mov eax,dword ptr ds:[esi+10]           | eax: 402166-> 402105                              | 0019F9F8: 402105-> 402105         | eax:&"\n\n"
222 | 770A5987 | 7C D4                    | jl ucrtbase.770A595D                    |                                                   |                                   |
223 | 770A5989 | 8A4E 31                  | mov cl,byte ptr ds:[esi+31]             | ecx: 19FE30-> 19FE66                              | 0019FA19: C4004066-> C4004066     | esi+31:"e.vmp.exe"
224 | 770A598C | 8AC1                     | mov al,cl                               | eax: 402105-> 402166                              |                                   |
225 | 770A598E | 2C 20                    | sub al,20                               | eax: 402166-> 402146 eflags: 246-> 202            |                                   |
226 | 770A5990 | 3C 5A                    | cmp al,5A                               | eflags: 202-> 293                                 |                                   | 5A:'Z'
227 | 770A5992 | 77 12                    | ja ucrtbase.770A59A6                    |                                                   |                                   |
228 | 770A5994 | 0FBEC1                   | movsx eax,cl                            | eax: 402146-> 66                                  |                                   | eax:&"\n\n"
229 | 770A5997 | 83E8 20                  | sub eax,20                              | eax: 66-> 46 eflags: 293-> 202                    |                                   | eax:&"\n\n"
22A | 770A599A | 83E0 7F                  | and eax,7F                              |                                                   |                                   | eax:&"\n\n"
22B | 770A599D | 8B14C5 E4A40877          | mov edx,dword ptr ds:[eax*8+7708A4E4]   | edx: 0-> 8                                        | 7708A714: 8-> 8                   | edx:"%s"
22C | 770A59A4 | EB 02                    | jmp ucrtbase.770A59A8                   |                                                   |                                   |
22D | 770A59A8 | 8B46 1C                  | mov eax,dword ptr ds:[esi+1C]           | eax: 46-> 0                                       | 0019FA04: 0-> 0                   | eax:&"\n\n", esi+1C:"orn\\Emu\\Release\\Sample.vmp.exe"
22E | 770A59AB | 8D04D0                   | lea eax,dword ptr ds:[eax+edx*8]        | eax: 0-> 40                                       |                                   | eax:&"\n\n"
22F | 770A59AE | 83E0 7F                  | and eax,7F                              |                                                   |                                   | eax:&"\n\n"
230 | 770A59B1 | 8B04C5 E0A40877          | mov eax,dword ptr ds:[eax*8+7708A4E0]   | eax: 40-> 0                                       | 7708A6E0: 0-> 0                   | eax:&"\n\n"
231 | 770A59B8 | 8946 1C                  | mov dword ptr ds:[esi+1C],eax           |                                                   | 0019FA04: 0-> 0                   | esi+1C:"orn\\Emu\\Release\\Sample.vmp.exe", eax:&"\n\n"
232 | 770A59BB | 83F8 08                  | cmp eax,8                               | eflags: 202-> 293                                 |                                   | eax:&"\n\n"
233 | 770A59BE | 0F84 DD000000            | je ucrtbase.770A5AA1                    |                                                   |                                   |
234 | 770A59C4 | 83F8 07                  | cmp eax,7                               | eflags: 293-> 297                                 |                                   | eax:&"\n\n"
235 | 770A59C7 | 77 26                    | ja ucrtbase.770A59EF                    |                                                   |                                   |
236 | 770A59C9 | FF2485 485B0A77          | jmp dword ptr ds:[eax*4+770A5B48]       |                                                   | 770A5B48: 770A59D0-> 770A59D0     |
237 | 770A59D0 | 8BCE                     | mov ecx,esi                             | ecx: 19FE66-> 19F9E8                              |                                   | ecx:&"444", esi:&"E:\\新建文件夹11\\unicorn\\Emu\\Release\\Sample.vmp.exe"
238 | 770A59D2 | E8 CF010000              | call ucrtbase.770A5BA6                  | esp: 19F990-> 19F98C                              | 0019F98C: 77190328-> 770A59D7     |
239 | 770A5BA6 | 8BFF                     | mov edi,edi                             |                                                   |                                   |
23A | 770A5BA8 | 55                       | push ebp                                | esp: 19F98C-> 19F988                              | 0019F988: 770A59D7-> 19F9A8       |
23B | 770A5BA9 | 8BEC                     | mov ebp,esp                             | ebp: 19F9A8-> 19F988                              |                                   |
23C | 770A5BAB | 51                       | push ecx                                | esp: 19F988-> 19F984                              | 0019F984: 19F9A8-> 19F9E8         | ecx:&"444"
23D | 770A5BAC | 56                       | push esi                                | esp: 19F984-> 19F980                              | 0019F980: 19F9E8-> 19F9E8         | esi:&"E:\\新建文件夹11\\unicorn\\Emu\\Release\\Sample.vmp.exe"
23E | 770A5BAD | 51                       | push ecx                                | esp: 19F980-> 19F97C                              | 0019F97C: 19F9E8-> 19F9E8         | ecx:&"444"
23F | 770A5BAE | 8BF1                     | mov esi,ecx                             |                                                   |                                   | esi:&"E:\\新建文件夹11\\unicorn\\Emu\\Release\\Sample.vmp.exe", ecx:&"444"
240 | 770A5BB0 | E8 B3FFFFFF              | call ucrtbase.770A5B68                  | esp: 19F97C-> 19F978                              | 0019F978: 19F9E8-> 770A5BB5       |
241 | 770A5B68 | 8BFF                     | mov edi,edi                             |                                                   |                                   |
242 | 770A5B6A | 51                       | push ecx                                | esp: 19F978-> 19F974                              | 0019F974: 770A5BB5-> 19F9E8       | ecx:&"444"
243 | 770A5B6B | 53                       | push ebx                                | esp: 19F974-> 19F970                              | 0019F970: 19F9E8-> FFFFFFFF       |
244 | 770A5B6C | 56                       | push esi                                | esp: 19F970-> 19F96C                              | 0019F96C: FFFFFFFF-> 19F9E8       | esi:&"E:\\新建文件夹11\\unicorn\\Emu\\Release\\Sample.vmp.exe"
245 | 770A5B6D | 8BF1                     | mov esi,ecx                             |                                                   |                                   | esi:&"E:\\新建文件夹11\\unicorn\\Emu\\Release\\Sample.vmp.exe", ecx:&"444"
246 | 770A5B6F | 83CB FF                  | or ebx,FFFFFFFF                         | eflags: 297-> 286                                 |                                   |
247 | 770A5B72 | 57                       | push edi                                | esp: 19F96C-> 19F968                              | 0019F968: 19F9E8-> 77190328       | edi:&"ALLUSERSPROFILE=C:\\ProgramData"
248 | 770A5B73 | 8A56 31                  | mov dl,byte ptr ds:[esi+31]             | edx: 8-> 66                                       | 0019FA19: C4004066-> C4004066     | esi+31:"e.vmp.exe"
249 | 770A5B76 | 0FBECA                   | movsx ecx,dl                            | ecx: 19F9E8-> 66                                  |                                   | ecx:&"444"
24A | 770A5B79 | C646 3C 00               | mov byte ptr ds:[esi+3C],0              |                                                   | 0019FA24: 0-> 0                   |
24B | 770A5B7D | 3BCB                     | cmp ecx,ebx                             | eflags: 286-> 213                                 |                                   | ecx:&"444"
24C | 770A5B7F | 7C 21                    | jl ucrtbase.770A5BA2                    |                                                   |                                   |
24D | 770A5B81 | 8B46 08                  | mov eax,dword ptr ds:[esi+8]            | eax: 0-> 19F9DC                                   | 0019F9F0: 19F9DC-> 19F9DC         | eax:&"\n\n", esi+08:"E:\\新建文件夹11\\unicorn\\Emu\\Release\\Sample.vmp.exe"
24E | 770A5B84 | 8B00                     | mov eax,dword ptr ds:[eax]              | eax: 19F9DC-> 77190060                            | 0019F9DC: 77190060-> 77190060     | eax:&"\n\n", [eax]:"\n\n"
24F | 770A5B86 | 8B00                     | mov eax,dword ptr ds:[eax]              | eax: 77190060-> 77087340                          | 77190060: 77087340-> 77087340     | eax:&"\n\n", [eax]:"\n\n"
250 | 770A5B88 | 0FB70448                 | movzx eax,word ptr ds:[eax+ecx*2]       | eax: 77087340-> 82                                | 7708740C: 20082-> 20082           | eax:&"\n\n", eax+ecx*2:ResetDCWImpl+8C8
251 | 770A5B8C | 25 00800000              | and eax,8000                            | eax: 82-> 0 eflags: 213-> 246                     |                                   | eax:&"\n\n"
252 | 770A5B91 | 85C0                     | test eax,eax                            |                                                   |                                   | eax:&"\n\n"
253 | 770A5B93 | 0F85 0BC00400            | jne ucrtbase.770F1BA4                   |                                                   |                                   |
254 | 770A5B99 | B0 01                    | mov al,1                                | eax: 0-> 1                                        |                                   |
255 | 770A5B9B | 5F                       | pop edi                                 | esp: 19F968-> 19F96C                              | 0019F968: 77190328-> 77190328     | edi:&"ALLUSERSPROFILE=C:\\ProgramData"
256 | 770A5B9C | 5E                       | pop esi                                 | esp: 19F96C-> 19F970                              | 0019F96C: 19F9E8-> 19F9E8         | esi:&"E:\\新建文件夹11\\unicorn\\Emu\\Release\\Sample.vmp.exe"
257 | 770A5B9D | 5B                       | pop ebx                                 | esp: 19F970-> 19F974                              | 0019F970: FFFFFFFF-> FFFFFFFF     |
258 | 770A5B9E | 59                       | pop ecx                                 | ecx: 66-> 19F9E8 esp: 19F974-> 19F978             | 0019F974: 19F9E8-> 19F9E8         | ecx:&"444"
259 | 770A5B9F | C2 0400                  | ret 4                                   | esp: 19F978-> 19F980                              | 0019F978: 770A5BB5-> 770A5BB5     |
25A | 770A5BB5 | 84C0                     | test al,al                              | eflags: 246-> 202                                 |                                   |
25B | 770A5BB7 | 74 20                    | je ucrtbase.770A5BD9                    |                                                   |                                   |
25C | 770A5BB9 | 8A46 31                  | mov al,byte ptr ds:[esi+31]             | eax: 1-> 66                                       | 0019FA19: C4004066-> C4004066     | esi+31:"e.vmp.exe"
25D | 770A5BBC | 8D8E 48040000            | lea ecx,dword ptr ds:[esi+448]          | ecx: 19F9E8-> 19FE30                              |                                   | ecx:&"444"
25E | 770A5BC2 | 8845 FC                  | mov byte ptr ss:[ebp-4],al              |                                                   | 0019F984: 19F9E8-> 19F966         |
25F | 770A5BC5 | FF75 FC                  | push dword ptr ss:[ebp-4]               | esp: 19F980-> 19F97C                              | 0019F984: 19F966-> 19F966 0019F97 | [ebp-04]:&"444"
260 | 770A5BC8 | E8 8F000000              | call ucrtbase.770A5C5C                  | esp: 19F97C-> 19F978                              | 0019F978: 19F966-> 770A5BCD       |
261 | 770A5C5C | 8BFF                     | mov edi,edi                             |                                                   |                                   |
262 | 770A5C5E | 55                       | push ebp                                | esp: 19F978-> 19F974                              | 0019F974: 770A5BCD-> 19F988       |
263 | 770A5C5F | 8BEC                     | mov ebp,esp                             | ebp: 19F988-> 19F974                              |                                   |
264 | 770A5C61 | 51                       | push ecx                                | esp: 19F974-> 19F970                              | 0019F970: 19F988-> 19FE30         | ecx:&"444"
265 | 770A5C62 | 8B01                     | mov eax,dword ptr ds:[ecx]              | eax: 66-> 77190328                                | 0019FE30: 77190328-> 77190328     | eax:&"\n\n", [ecx]:"444"
266 | 770A5C64 | 8B40 0C                  | mov eax,dword ptr ds:[eax+C]            | eax: 77190328-> 2282                              | 77190334: 2282-> 2282             | eax:&"\n\n", eax+0C:"A "
267 | 770A5C67 | 90                       | nop                                     |                                                   |                                   |
268 | 770A5C68 | A9 00100000              | test eax,1000                           | eflags: 202-> 246                                 |                                   | eax:&"\n\n"
269 | 770A5C6D | 0F85 3CC00400            | jne ucrtbase.770F1CAF                   |                                                   |                                   |
26A | 770A5C73 | FF31                     | push dword ptr ds:[ecx]                 | esp: 19F970-> 19F96C                              | 0019FE30: 77190328-> 77190328 001 | [ecx]:"444"
26B | 770A5C75 | 0FBE45 08                | movsx eax,byte ptr ss:[ebp+8]           | eax: 2282-> 66                                    | 0019F97C: 19F966-> 19F966         |
26C | 770A5C79 | 50                       | push eax                                | esp: 19F96C-> 19F968                              | 0019F968: 77190328-> 66           | eax:&"\n\n"
26D | 770A5C7A | E8 31E8FFFF              | call <ucrtbase._fputc_nolock>           | esp: 19F968-> 19F964                              | 0019F964: 66-> 770A5C7F           |
26E | 770A44B0 | 8BFF                     | mov edi,edi                             |                                                   |                                   |
26F | 770A44B2 | 55                       | push ebp                                | esp: 19F964-> 19F960                              | 0019F960: 770A5C7F-> 19F974       |
270 | 770A44B3 | 8BEC                     | mov ebp,esp                             | ebp: 19F974-> 19F960                              |                                   |
271 | 770A44B5 | 8B55 0C                  | mov edx,dword ptr ss:[ebp+C]            | edx: 66-> 77190328                                | 0019F96C: 77190328-> 77190328     | [ebp+0C]:"444"
272 | 770A44B8 | 836A 08 01               | sub dword ptr ds:[edx+8],1              | eflags: 246-> 216                                 | 77190330: 1000-> FFF              | edx+08:"ok\n"
273 | 770A44BC | 78 0E                    | js ucrtbase.770A44CC                    |                                                   |                                   |
274 | 770A44BE | 8B02                     | mov eax,dword ptr ds:[edx]              | eax: 66-> C62048                                  | 77190328: C62048-> C62048         | eax:&"\n\n", edx:"%s"
275 | 770A44C0 | 8A4D 08                  | mov cl,byte ptr ss:[ebp+8]              | ecx: 19FE30-> 19FE66                              | 0019F968: 66-> 66                 |
276 | 770A44C3 | 8808                     | mov byte ptr ds:[eax],cl                |                                                   | 00C62048: 6C696166-> 6C696166     | eax:&"\n\n"
277 | 770A44C5 | FF02                     | inc dword ptr ds:[edx]                  | eflags: 216-> 202                                 | 77190328: C62048-> C62049         | edx:"%s"
278 | 770A44C7 | 0FB6C1                   | movzx eax,cl                            | eax: C62048-> 66                                  |                                   | eax:&"\n\n"
279 | 770A44CA | 5D                       | pop ebp                                 | esp: 19F960-> 19F964 ebp: 19F960-> 19F974         | 0019F960: 19F974-> 19F974         |
27A | 770A44CB | C3                       | ret                                     | esp: 19F964-> 19F968                              | 0019F964: 770A5C7F-> 770A5C7F     |
27B | 770A5C7F | 83F8 FF                  | cmp eax,FFFFFFFF                        | eflags: 202-> 213                                 |                                   | eax:&"\n\n"
27C | 770A5C82 | 59                       | pop ecx                                 | ecx: 19FE66-> 66 esp: 19F968-> 19F96C             | 0019F968: 66-> 66                 | ecx:&"444"
27D | 770A5C83 | 59                       | pop ecx                                 | ecx: 66-> 77190328 esp: 19F96C-> 19F970           | 0019F96C: 77190328-> 77190328     | ecx:&"444"
27E | 770A5C84 | 0F95C0                   | setne al                                | eax: 66-> 1                                       |                                   |
27F | 770A5C87 | 59                       | pop ecx                                 | ecx: 77190328-> 19FE30 esp: 19F970-> 19F974       | 0019F970: 19FE30-> 19FE30         | ecx:&"444"
280 | 770A5C88 | 5D                       | pop ebp                                 | esp: 19F974-> 19F978 ebp: 19F974-> 19F988         | 0019F974: 19F988-> 19F988         |
281 | 770A5C89 | C2 0400                  | ret 4                                   | esp: 19F978-> 19F980                              | 0019F978: 770A5BCD-> 770A5BCD     |
282 | 770A5BCD | 84C0                     | test al,al                              | eflags: 213-> 202                                 |                                   |
283 | 770A5BCF | 74 0C                    | je ucrtbase.770A5BDD                    |                                                   |                                   |
284 | 770A5BD1 | FF46 18                  | inc dword ptr ds:[esi+18]               |                                                   | 0019FA00: 0-> 1                   | esi+18:"unicorn\\Emu\\Release\\Sample.vmp.exe"
285 | 770A5BD4 | B0 01                    | mov al,1                                |                                                   |                                   |
286 | 770A5BD6 | 5E                       | pop esi                                 | esp: 19F980-> 19F984                              | 0019F980: 19F9E8-> 19F9E8         | esi:&"E:\\新建文件夹11\\unicorn\\Emu\\Release\\Sample.vmp.exe"
287 | 770A5BD7 | C9                       | leave                                   | esp: 19F984-> 19F98C ebp: 19F988-> 19F9A8         | 0019F988: 19F9A8-> 19F9A8         |
288 | 770A5BD8 | C3                       | ret                                     | esp: 19F98C-> 19F990                              | 0019F98C: 770A59D7-> 770A59D7     |
289 | 770A59D7 | 84C0                     | test al,al                              |                                                   |                                   |
28A | 770A59D9 | 0F85 A7000000            | jne ucrtbase.770A5A86                   |                                                   |                                   |
28B | 770A5A86 | 8B46 10                  | mov eax,dword ptr ds:[esi+10]           | eax: 1-> 402105                                   | 0019F9F8: 402105-> 402105         | eax:&"\n\n"
28C | 770A5A89 | 8A00                     | mov al,byte ptr ds:[eax]                | eax: 402105-> 402161                              | 00402105: A6C6961-> A6C6961       | eax:&"\n\n"
28D | 770A5A8B | 8846 31                  | mov byte ptr ds:[esi+31],al             |                                                   | 0019FA19: C4004066-> C4004061     | esi+31:"e.vmp.exe"
28E | 770A5A8E | 84C0                     | test al,al                              |                                                   |                                   |
28F | 770A5A90 | 0F85 E7FEFFFF            | jne ucrtbase.770A597D                   |                                                   |                                   |
290 | 770A597D | FF46 10                  | inc dword ptr ds:[esi+10]               | eflags: 202-> 206                                 | 0019F9F8: 402105-> 402106         |
291 | 770A5980 | 837E 18 00               | cmp dword ptr ds:[esi+18],0             | eflags: 206-> 202                                 | 0019FA00: 1-> 1                   | esi+18:"unicorn\\Emu\\Release\\Sample.vmp.exe"
292 | 770A5984 | 8B46 10                  | mov eax,dword ptr ds:[esi+10]           | eax: 402161-> 402106                              | 0019F9F8: 402106-> 402106         | eax:&"\n\n"
293 | 770A5987 | 7C D4                    | jl ucrtbase.770A595D                    |                                                   |                                   |
294 | 770A5989 | 8A4E 31                  | mov cl,byte ptr ds:[esi+31]             | ecx: 19FE30-> 19FE61                              | 0019FA19: C4004061-> C4004061     | esi+31:"e.vmp.exe"
295 | 770A598C | 8AC1                     | mov al,cl                               | eax: 402106-> 402161                              |                                   |
296 | 770A598E | 2C 20                    | sub al,20                               | eax: 402161-> 402141 eflags: 202-> 206            |                                   |
297 | 770A5990 | 3C 5A                    | cmp al,5A                               | eflags: 206-> 297                                 |                                   | 5A:'Z'
298 | 770A5992 | 77 12                    | ja ucrtbase.770A59A6                    |                                                   |                                   |
299 | 770A5994 | 0FBEC1                   | movsx eax,cl                            | eax: 402141-> 61                                  |                                   | eax:&"\n\n"
29A | 770A5997 | 83E8 20                  | sub eax,20                              | eax: 61-> 41 eflags: 297-> 206                    |                                   | eax:&"\n\n"
29B | 770A599A | 83E0 7F                  | and eax,7F                              |                                                   |                                   | eax:&"\n\n"
29C | 770A599D | 8B14C5 E4A40877          | mov edx,dword ptr ds:[eax*8+7708A4E4]   | edx: 77190328-> 8                                 | 7708A6EC: 8-> 8                   | edx:"%s"
29D | 770A59A4 | EB 02                    | jmp ucrtbase.770A59A8                   |                                                   |                                   |
29E | 770A59A8 | 8B46 1C                  | mov eax,dword ptr ds:[esi+1C]           | eax: 41-> 0                                       | 0019FA04: 0-> 0                   | eax:&"\n\n", esi+1C:"orn\\Emu\\Release\\Sample.vmp.exe"
29F | 770A59AB | 8D04D0                   | lea eax,dword ptr ds:[eax+edx*8]        | eax: 0-> 40                                       |                                   | eax:&"\n\n"
2A0 | 770A59AE | 83E0 7F                  | and eax,7F                              | eflags: 206-> 202                                 |                                   | eax:&"\n\n"
2A1 | 770A59B1 | 8B04C5 E0A40877          | mov eax,dword ptr ds:[eax*8+7708A4E0]   | eax: 40-> 0                                       | 7708A6E0: 0-> 0                   | eax:&"\n\n"
2A2 | 770A59B8 | 8946 1C                  | mov dword ptr ds:[esi+1C],eax           |                                                   | 0019FA04: 0-> 0                   | esi+1C:"orn\\Emu\\Release\\Sample.vmp.exe", eax:&"\n\n"
2A3 | 770A59BB | 83F8 08                  | cmp eax,8                               | eflags: 202-> 293                                 |                                   | eax:&"\n\n"
2A4 | 770A59BE | 0F84 DD000000            | je ucrtbase.770A5AA1                    |                                                   |                                   |
2A5 | 770A59C4 | 83F8 07                  | cmp eax,7                               | eflags: 293-> 297                                 |                                   | eax:&"\n\n"
2A6 | 770A59C7 | 77 26                    | ja ucrtbase.770A59EF                    |                                                   |                                   |
2A7 | 770A59C9 | FF2485 485B0A77          | jmp dword ptr ds:[eax*4+770A5B48]       |                                                   | 770A5B48: 770A59D0-> 770A59D0     |
2A8 | 770A59D0 | 8BCE                     | mov ecx,esi                             | ecx: 19FE61-> 19F9E8                              |                                   | ecx:&"444", esi:&"E:\\新建文件夹11\\unicorn\\Emu\\Release\\Sample.vmp.exe"
2A9 | 770A59D2 | E8 CF010000              | call ucrtbase.770A5BA6                  | esp: 19F990-> 19F98C                              | 0019F98C: 77190328-> 770A59D7     |
2AA | 770A5BA6 | 8BFF                     | mov edi,edi                             |                                                   |                                   |
2AB | 770A5BA8 | 55                       | push ebp                                | esp: 19F98C-> 19F988                              | 0019F988: 770A59D7-> 19F9A8       |
2AC | 770A5BA9 | 8BEC                     | mov ebp,esp                             | ebp: 19F9A8-> 19F988                              |                                   |
2AD | 770A5BAB | 51                       | push ecx                                | esp: 19F988-> 19F984                              | 0019F984: 19F9A8-> 19F9E8         | ecx:&"444"
2AE | 770A5BAC | 56                       | push esi                                | esp: 19F984-> 19F980                              | 0019F980: 19F9E8-> 19F9E8         | esi:&"E:\\新建文件夹11\\unicorn\\Emu\\Release\\Sample.vmp.exe"
2AF | 770A5BAD | 51                       | push ecx                                | esp: 19F980-> 19F97C                              | 0019F97C: 19F9E8-> 19F9E8         | ecx:&"444"
2B0 | 770A5BAE | 8BF1                     | mov esi,ecx                             |                                                   |                                   | esi:&"E:\\新建文件夹11\\unicorn\\Emu\\Release\\Sample.vmp.exe", ecx:&"444"
2B1 | 770A5BB0 | E8 B3FFFFFF              | call ucrtbase.770A5B68                  | esp: 19F97C-> 19F978                              | 0019F978: 19F9E8-> 770A5BB5       |
2B2 | 770A5B68 | 8BFF                     | mov edi,edi                             |                                                   |                                   |
2B3 | 770A5B6A | 51                       | push ecx                                | esp: 19F978-> 19F974                              | 0019F974: 770A5BB5-> 19F9E8       | ecx:&"444"
2B4 | 770A5B6B | 53                       | push ebx                                | esp: 19F974-> 19F970                              | 0019F970: 19F9E8-> FFFFFFFF       |
2B5 | 770A5B6C | 56                       | push esi                                | esp: 19F970-> 19F96C                              | 0019F96C: FFFFFFFF-> 19F9E8       | esi:&"E:\\新建文件夹11\\unicorn\\Emu\\Release\\Sample.vmp.exe"
2B6 | 770A5B6D | 8BF1                     | mov esi,ecx                             |                                                   |                                   | esi:&"E:\\新建文件夹11\\unicorn\\Emu\\Release\\Sample.vmp.exe", ecx:&"444"
2B7 | 770A5B6F | 83CB FF                  | or ebx,FFFFFFFF                         | eflags: 297-> 286                                 |                                   |
2B8 | 770A5B72 | 57                       | push edi                                | esp: 19F96C-> 19F968                              | 0019F968: 19F9E8-> 77190328       | edi:&"ALLUSERSPROFILE=C:\\ProgramData"
2B9 | 770A5B73 | 8A56 31                  | mov dl,byte ptr ds:[esi+31]             | edx: 8-> 61                                       | 0019FA19: C4004061-> C4004061     | esi+31:"e.vmp.exe"
2BA | 770A5B76 | 0FBECA                   | movsx ecx,dl                            | ecx: 19F9E8-> 61                                  |                                   | ecx:&"444"
2BB | 770A5B79 | C646 3C 00               | mov byte ptr ds:[esi+3C],0              |                                                   | 0019FA24: 0-> 0                   |
2BC | 770A5B7D | 3BCB                     | cmp ecx,ebx                             | eflags: 286-> 213                                 |                                   | ecx:&"444"
2BD | 770A5B7F | 7C 21                    | jl ucrtbase.770A5BA2                    |                                                   |                                   |
2BE | 770A5B81 | 8B46 08                  | mov eax,dword ptr ds:[esi+8]            | eax: 0-> 19F9DC                                   | 0019F9F0: 19F9DC-> 19F9DC         | eax:&"\n\n", esi+08:"E:\\新建文件夹11\\unicorn\\Emu\\Release\\Sample.vmp.exe"
2BF | 770A5B84 | 8B00                     | mov eax,dword ptr ds:[eax]              | eax: 19F9DC-> 77190060                            | 0019F9DC: 77190060-> 77190060     | eax:&"\n\n", [eax]:"\n\n"
2C0 | 770A5B86 | 8B00                     | mov eax,dword ptr ds:[eax]              | eax: 77190060-> 77087340                          | 77190060: 77087340-> 77087340     | eax:&"\n\n", [eax]:"\n\n"
2C1 | 770A5B88 | 0FB70448                 | movzx eax,word ptr ds:[eax+ecx*2]       | eax: 77087340-> 82                                | 77087402: 820082-> 820082         | eax:&"\n\n", eax+ecx*2:ResetDCWImpl+8C8
2C2 | 770A5B8C | 25 00800000              | and eax,8000                            | eax: 82-> 0 eflags: 213-> 246                     |                                   | eax:&"\n\n"
2C3 | 770A5B91 | 85C0                     | test eax,eax                            |                                                   |                                   | eax:&"\n\n"
2C4 | 770A5B93 | 0F85 0BC00400            | jne ucrtbase.770F1BA4                   |                                                   |                                   |
2C5 | 770A5B99 | B0 01                    | mov al,1                                | eax: 0-> 1                                        |                                   |
2C6 | 770A5B9B | 5F                       | pop edi                                 | esp: 19F968-> 19F96C                              | 0019F968: 77190328-> 77190328     | edi:&"ALLUSERSPROFILE=C:\\ProgramData"
2C7 | 770A5B9C | 5E                       | pop esi                                 | esp: 19F96C-> 19F970                              | 0019F96C: 19F9E8-> 19F9E8         | esi:&"E:\\新建文件夹11\\unicorn\\Emu\\Release\\Sample.vmp.exe"
2C8 | 770A5B9D | 5B                       | pop ebx                                 | esp: 19F970-> 19F974                              | 0019F970: FFFFFFFF-> FFFFFFFF     |
2C9 | 770A5B9E | 59                       | pop ecx                                 | ecx: 61-> 19F9E8 esp: 19F974-> 19F978             | 0019F974: 19F9E8-> 19F9E8         | ecx:&"444"
2CA | 770A5B9F | C2 0400                  | ret 4                                   | esp: 19F978-> 19F980                              | 0019F978: 770A5BB5-> 770A5BB5     |
2CB | 770A5BB5 | 84C0                     | test al,al                              | eflags: 246-> 202                                 |                                   |
2CC | 770A5BB7 | 74 20                    | je ucrtbase.770A5BD9                    |                                                   |                                   |
2CD | 770A5BB9 | 8A46 31                  | mov al,byte ptr ds:[esi+31]             | eax: 1-> 61                                       | 0019FA19: C4004061-> C4004061     | esi+31:"e.vmp.exe"
2CE | 770A5BBC | 8D8E 48040000            | lea ecx,dword ptr ds:[esi+448]          | ecx: 19F9E8-> 19FE30                              |                                   | ecx:&"444"
2CF | 770A5BC2 | 8845 FC                  | mov byte ptr ss:[ebp-4],al              |                                                   | 0019F984: 19F9E8-> 19F961         |
2D0 | 770A5BC5 | FF75 FC                  | push dword ptr ss:[ebp-4]               | esp: 19F980-> 19F97C                              | 0019F984: 19F961-> 19F961 0019F97 | [ebp-04]:&"444"
2D1 | 770A5BC8 | E8 8F000000              | call ucrtbase.770A5C5C                  | esp: 19F97C-> 19F978                              | 0019F978: 19F961-> 770A5BCD       |
2D2 | 770A5C5C | 8BFF                     | mov edi,edi                             |                                                   |                                   |
2D3 | 770A5C5E | 55                       | push ebp                                | esp: 19F978-> 19F974                              | 0019F974: 770A5BCD-> 19F988       |
2D4 | 770A5C5F | 8BEC                     | mov ebp,esp                             | ebp: 19F988-> 19F974                              |                                   |
2D5 | 770A5C61 | 51                       | push ecx                                | esp: 19F974-> 19F970                              | 0019F970: 19F988-> 19FE30         | ecx:&"444"
2D6 | 770A5C62 | 8B01                     | mov eax,dword ptr ds:[ecx]              | eax: 61-> 77190328                                | 0019FE30: 77190328-> 77190328     | eax:&"\n\n", [ecx]:"444"
2D7 | 770A5C64 | 8B40 0C                  | mov eax,dword ptr ds:[eax+C]            | eax: 77190328-> 2282                              | 77190334: 2282-> 2282             | eax:&"\n\n", eax+0C:"A "
2D8 | 770A5C67 | 90                       | nop                                     |                                                   |                                   |
2D9 | 770A5C68 | A9 00100000              | test eax,1000                           | eflags: 202-> 246                                 |                                   | eax:&"\n\n"
2DA | 770A5C6D | 0F85 3CC00400            | jne ucrtbase.770F1CAF                   |                                                   |                                   |
2DB | 770A5C73 | FF31                     | push dword ptr ds:[ecx]                 | esp: 19F970-> 19F96C                              | 0019FE30: 77190328-> 77190328 001 | [ecx]:"444"
2DC | 770A5C75 | 0FBE45 08                | movsx eax,byte ptr ss:[ebp+8]           | eax: 2282-> 61                                    | 0019F97C: 19F961-> 19F961         |
2DD | 770A5C79 | 50                       | push eax                                | esp: 19F96C-> 19F968                              | 0019F968: 77190328-> 61           | eax:&"\n\n"
2DE | 770A5C7A | E8 31E8FFFF              | call <ucrtbase._fputc_nolock>           | esp: 19F968-> 19F964                              | 0019F964: 61-> 770A5C7F           |
2DF | 770A44B0 | 8BFF                     | mov edi,edi                             |                                                   |                                   |
2E0 | 770A44B2 | 55                       | push ebp                                | esp: 19F964-> 19F960                              | 0019F960: 770A5C7F-> 19F974       |
2E1 | 770A44B3 | 8BEC                     | mov ebp,esp                             | ebp: 19F974-> 19F960                              |                                   |
2E2 | 770A44B5 | 8B55 0C                  | mov edx,dword ptr ss:[ebp+C]            | edx: 61-> 77190328                                | 0019F96C: 77190328-> 77190328     | [ebp+0C]:"444"
2E3 | 770A44B8 | 836A 08 01               | sub dword ptr ds:[edx+8],1              | eflags: 246-> 202                                 | 77190330: FFF-> FFE               | edx+08:"ok\n"
2E4 | 770A44BC | 78 0E                    | js ucrtbase.770A44CC                    |                                                   |                                   |
2E5 | 770A44BE | 8B02                     | mov eax,dword ptr ds:[edx]              | eax: 61-> C62049                                  | 77190328: C62049-> C62049         | eax:&"\n\n", edx:"%s"
2E6 | 770A44C0 | 8A4D 08                  | mov cl,byte ptr ss:[ebp+8]              | ecx: 19FE30-> 19FE61                              | 0019F968: 61-> 61                 |
2E7 | 770A44C3 | 8808                     | mov byte ptr ds:[eax],cl                |                                                   | 00C62049: A6C6961-> A6C6961       | eax:&"\n\n"
2E8 | 770A44C5 | FF02                     | inc dword ptr ds:[edx]                  |                                                   | 77190328: C62049-> C6204A         | edx:"%s"
2E9 | 770A44C7 | 0FB6C1                   | movzx eax,cl                            | eax: C62049-> 61                                  |                                   | eax:&"\n\n"
2EA | 770A44CA | 5D                       | pop ebp                                 | esp: 19F960-> 19F964 ebp: 19F960-> 19F974         | 0019F960: 19F974-> 19F974         |
2EB | 770A44CB | C3                       | ret                                     | esp: 19F964-> 19F968                              | 0019F964: 770A5C7F-> 770A5C7F     |
2EC | 770A5C7F | 83F8 FF                  | cmp eax,FFFFFFFF                        | eflags: 202-> 213                                 |                                   | eax:&"\n\n"
2ED | 770A5C82 | 59                       | pop ecx                                 | ecx: 19FE61-> 61 esp: 19F968-> 19F96C             | 0019F968: 61-> 61                 | ecx:&"444"
2EE | 770A5C83 | 59                       | pop ecx                                 | ecx: 61-> 77190328 esp: 19F96C-> 19F970           | 0019F96C: 77190328-> 77190328     | ecx:&"444"
2EF | 770A5C84 | 0F95C0                   | setne al                                | eax: 61-> 1                                       |                                   |
2F0 | 770A5C87 | 59                       | pop ecx                                 | ecx: 77190328-> 19FE30 esp: 19F970-> 19F974       | 0019F970: 19FE30-> 19FE30         | ecx:&"444"
2F1 | 770A5C88 | 5D                       | pop ebp                                 | esp: 19F974-> 19F978 ebp: 19F974-> 19F988         | 0019F974: 19F988-> 19F988         |
2F2 | 770A5C89 | C2 0400                  | ret 4                                   | esp: 19F978-> 19F980                              | 0019F978: 770A5BCD-> 770A5BCD     |
2F3 | 770A5BCD | 84C0                     | test al,al                              | eflags: 213-> 202                                 |                                   |
2F4 | 770A5BCF | 74 0C                    | je ucrtbase.770A5BDD                    |                                                   |                                   |
2F5 | 770A5BD1 | FF46 18                  | inc dword ptr ds:[esi+18]               |                                                   | 0019FA00: 1-> 2                   | esi+18:"unicorn\\Emu\\Release\\Sample.vmp.exe"
2F6 | 770A5BD4 | B0 01                    | mov al,1                                |                                                   |                                   |
2F7 | 770A5BD6 | 5E                       | pop esi                                 | esp: 19F980-> 19F984                              | 0019F980: 19F9E8-> 19F9E8         | esi:&"E:\\新建文件夹11\\unicorn\\Emu\\Release\\Sample.vmp.exe"
2F8 | 770A5BD7 | C9                       | leave                                   | esp: 19F984-> 19F98C ebp: 19F988-> 19F9A8         | 0019F988: 19F9A8-> 19F9A8         |
2F9 | 770A5BD8 | C3                       | ret                                     | esp: 19F98C-> 19F990                              | 0019F98C: 770A59D7-> 770A59D7     |
2FA | 770A59D7 | 84C0                     | test al,al                              |                                                   |                                   |
2FB | 770A59D9 | 0F85 A7000000            | jne ucrtbase.770A5A86                   |                                                   |                                   |
2FC | 770A5A86 | 8B46 10                  | mov eax,dword ptr ds:[esi+10]           | eax: 1-> 402106                                   | 0019F9F8: 402106-> 402106         | eax:&"\n\n"
2FD | 770A5A89 | 8A00                     | mov al,byte ptr ds:[eax]                | eax: 402106-> 402169                              | 00402106: A6C69-> A6C69           | eax:&"\n\n"
2FE | 770A5A8B | 8846 31                  | mov byte ptr ds:[esi+31],al             |                                                   | 0019FA19: C4004061-> C4004069     | esi+31:"e.vmp.exe"
2FF | 770A5A8E | 84C0                     | test al,al                              | eflags: 202-> 206                                 |                                   |
300 | 770A5A90 | 0F85 E7FEFFFF            | jne ucrtbase.770A597D                   |                                                   |                                   |
301 | 770A597D | FF46 10                  | inc dword ptr ds:[esi+10]               | eflags: 206-> 202                                 | 0019F9F8: 402106-> 402107         |
302 | 770A5980 | 837E 18 00               | cmp dword ptr ds:[esi+18],0             |                                                   | 0019FA00: 2-> 2                   | esi+18:"unicorn\\Emu\\Release\\Sample.vmp.exe"
303 | 770A5984 | 8B46 10                  | mov eax,dword ptr ds:[esi+10]           | eax: 402169-> 402107                              | 0019F9F8: 402107-> 402107         | eax:&"\n\n"
304 | 770A5987 | 7C D4                    | jl ucrtbase.770A595D                    |                                                   |                                   |
305 | 770A5989 | 8A4E 31                  | mov cl,byte ptr ds:[esi+31]             | ecx: 19FE30-> 19FE69                              | 0019FA19: C4004069-> C4004069     | esi+31:"e.vmp.exe"
306 | 770A598C | 8AC1                     | mov al,cl                               | eax: 402107-> 402169                              |                                   |
307 | 770A598E | 2C 20                    | sub al,20                               | eax: 402169-> 402149                              |                                   |
308 | 770A5990 | 3C 5A                    | cmp al,5A                               | eflags: 202-> 293                                 |                                   | 5A:'Z'
309 | 770A5992 | 77 12                    | ja ucrtbase.770A59A6                    |                                                   |                                   |
30A | 770A5994 | 0FBEC1                   | movsx eax,cl                            | eax: 402149-> 69                                  |                                   | eax:&"\n\n"
30B | 770A5997 | 83E8 20                  | sub eax,20                              | eax: 69-> 49 eflags: 293-> 202                    |                                   | eax:&"\n\n"
30C | 770A599A | 83E0 7F                  | and eax,7F                              |                                                   |                                   | eax:&"\n\n"
30D | 770A599D | 8B14C5 E4A40877          | mov edx,dword ptr ds:[eax*8+7708A4E4]   | edx: 77190328-> 8                                 | 7708A72C: 8-> 8                   | edx:"%s"
30E | 770A59A4 | EB 02                    | jmp ucrtbase.770A59A8                   |                                                   |                                   |
30F | 770A59A8 | 8B46 1C                  | mov eax,dword ptr ds:[esi+1C]           | eax: 49-> 0                                       | 0019FA04: 0-> 0                   | eax:&"\n\n", esi+1C:"orn\\Emu\\Release\\Sample.vmp.exe"
310 | 770A59AB | 8D04D0                   | lea eax,dword ptr ds:[eax+edx*8]        | eax: 0-> 40                                       |                                   | eax:&"\n\n"
311 | 770A59AE | 83E0 7F                  | and eax,7F                              |                                                   |                                   | eax:&"\n\n"
312 | 770A59B1 | 8B04C5 E0A40877          | mov eax,dword ptr ds:[eax*8+7708A4E0]   | eax: 40-> 0                                       | 7708A6E0: 0-> 0                   | eax:&"\n\n"
313 | 770A59B8 | 8946 1C                  | mov dword ptr ds:[esi+1C],eax           |                                                   | 0019FA04: 0-> 0                   | esi+1C:"orn\\Emu\\Release\\Sample.vmp.exe", eax:&"\n\n"
314 | 770A59BB | 83F8 08                  | cmp eax,8                               | eflags: 202-> 293                                 |                                   | eax:&"\n\n"
315 | 770A59BE | 0F84 DD000000            | je ucrtbase.770A5AA1                    |                                                   |                                   |
316 | 770A59C4 | 83F8 07                  | cmp eax,7                               | eflags: 293-> 297                                 |                                   | eax:&"\n\n"
317 | 770A59C7 | 77 26                    | ja ucrtbase.770A59EF                    |                                                   |                                   |
318 | 770A59C9 | FF2485 485B0A77          | jmp dword ptr ds:[eax*4+770A5B48]       |                                                   | 770A5B48: 770A59D0-> 770A59D0     |
319 | 770A59D0 | 8BCE                     | mov ecx,esi                             | ecx: 19FE69-> 19F9E8                              |                                   | ecx:&"444", esi:&"E:\\新建文件夹11\\unicorn\\Emu\\Release\\Sample.vmp.exe"
31A | 770A59D2 | E8 CF010000              | call ucrtbase.770A5BA6                  | esp: 19F990-> 19F98C                              | 0019F98C: 77190328-> 770A59D7     |
31B | 770A5BA6 | 8BFF                     | mov edi,edi                             |                                                   |                                   |
31C | 770A5BA8 | 55                       | push ebp                                | esp: 19F98C-> 19F988                              | 0019F988: 770A59D7-> 19F9A8       |
31D | 770A5BA9 | 8BEC                     | mov ebp,esp                             | ebp: 19F9A8-> 19F988                              |                                   |
31E | 770A5BAB | 51                       | push ecx                                | esp: 19F988-> 19F984                              | 0019F984: 19F9A8-> 19F9E8         | ecx:&"444"
31F | 770A5BAC | 56                       | push esi                                | esp: 19F984-> 19F980                              | 0019F980: 19F9E8-> 19F9E8         | esi:&"E:\\新建文件夹11\\unicorn\\Emu\\Release\\Sample.vmp.exe"
320 | 770A5BAD | 51                       | push ecx                                | esp: 19F980-> 19F97C                              | 0019F97C: 19F9E8-> 19F9E8         | ecx:&"444"
321 | 770A5BAE | 8BF1                     | mov esi,ecx                             |                                                   |                                   | esi:&"E:\\新建文件夹11\\unicorn\\Emu\\Release\\Sample.vmp.exe", ecx:&"444"
322 | 770A5BB0 | E8 B3FFFFFF              | call ucrtbase.770A5B68                  | esp: 19F97C-> 19F978                              | 0019F978: 19F9E8-> 770A5BB5       |
323 | 770A5B68 | 8BFF                     | mov edi,edi                             |                                                   |                                   |
324 | 770A5B6A | 51                       | push ecx                                | esp: 19F978-> 19F974                              | 0019F974: 770A5BB5-> 19F9E8       | ecx:&"444"
325 | 770A5B6B | 53                       | push ebx                                | esp: 19F974-> 19F970                              | 0019F970: 19F9E8-> FFFFFFFF       |
326 | 770A5B6C | 56                       | push esi                                | esp: 19F970-> 19F96C                              | 0019F96C: FFFFFFFF-> 19F9E8       | esi:&"E:\\新建文件夹11\\unicorn\\Emu\\Release\\Sample.vmp.exe"
327 | 770A5B6D | 8BF1                     | mov esi,ecx                             |                                                   |                                   | esi:&"E:\\新建文件夹11\\unicorn\\Emu\\Release\\Sample.vmp.exe", ecx:&"444"
328 | 770A5B6F | 83CB FF                  | or ebx,FFFFFFFF                         | eflags: 297-> 286                                 |                                   |
329 | 770A5B72 | 57                       | push edi                                | esp: 19F96C-> 19F968                              | 0019F968: 19F9E8-> 77190328       | edi:&"ALLUSERSPROFILE=C:\\ProgramData"
32A | 770A5B73 | 8A56 31                  | mov dl,byte ptr ds:[esi+31]             | edx: 8-> 69                                       | 0019FA19: C4004069-> C4004069     | esi+31:"e.vmp.exe"
32B | 770A5B76 | 0FBECA                   | movsx ecx,dl                            | ecx: 19F9E8-> 69                                  |                                   | ecx:&"444"
32C | 770A5B79 | C646 3C 00               | mov byte ptr ds:[esi+3C],0              |                                                   | 0019FA24: 0-> 0                   |
32D | 770A5B7D | 3BCB                     | cmp ecx,ebx                             | eflags: 286-> 217                                 |                                   | ecx:&"444"
32E | 770A5B7F | 7C 21                    | jl ucrtbase.770A5BA2                    |                                                   |                                   |
32F | 770A5B81 | 8B46 08                  | mov eax,dword ptr ds:[esi+8]            | eax: 0-> 19F9DC                                   | 0019F9F0: 19F9DC-> 19F9DC         | eax:&"\n\n", esi+08:"E:\\新建文件夹11\\unicorn\\Emu\\Release\\Sample.vmp.exe"
330 | 770A5B84 | 8B00                     | mov eax,dword ptr ds:[eax]              | eax: 19F9DC-> 77190060                            | 0019F9DC: 77190060-> 77190060     | eax:&"\n\n", [eax]:"\n\n"
331 | 770A5B86 | 8B00                     | mov eax,dword ptr ds:[eax]              | eax: 77190060-> 77087340                          | 77190060: 77087340-> 77087340     | eax:&"\n\n", [eax]:"\n\n"
332 | 770A5B88 | 0FB70448                 | movzx eax,word ptr ds:[eax+ecx*2]       | eax: 77087340-> 2                                 | 77087412: 20002-> 20002           | eax:&"\n\n", eax+ecx*2:ResetDCWImpl+8C8
333 | 770A5B8C | 25 00800000              | and eax,8000                            | eax: 2-> 0 eflags: 217-> 246                      |                                   | eax:&"\n\n"
334 | 770A5B91 | 85C0                     | test eax,eax                            |                                                   |                                   | eax:&"\n\n"
335 | 770A5B93 | 0F85 0BC00400            | jne ucrtbase.770F1BA4                   |                                                   |                                   |
336 | 770A5B99 | B0 01                    | mov al,1                                | eax: 0-> 1                                        |                                   |
337 | 770A5B9B | 5F                       | pop edi                                 | esp: 19F968-> 19F96C                              | 0019F968: 77190328-> 77190328     | edi:&"ALLUSERSPROFILE=C:\\ProgramData"
338 | 770A5B9C | 5E                       | pop esi                                 | esp: 19F96C-> 19F970                              | 0019F96C: 19F9E8-> 19F9E8         | esi:&"E:\\新建文件夹11\\unicorn\\Emu\\Release\\Sample.vmp.exe"
339 | 770A5B9D | 5B                       | pop ebx                                 | esp: 19F970-> 19F974                              | 0019F970: FFFFFFFF-> FFFFFFFF     |
33A | 770A5B9E | 59                       | pop ecx                                 | ecx: 69-> 19F9E8 esp: 19F974-> 19F978             | 0019F974: 19F9E8-> 19F9E8         | ecx:&"444"
33B | 770A5B9F | C2 0400                  | ret 4                                   | esp: 19F978-> 19F980                              | 0019F978: 770A5BB5-> 770A5BB5     |
33C | 770A5BB5 | 84C0                     | test al,al                              | eflags: 246-> 202                                 |                                   |
33D | 770A5BB7 | 74 20                    | je ucrtbase.770A5BD9                    |                                                   |                                   |
33E | 770A5BB9 | 8A46 31                  | mov al,byte ptr ds:[esi+31]             | eax: 1-> 69                                       | 0019FA19: C4004069-> C4004069     | esi+31:"e.vmp.exe"
33F | 770A5BBC | 8D8E 48040000            | lea ecx,dword ptr ds:[esi+448]          | ecx: 19F9E8-> 19FE30                              |                                   | ecx:&"444"
340 | 770A5BC2 | 8845 FC                  | mov byte ptr ss:[ebp-4],al              |                                                   | 0019F984: 19F9E8-> 19F969         |
341 | 770A5BC5 | FF75 FC                  | push dword ptr ss:[ebp-4]               | esp: 19F980-> 19F97C                              | 0019F984: 19F969-> 19F969 0019F97 | [ebp-04]:&"444"
342 | 770A5BC8 | E8 8F000000              | call ucrtbase.770A5C5C                  | esp: 19F97C-> 19F978                              | 0019F978: 19F969-> 770A5BCD       |
343 | 770A5C5C | 8BFF                     | mov edi,edi                             |                                                   |                                   |
344 | 770A5C5E | 55                       | push ebp                                | esp: 19F978-> 19F974                              | 0019F974: 770A5BCD-> 19F988       |
345 | 770A5C5F | 8BEC                     | mov ebp,esp                             | ebp: 19F988-> 19F974                              |                                   |
346 | 770A5C61 | 51                       | push ecx                                | esp: 19F974-> 19F970                              | 0019F970: 19F988-> 19FE30         | ecx:&"444"
347 | 770A5C62 | 8B01                     | mov eax,dword ptr ds:[ecx]              | eax: 69-> 77190328                                | 0019FE30: 77190328-> 77190328     | eax:&"\n\n", [ecx]:"444"
348 | 770A5C64 | 8B40 0C                  | mov eax,dword ptr ds:[eax+C]            | eax: 77190328-> 2282                              | 77190334: 2282-> 2282             | eax:&"\n\n", eax+0C:"A "
349 | 770A5C67 | 90                       | nop                                     |                                                   |                                   |
34A | 770A5C68 | A9 00100000              | test eax,1000                           | eflags: 202-> 246                                 |                                   | eax:&"\n\n"
34B | 770A5C6D | 0F85 3CC00400            | jne ucrtbase.770F1CAF                   |                                                   |                                   |
34C | 770A5C73 | FF31                     | push dword ptr ds:[ecx]                 | esp: 19F970-> 19F96C                              | 0019FE30: 77190328-> 77190328 001 | [ecx]:"444"
34D | 770A5C75 | 0FBE45 08                | movsx eax,byte ptr ss:[ebp+8]           | eax: 2282-> 69                                    | 0019F97C: 19F969-> 19F969         |
34E | 770A5C79 | 50                       | push eax                                | esp: 19F96C-> 19F968                              | 0019F968: 77190328-> 69           | eax:&"\n\n"
34F | 770A5C7A | E8 31E8FFFF              | call <ucrtbase._fputc_nolock>           | esp: 19F968-> 19F964                              | 0019F964: 69-> 770A5C7F           |
350 | 770A44B0 | 8BFF                     | mov edi,edi                             |                                                   |                                   |
351 | 770A44B2 | 55                       | push ebp                                | esp: 19F964-> 19F960                              | 0019F960: 770A5C7F-> 19F974       |
352 | 770A44B3 | 8BEC                     | mov ebp,esp                             | ebp: 19F974-> 19F960                              |                                   |
353 | 770A44B5 | 8B55 0C                  | mov edx,dword ptr ss:[ebp+C]            | edx: 69-> 77190328                                | 0019F96C: 77190328-> 77190328     | [ebp+0C]:"444"
354 | 770A44B8 | 836A 08 01               | sub dword ptr ds:[edx+8],1              | eflags: 246-> 202                                 | 77190330: FFE-> FFD               | edx+08:"ok\n"
355 | 770A44BC | 78 0E                    | js ucrtbase.770A44CC                    |                                                   |                                   |
356 | 770A44BE | 8B02                     | mov eax,dword ptr ds:[edx]              | eax: 69-> C6204A                                  | 77190328: C6204A-> C6204A         | eax:&"\n\n", edx:"%s"
357 | 770A44C0 | 8A4D 08                  | mov cl,byte ptr ss:[ebp+8]              | ecx: 19FE30-> 19FE69                              | 0019F968: 69-> 69                 |
358 | 770A44C3 | 8808                     | mov byte ptr ds:[eax],cl                |                                                   | 00C6204A: 790A6C69-> 790A6C69     | eax:&"\n\n"
359 | 770A44C5 | FF02                     | inc dword ptr ds:[edx]                  | eflags: 202-> 206                                 | 77190328: C6204A-> C6204B         | edx:"%s"
35A | 770A44C7 | 0FB6C1                   | movzx eax,cl                            | eax: C6204A-> 69                                  |                                   | eax:&"\n\n"
35B | 770A44CA | 5D                       | pop ebp                                 | esp: 19F960-> 19F964 ebp: 19F960-> 19F974         | 0019F960: 19F974-> 19F974         |
35C | 770A44CB | C3                       | ret                                     | esp: 19F964-> 19F968                              | 0019F964: 770A5C7F-> 770A5C7F     |
35D | 770A5C7F | 83F8 FF                  | cmp eax,FFFFFFFF                        | eflags: 206-> 217                                 |                                   | eax:&"\n\n"
35E | 770A5C82 | 59                       | pop ecx                                 | ecx: 19FE69-> 69 esp: 19F968-> 19F96C             | 0019F968: 69-> 69                 | ecx:&"444"
35F | 770A5C83 | 59                       | pop ecx                                 | ecx: 69-> 77190328 esp: 19F96C-> 19F970           | 0019F96C: 77190328-> 77190328     | ecx:&"444"
360 | 770A5C84 | 0F95C0                   | setne al                                | eax: 69-> 1                                       |                                   |
361 | 770A5C87 | 59                       | pop ecx                                 | ecx: 77190328-> 19FE30 esp: 19F970-> 19F974       | 0019F970: 19FE30-> 19FE30         | ecx:&"444"
362 | 770A5C88 | 5D                       | pop ebp                                 | esp: 19F974-> 19F978 ebp: 19F974-> 19F988         | 0019F974: 19F988-> 19F988         |
363 | 770A5C89 | C2 0400                  | ret 4                                   | esp: 19F978-> 19F980                              | 0019F978: 770A5BCD-> 770A5BCD     |
364 | 770A5BCD | 84C0                     | test al,al                              | eflags: 217-> 202                                 |                                   |
365 | 770A5BCF | 74 0C                    | je ucrtbase.770A5BDD                    |                                                   |                                   |
366 | 770A5BD1 | FF46 18                  | inc dword ptr ds:[esi+18]               | eflags: 202-> 206                                 | 0019FA00: 2-> 3                   | esi+18:"unicorn\\Emu\\Release\\Sample.vmp.exe"
367 | 770A5BD4 | B0 01                    | mov al,1                                |                                                   |                                   |
368 | 770A5BD6 | 5E                       | pop esi                                 | esp: 19F980-> 19F984                              | 0019F980: 19F9E8-> 19F9E8         | esi:&"E:\\新建文件夹11\\unicorn\\Emu\\Release\\Sample.vmp.exe"
369 | 770A5BD7 | C9                       | leave                                   | esp: 19F984-> 19F98C ebp: 19F988-> 19F9A8         | 0019F988: 19F9A8-> 19F9A8         |
36A | 770A5BD8 | C3                       | ret                                     | esp: 19F98C-> 19F990                              | 0019F98C: 770A59D7-> 770A59D7     |
36B | 770A59D7 | 84C0                     | test al,al                              | eflags: 206-> 202                                 |                                   |
36C | 770A59D9 | 0F85 A7000000            | jne ucrtbase.770A5A86                   |                                                   |                                   |
36D | 770A5A86 | 8B46 10                  | mov eax,dword ptr ds:[esi+10]           | eax: 1-> 402107                                   | 0019F9F8: 402107-> 402107         | eax:&"\n\n"
36E | 770A5A89 | 8A00                     | mov al,byte ptr ds:[eax]                | eax: 402107-> 40216C                              | 00402107: A6C-> A6C               | eax:&"\n\n"
36F | 770A5A8B | 8846 31                  | mov byte ptr ds:[esi+31],al             |                                                   | 0019FA19: C4004069-> C400406C     | esi+31:"e.vmp.exe"
370 | 770A5A8E | 84C0                     | test al,al                              | eflags: 202-> 206                                 |                                   |
371 | 770A5A90 | 0F85 E7FEFFFF            | jne ucrtbase.770A597D                   |                                                   |                                   |
372 | 770A597D | FF46 10                  | inc dword ptr ds:[esi+10]               | eflags: 206-> 202                                 | 0019F9F8: 402107-> 402108         |
373 | 770A5980 | 837E 18 00               | cmp dword ptr ds:[esi+18],0             | eflags: 202-> 206                                 | 0019FA00: 3-> 3                   | esi+18:"unicorn\\Emu\\Release\\Sample.vmp.exe"
374 | 770A5984 | 8B46 10                  | mov eax,dword ptr ds:[esi+10]           | eax: 40216C-> 402108                              | 0019F9F8: 402108-> 402108         | eax:&"\n\n"
375 | 770A5987 | 7C D4                    | jl ucrtbase.770A595D                    |                                                   |                                   |
376 | 770A5989 | 8A4E 31                  | mov cl,byte ptr ds:[esi+31]             | ecx: 19FE30-> 19FE6C                              | 0019FA19: C400406C-> C400406C     | esi+31:"e.vmp.exe"
377 | 770A598C | 8AC1                     | mov al,cl                               | eax: 402108-> 40216C                              |                                   |
378 | 770A598E | 2C 20                    | sub al,20                               | eax: 40216C-> 40214C eflags: 206-> 202            |                                   |
379 | 770A5990 | 3C 5A                    | cmp al,5A                               | eflags: 202-> 283                                 |                                   | 5A:'Z'
37A | 770A5992 | 77 12                    | ja ucrtbase.770A59A6                    |                                                   |                                   |
37B | 770A5994 | 0FBEC1                   | movsx eax,cl                            | eax: 40214C-> 6C                                  |                                   | eax:&"\n\n"
37C | 770A5997 | 83E8 20                  | sub eax,20                              | eax: 6C-> 4C eflags: 283-> 202                    |                                   | eax:&"\n\n"
37D | 770A599A | 83E0 7F                  | and eax,7F                              |                                                   |                                   | eax:&"\n\n"
37E | 770A599D | 8B14C5 E4A40877          | mov edx,dword ptr ds:[eax*8+7708A4E4]   | edx: 77190328-> 7                                 | 7708A744: 7-> 7                   | edx:"%s"
37F | 770A59A4 | EB 02                    | jmp ucrtbase.770A59A8                   |                                                   |                                   |
380 | 770A59A8 | 8B46 1C                  | mov eax,dword ptr ds:[esi+1C]           | eax: 4C-> 0                                       | 0019FA04: 0-> 0                   | eax:&"\n\n", esi+1C:"orn\\Emu\\Release\\Sample.vmp.exe"
381 | 770A59AB | 8D04D0                   | lea eax,dword ptr ds:[eax+edx*8]        | eax: 0-> 38                                       |                                   | eax:&"\n\n"
382 | 770A59AE | 83E0 7F                  | and eax,7F                              |                                                   |                                   | eax:&"\n\n"
383 | 770A59B1 | 8B04C5 E0A40877          | mov eax,dword ptr ds:[eax*8+7708A4E0]   | eax: 38-> 0                                       | 7708A6A0: 0-> 0                   | eax:&"\n\n"
384 | 770A59B8 | 8946 1C                  | mov dword ptr ds:[esi+1C],eax           |                                                   | 0019FA04: 0-> 0                   | esi+1C:"orn\\Emu\\Release\\Sample.vmp.exe", eax:&"\n\n"
385 | 770A59BB | 83F8 08                  | cmp eax,8                               | eflags: 202-> 293                                 |                                   | eax:&"\n\n"
386 | 770A59BE | 0F84 DD000000            | je ucrtbase.770A5AA1                    |                                                   |                                   |
387 | 770A59C4 | 83F8 07                  | cmp eax,7                               | eflags: 293-> 297                                 |                                   | eax:&"\n\n"
388 | 770A59C7 | 77 26                    | ja ucrtbase.770A59EF                    |                                                   |                                   |
389 | 770A59C9 | FF2485 485B0A77          | jmp dword ptr ds:[eax*4+770A5B48]       |                                                   | 770A5B48: 770A59D0-> 770A59D0     |
38A | 770A59D0 | 8BCE                     | mov ecx,esi                             | ecx: 19FE6C-> 19F9E8                              |                                   | ecx:&"444", esi:&"E:\\新建文件夹11\\unicorn\\Emu\\Release\\Sample.vmp.exe"
38B | 770A59D2 | E8 CF010000              | call ucrtbase.770A5BA6                  | esp: 19F990-> 19F98C                              | 0019F98C: 77190328-> 770A59D7     |
38C | 770A5BA6 | 8BFF                     | mov edi,edi                             |                                                   |                                   |
38D | 770A5BA8 | 55                       | push ebp                                | esp: 19F98C-> 19F988                              | 0019F988: 770A59D7-> 19F9A8       |
38E | 770A5BA9 | 8BEC                     | mov ebp,esp                             | ebp: 19F9A8-> 19F988                              |                                   |
38F | 770A5BAB | 51                       | push ecx                                | esp: 19F988-> 19F984                              | 0019F984: 19F9A8-> 19F9E8         | ecx:&"444"
390 | 770A5BAC | 56                       | push esi                                | esp: 19F984-> 19F980                              | 0019F980: 19F9E8-> 19F9E8         | esi:&"E:\\新建文件夹11\\unicorn\\Emu\\Release\\Sample.vmp.exe"
391 | 770A5BAD | 51                       | push ecx                                | esp: 19F980-> 19F97C                              | 0019F97C: 19F9E8-> 19F9E8         | ecx:&"444"
392 | 770A5BAE | 8BF1                     | mov esi,ecx                             |                                                   |                                   | esi:&"E:\\新建文件夹11\\unicorn\\Emu\\Release\\Sample.vmp.exe", ecx:&"444"
393 | 770A5BB0 | E8 B3FFFFFF              | call ucrtbase.770A5B68                  | esp: 19F97C-> 19F978                              | 0019F978: 19F9E8-> 770A5BB5       |
394 | 770A5B68 | 8BFF                     | mov edi,edi                             |                                                   |                                   |
395 | 770A5B6A | 51                       | push ecx                                | esp: 19F978-> 19F974                              | 0019F974: 770A5BB5-> 19F9E8       | ecx:&"444"
396 | 770A5B6B | 53                       | push ebx                                | esp: 19F974-> 19F970                              | 0019F970: 19F9E8-> FFFFFFFF       |
397 | 770A5B6C | 56                       | push esi                                | esp: 19F970-> 19F96C                              | 0019F96C: FFFFFFFF-> 19F9E8       | esi:&"E:\\新建文件夹11\\unicorn\\Emu\\Release\\Sample.vmp.exe"
398 | 770A5B6D | 8BF1                     | mov esi,ecx                             |                                                   |                                   | esi:&"E:\\新建文件夹11\\unicorn\\Emu\\Release\\Sample.vmp.exe", ecx:&"444"
399 | 770A5B6F | 83CB FF                  | or ebx,FFFFFFFF                         | eflags: 297-> 286                                 |                                   |
39A | 770A5B72 | 57                       | push edi                                | esp: 19F96C-> 19F968                              | 0019F968: 19F9E8-> 77190328       | edi:&"ALLUSERSPROFILE=C:\\ProgramData"
39B | 770A5B73 | 8A56 31                  | mov dl,byte ptr ds:[esi+31]             | edx: 7-> 6C                                       | 0019FA19: C400406C-> C400406C     | esi+31:"e.vmp.exe"
39C | 770A5B76 | 0FBECA                   | movsx ecx,dl                            | ecx: 19F9E8-> 6C                                  |                                   | ecx:&"444"
39D | 770A5B79 | C646 3C 00               | mov byte ptr ds:[esi+3C],0              |                                                   | 0019FA24: 0-> 0                   |
39E | 770A5B7D | 3BCB                     | cmp ecx,ebx                             | eflags: 286-> 213                                 |                                   | ecx:&"444"
39F | 770A5B7F | 7C 21                    | jl ucrtbase.770A5BA2                    |                                                   |                                   |
3A0 | 770A5B81 | 8B46 08                  | mov eax,dword ptr ds:[esi+8]            | eax: 0-> 19F9DC                                   | 0019F9F0: 19F9DC-> 19F9DC         | eax:&"\n\n", esi+08:"E:\\新建文件夹11\\unicorn\\Emu\\Release\\Sample.vmp.exe"
3A1 | 770A5B84 | 8B00                     | mov eax,dword ptr ds:[eax]              | eax: 19F9DC-> 77190060                            | 0019F9DC: 77190060-> 77190060     | eax:&"\n\n", [eax]:"\n\n"
3A2 | 770A5B86 | 8B00                     | mov eax,dword ptr ds:[eax]              | eax: 77190060-> 77087340                          | 77190060: 77087340-> 77087340     | eax:&"\n\n", [eax]:"\n\n"
3A3 | 770A5B88 | 0FB70448                 | movzx eax,word ptr ds:[eax+ecx*2]       | eax: 77087340-> 2                                 | 77087418: 20002-> 20002           | eax:&"\n\n", eax+ecx*2:ResetDCWImpl+8C8
3A4 | 770A5B8C | 25 00800000              | and eax,8000                            | eax: 2-> 0 eflags: 213-> 246                      |                                   | eax:&"\n\n"
3A5 | 770A5B91 | 85C0                     | test eax,eax                            |                                                   |                                   | eax:&"\n\n"
3A6 | 770A5B93 | 0F85 0BC00400            | jne ucrtbase.770F1BA4                   |                                                   |                                   |
3A7 | 770A5B99 | B0 01                    | mov al,1                                | eax: 0-> 1                                        |                                   |
3A8 | 770A5B9B | 5F                       | pop edi                                 | esp: 19F968-> 19F96C                              | 0019F968: 77190328-> 77190328     | edi:&"ALLUSERSPROFILE=C:\\ProgramData"
3A9 | 770A5B9C | 5E                       | pop esi                                 | esp: 19F96C-> 19F970                              | 0019F96C: 19F9E8-> 19F9E8         | esi:&"E:\\新建文件夹11\\unicorn\\Emu\\Release\\Sample.vmp.exe"
3AA | 770A5B9D | 5B                       | pop ebx                                 | esp: 19F970-> 19F974                              | 0019F970: FFFFFFFF-> FFFFFFFF     |
3AB | 770A5B9E | 59                       | pop ecx                                 | ecx: 6C-> 19F9E8 esp: 19F974-> 19F978             | 0019F974: 19F9E8-> 19F9E8         | ecx:&"444"
3AC | 770A5B9F | C2 0400                  | ret 4                                   | esp: 19F978-> 19F980                              | 0019F978: 770A5BB5-> 770A5BB5     |
3AD | 770A5BB5 | 84C0                     | test al,al                              | eflags: 246-> 202                                 |                                   |
3AE | 770A5BB7 | 74 20                    | je ucrtbase.770A5BD9                    |                                                   |                                   |
3AF | 770A5BB9 | 8A46 31                  | mov al,byte ptr ds:[esi+31]             | eax: 1-> 6C                                       | 0019FA19: C400406C-> C400406C     | esi+31:"e.vmp.exe"
3B0 | 770A5BBC | 8D8E 48040000            | lea ecx,dword ptr ds:[esi+448]          | ecx: 19F9E8-> 19FE30                              |                                   | ecx:&"444"
3B1 | 770A5BC2 | 8845 FC                  | mov byte ptr ss:[ebp-4],al              |                                                   | 0019F984: 19F9E8-> 19F96C         |
3B2 | 770A5BC5 | FF75 FC                  | push dword ptr ss:[ebp-4]               | esp: 19F980-> 19F97C                              | 0019F984: 19F96C-> 19F96C 0019F97 | [ebp-04]:&"444"
3B3 | 770A5BC8 | E8 8F000000              | call ucrtbase.770A5C5C                  | esp: 19F97C-> 19F978                              | 0019F978: 19F96C-> 770A5BCD       |
3B4 | 770A5C5C | 8BFF                     | mov edi,edi                             |                                                   |                                   |
3B5 | 770A5C5E | 55                       | push ebp                                | esp: 19F978-> 19F974                              | 0019F974: 770A5BCD-> 19F988       |
3B6 | 770A5C5F | 8BEC                     | mov ebp,esp                             | ebp: 19F988-> 19F974                              |                                   |
3B7 | 770A5C61 | 51                       | push ecx                                | esp: 19F974-> 19F970                              | 0019F970: 19F988-> 19FE30         | ecx:&"444"
3B8 | 770A5C62 | 8B01                     | mov eax,dword ptr ds:[ecx]              | eax: 6C-> 77190328                                | 0019FE30: 77190328-> 77190328     | eax:&"\n\n", [ecx]:"444"
3B9 | 770A5C64 | 8B40 0C                  | mov eax,dword ptr ds:[eax+C]            | eax: 77190328-> 2282                              | 77190334: 2282-> 2282             | eax:&"\n\n", eax+0C:"A "
3BA | 770A5C67 | 90                       | nop                                     |                                                   |                                   |
3BB | 770A5C68 | A9 00100000              | test eax,1000                           | eflags: 202-> 246                                 |                                   | eax:&"\n\n"
3BC | 770A5C6D | 0F85 3CC00400            | jne ucrtbase.770F1CAF                   |                                                   |                                   |
3BD | 770A5C73 | FF31                     | push dword ptr ds:[ecx]                 | esp: 19F970-> 19F96C                              | 0019FE30: 77190328-> 77190328 001 | [ecx]:"444"
3BE | 770A5C75 | 0FBE45 08                | movsx eax,byte ptr ss:[ebp+8]           | eax: 2282-> 6C                                    | 0019F97C: 19F96C-> 19F96C         |
3BF | 770A5C79 | 50                       | push eax                                | esp: 19F96C-> 19F968                              | 0019F968: 77190328-> 6C           | eax:&"\n\n"
3C0 | 770A5C7A | E8 31E8FFFF              | call <ucrtbase._fputc_nolock>           | esp: 19F968-> 19F964                              | 0019F964: 6C-> 770A5C7F           |
3C1 | 770A44B0 | 8BFF                     | mov edi,edi                             |                                                   |                                   |
3C2 | 770A44B2 | 55                       | push ebp                                | esp: 19F964-> 19F960                              | 0019F960: 770A5C7F-> 19F974       |
3C3 | 770A44B3 | 8BEC                     | mov ebp,esp                             | ebp: 19F974-> 19F960                              |                                   |
3C4 | 770A44B5 | 8B55 0C                  | mov edx,dword ptr ss:[ebp+C]            | edx: 6C-> 77190328                                | 0019F96C: 77190328-> 77190328     | [ebp+0C]:"444"
3C5 | 770A44B8 | 836A 08 01               | sub dword ptr ds:[edx+8],1              | eflags: 246-> 206                                 | 77190330: FFD-> FFC               | edx+08:"ok\n"
3C6 | 770A44BC | 78 0E                    | js ucrtbase.770A44CC                    |                                                   |                                   |
3C7 | 770A44BE | 8B02                     | mov eax,dword ptr ds:[edx]              | eax: 6C-> C6204B                                  | 77190328: C6204B-> C6204B         | eax:&"\n\n", edx:"%s"
3C8 | 770A44C0 | 8A4D 08                  | mov cl,byte ptr ss:[ebp+8]              | ecx: 19FE30-> 19FE6C                              | 0019F968: 6C-> 6C                 |
3C9 | 770A44C3 | 8808                     | mov byte ptr ds:[eax],cl                |                                                   | 00C6204B: C5790A6C-> C5790A6C     | eax:&"\n\n"
3CA | 770A44C5 | FF02                     | inc dword ptr ds:[edx]                  | eflags: 206-> 202                                 | 77190328: C6204B-> C6204C         | edx:"%s"
3CB | 770A44C7 | 0FB6C1                   | movzx eax,cl                            | eax: C6204B-> 6C                                  |                                   | eax:&"\n\n"
3CC | 770A44CA | 5D                       | pop ebp                                 | esp: 19F960-> 19F964 ebp: 19F960-> 19F974         | 0019F960: 19F974-> 19F974         |
3CD | 770A44CB | C3                       | ret                                     | esp: 19F964-> 19F968                              | 0019F964: 770A5C7F-> 770A5C7F     |
3CE | 770A5C7F | 83F8 FF                  | cmp eax,FFFFFFFF                        | eflags: 202-> 213                                 |                                   | eax:&"\n\n"
3CF | 770A5C82 | 59                       | pop ecx                                 | ecx: 19FE6C-> 6C esp: 19F968-> 19F96C             | 0019F968: 6C-> 6C                 | ecx:&"444"
3D0 | 770A5C83 | 59                       | pop ecx                                 | ecx: 6C-> 77190328 esp: 19F96C-> 19F970           | 0019F96C: 77190328-> 77190328     | ecx:&"444"
3D1 | 770A5C84 | 0F95C0                   | setne al                                | eax: 6C-> 1                                       |                                   |
3D2 | 770A5C87 | 59                       | pop ecx                                 | ecx: 77190328-> 19FE30 esp: 19F970-> 19F974       | 0019F970: 19FE30-> 19FE30         | ecx:&"444"
3D3 | 770A5C88 | 5D                       | pop ebp                                 | esp: 19F974-> 19F978 ebp: 19F974-> 19F988         | 0019F974: 19F988-> 19F988         |
3D4 | 770A5C89 | C2 0400                  | ret 4                                   | esp: 19F978-> 19F980                              | 0019F978: 770A5BCD-> 770A5BCD     |
3D5 | 770A5BCD | 84C0                     | test al,al                              | eflags: 213-> 202                                 |                                   |
3D6 | 770A5BCF | 74 0C                    | je ucrtbase.770A5BDD                    |                                                   |                                   |
3D7 | 770A5BD1 | FF46 18                  | inc dword ptr ds:[esi+18]               |                                                   | 0019FA00: 3-> 4                   | esi+18:"unicorn\\Emu\\Release\\Sample.vmp.exe"
3D8 | 770A5BD4 | B0 01                    | mov al,1                                |                                                   |                                   |
3D9 | 770A5BD6 | 5E                       | pop esi                                 | esp: 19F980-> 19F984                              | 0019F980: 19F9E8-> 19F9E8         | esi:&"E:\\新建文件夹11\\unicorn\\Emu\\Release\\Sample.vmp.exe"
3DA | 770A5BD7 | C9                       | leave                                   | esp: 19F984-> 19F98C ebp: 19F988-> 19F9A8         | 0019F988: 19F9A8-> 19F9A8         |
3DB | 770A5BD8 | C3                       | ret                                     | esp: 19F98C-> 19F990                              | 0019F98C: 770A59D7-> 770A59D7     |
3DC | 770A59D7 | 84C0                     | test al,al                              |                                                   |                                   |
3DD | 770A59D9 | 0F85 A7000000            | jne ucrtbase.770A5A86                   |                                                   |                                   |
3DE | 770A5A86 | 8B46 10                  | mov eax,dword ptr ds:[esi+10]           | eax: 1-> 402108                                   | 0019F9F8: 402108-> 402108         | eax:&"\n\n"
3DF | 770A5A89 | 8A00                     | mov al,byte ptr ds:[eax]                | eax: 402108-> 40210A                              | 00402108: A-> A                   | eax:&"\n\n"
3E0 | 770A5A8B | 8846 31                  | mov byte ptr ds:[esi+31],al             |                                                   | 0019FA19: C400406C-> C400400A     | esi+31:"e.vmp.exe"
3E1 | 770A5A8E | 84C0                     | test al,al                              | eflags: 202-> 206                                 |                                   |
3E2 | 770A5A90 | 0F85 E7FEFFFF            | jne ucrtbase.770A597D                   |                                                   |                                   |
3E3 | 770A597D | FF46 10                  | inc dword ptr ds:[esi+10]               |                                                   | 0019F9F8: 402108-> 402109         |
3E4 | 770A5980 | 837E 18 00               | cmp dword ptr ds:[esi+18],0             | eflags: 206-> 202                                 | 0019FA00: 4-> 4                   | esi+18:"unicorn\\Emu\\Release\\Sample.vmp.exe"
3E5 | 770A5984 | 8B46 10                  | mov eax,dword ptr ds:[esi+10]           | eax: 40210A-> 402109                              | 0019F9F8: 402109-> 402109         | eax:&"\n\n"
3E6 | 770A5987 | 7C D4                    | jl ucrtbase.770A595D                    |                                                   |                                   |
3E7 | 770A5989 | 8A4E 31                  | mov cl,byte ptr ds:[esi+31]             | ecx: 19FE30-> 19FE0A                              | 0019FA19: C400400A-> C400400A     | esi+31:"e.vmp.exe"
3E8 | 770A598C | 8AC1                     | mov al,cl                               | eax: 402109-> 40210A                              |                                   |
3E9 | 770A598E | 2C 20                    | sub al,20                               | eax: 40210A-> 4021EA eflags: 202-> 283            |                                   |
3EA | 770A5990 | 3C 5A                    | cmp al,5A                               | eflags: 283-> 286                                 |                                   | 5A:'Z'
3EB | 770A5992 | 77 12                    | ja ucrtbase.770A59A6                    |                                                   |                                   |
3EC | 770A59A6 | 33D2                     | xor edx,edx                             | edx: 77190328-> 0 eflags: 286-> 246               |                                   | edx:"%s"
3ED | 770A59A8 | 8B46 1C                  | mov eax,dword ptr ds:[esi+1C]           | eax: 4021EA-> 0                                   | 0019FA04: 0-> 0                   | eax:&"\n\n", esi+1C:"orn\\Emu\\Release\\Sample.vmp.exe"
3EE | 770A59AB | 8D04D0                   | lea eax,dword ptr ds:[eax+edx*8]        |                                                   |                                   | eax:&"\n\n"
3EF | 770A59AE | 83E0 7F                  | and eax,7F                              |                                                   |                                   | eax:&"\n\n"
3F0 | 770A59B1 | 8B04C5 E0A40877          | mov eax,dword ptr ds:[eax*8+7708A4E0]   |                                                   | 7708A4E0: 0-> 0                   | eax:&"\n\n"
3F1 | 770A59B8 | 8946 1C                  | mov dword ptr ds:[esi+1C],eax           |                                                   | 0019FA04: 0-> 0                   | esi+1C:"orn\\Emu\\Release\\Sample.vmp.exe", eax:&"\n\n"
3F2 | 770A59BB | 83F8 08                  | cmp eax,8                               | eflags: 246-> 293                                 |                                   | eax:&"\n\n"
3F3 | 770A59BE | 0F84 DD000000            | je ucrtbase.770A5AA1                    |                                                   |                                   |
3F4 | 770A59C4 | 83F8 07                  | cmp eax,7                               | eflags: 293-> 297                                 |                                   | eax:&"\n\n"
3F5 | 770A59C7 | 77 26                    | ja ucrtbase.770A59EF                    |                                                   |                                   |
3F6 | 770A59C9 | FF2485 485B0A77          | jmp dword ptr ds:[eax*4+770A5B48]       |                                                   | 770A5B48: 770A59D0-> 770A59D0     |
3F7 | 770A59D0 | 8BCE                     | mov ecx,esi                             | ecx: 19FE0A-> 19F9E8                              |                                   | ecx:&"444", esi:&"E:\\新建文件夹11\\unicorn\\Emu\\Release\\Sample.vmp.exe"
3F8 | 770A59D2 | E8 CF010000              | call ucrtbase.770A5BA6                  | esp: 19F990-> 19F98C                              | 0019F98C: 77190328-> 770A59D7     |
3F9 | 770A5BA6 | 8BFF                     | mov edi,edi                             |                                                   |                                   |
3FA | 770A5BA8 | 55                       | push ebp                                | esp: 19F98C-> 19F988                              | 0019F988: 770A59D7-> 19F9A8       |
3FB | 770A5BA9 | 8BEC                     | mov ebp,esp                             | ebp: 19F9A8-> 19F988                              |                                   |
3FC | 770A5BAB | 51                       | push ecx                                | esp: 19F988-> 19F984                              | 0019F984: 19F9A8-> 19F9E8         | ecx:&"444"
3FD | 770A5BAC | 56                       | push esi                                | esp: 19F984-> 19F980                              | 0019F980: 19F9E8-> 19F9E8         | esi:&"E:\\新建文件夹11\\unicorn\\Emu\\Release\\Sample.vmp.exe"
3FE | 770A5BAD | 51                       | push ecx                                | esp: 19F980-> 19F97C                              | 0019F97C: 19F9E8-> 19F9E8         | ecx:&"444"
3FF | 770A5BAE | 8BF1                     | mov esi,ecx                             |                                                   |                                   | esi:&"E:\\新建文件夹11\\unicorn\\Emu\\Release\\Sample.vmp.exe", ecx:&"444"
400 | 770A5BB0 | E8 B3FFFFFF              | call ucrtbase.770A5B68                  | esp: 19F97C-> 19F978                              | 0019F978: 19F9E8-> 770A5BB5       |
401 | 770A5B68 | 8BFF                     | mov edi,edi                             |                                                   |                                   |
402 | 770A5B6A | 51                       | push ecx                                | esp: 19F978-> 19F974                              | 0019F974: 770A5BB5-> 19F9E8       | ecx:&"444"
403 | 770A5B6B | 53                       | push ebx                                | esp: 19F974-> 19F970                              | 0019F970: 19F9E8-> FFFFFFFF       |
404 | 770A5B6C | 56                       | push esi                                | esp: 19F970-> 19F96C                              | 0019F96C: FFFFFFFF-> 19F9E8       | esi:&"E:\\新建文件夹11\\unicorn\\Emu\\Release\\Sample.vmp.exe"
405 | 770A5B6D | 8BF1                     | mov esi,ecx                             |                                                   |                                   | esi:&"E:\\新建文件夹11\\unicorn\\Emu\\Release\\Sample.vmp.exe", ecx:&"444"
406 | 770A5B6F | 83CB FF                  | or ebx,FFFFFFFF                         | eflags: 297-> 286                                 |                                   |
407 | 770A5B72 | 57                       | push edi                                | esp: 19F96C-> 19F968                              | 0019F968: 19F9E8-> 77190328       | edi:&"ALLUSERSPROFILE=C:\\ProgramData"
408 | 770A5B73 | 8A56 31                  | mov dl,byte ptr ds:[esi+31]             | edx: 0-> A                                        | 0019FA19: C400400A-> C400400A     | esi+31:"e.vmp.exe"
409 | 770A5B76 | 0FBECA                   | movsx ecx,dl                            | ecx: 19F9E8-> A                                   |                                   | ecx:&"444"
40A | 770A5B79 | C646 3C 00               | mov byte ptr ds:[esi+3C],0              |                                                   | 0019FA24: 0-> 0                   |
40B | 770A5B7D | 3BCB                     | cmp ecx,ebx                             | eflags: 286-> 213                                 |                                   | ecx:&"444"
40C | 770A5B7F | 7C 21                    | jl ucrtbase.770A5BA2                    |                                                   |                                   |
40D | 770A5B81 | 8B46 08                  | mov eax,dword ptr ds:[esi+8]            | eax: 0-> 19F9DC                                   | 0019F9F0: 19F9DC-> 19F9DC         | eax:&"\n\n", esi+08:"E:\\新建文件夹11\\unicorn\\Emu\\Release\\Sample.vmp.exe"
40E | 770A5B84 | 8B00                     | mov eax,dword ptr ds:[eax]              | eax: 19F9DC-> 77190060                            | 0019F9DC: 77190060-> 77190060     | eax:&"\n\n", [eax]:"\n\n"
40F | 770A5B86 | 8B00                     | mov eax,dword ptr ds:[eax]              | eax: 77190060-> 77087340                          | 77190060: 77087340-> 77087340     | eax:&"\n\n", [eax]:"\n\n"
410 | 770A5B88 | 0FB70448                 | movzx eax,word ptr ds:[eax+ecx*2]       | eax: 77087340-> 28                                | 77087354: 280028-> 280028         | eax:&"\n\n", eax+ecx*2:ResetDCWImpl+8C8
411 | 770A5B8C | 25 00800000              | and eax,8000                            | eax: 28-> 0 eflags: 213-> 246                     |                                   | eax:&"\n\n"
412 | 770A5B91 | 85C0                     | test eax,eax                            |                                                   |                                   | eax:&"\n\n"
413 | 770A5B93 | 0F85 0BC00400            | jne ucrtbase.770F1BA4                   |                                                   |                                   |
414 | 770A5B99 | B0 01                    | mov al,1                                | eax: 0-> 1                                        |                                   |
415 | 770A5B9B | 5F                       | pop edi                                 | esp: 19F968-> 19F96C                              | 0019F968: 77190328-> 77190328     | edi:&"ALLUSERSPROFILE=C:\\ProgramData"
416 | 770A5B9C | 5E                       | pop esi                                 | esp: 19F96C-> 19F970                              | 0019F96C: 19F9E8-> 19F9E8         | esi:&"E:\\新建文件夹11\\unicorn\\Emu\\Release\\Sample.vmp.exe"
417 | 770A5B9D | 5B                       | pop ebx                                 | esp: 19F970-> 19F974                              | 0019F970: FFFFFFFF-> FFFFFFFF     |
418 | 770A5B9E | 59                       | pop ecx                                 | ecx: A-> 19F9E8 esp: 19F974-> 19F978              | 0019F974: 19F9E8-> 19F9E8         | ecx:&"444"
419 | 770A5B9F | C2 0400                  | ret 4                                   | esp: 19F978-> 19F980                              | 0019F978: 770A5BB5-> 770A5BB5     |
41A | 770A5BB5 | 84C0                     | test al,al                              | eflags: 246-> 202                                 |                                   |
41B | 770A5BB7 | 74 20                    | je ucrtbase.770A5BD9                    |                                                   |                                   |
41C | 770A5BB9 | 8A46 31                  | mov al,byte ptr ds:[esi+31]             | eax: 1-> A                                        | 0019FA19: C400400A-> C400400A     | esi+31:"e.vmp.exe"
41D | 770A5BBC | 8D8E 48040000            | lea ecx,dword ptr ds:[esi+448]          | ecx: 19F9E8-> 19FE30                              |                                   | ecx:&"444"
41E | 770A5BC2 | 8845 FC                  | mov byte ptr ss:[ebp-4],al              |                                                   | 0019F984: 19F9E8-> 19F90A         |
41F | 770A5BC5 | FF75 FC                  | push dword ptr ss:[ebp-4]               | esp: 19F980-> 19F97C                              | 0019F984: 19F90A-> 19F90A 0019F97 | [ebp-04]:&"444"
420 | 770A5BC8 | E8 8F000000              | call ucrtbase.770A5C5C                  | esp: 19F97C-> 19F978                              | 0019F978: 19F90A-> 770A5BCD       |
421 | 770A5C5C | 8BFF                     | mov edi,edi                             |                                                   |                                   |
422 | 770A5C5E | 55                       | push ebp                                | esp: 19F978-> 19F974                              | 0019F974: 770A5BCD-> 19F988       |
423 | 770A5C5F | 8BEC                     | mov ebp,esp                             | ebp: 19F988-> 19F974                              |                                   |
424 | 770A5C61 | 51                       | push ecx                                | esp: 19F974-> 19F970                              | 0019F970: 19F988-> 19FE30         | ecx:&"444"
425 | 770A5C62 | 8B01                     | mov eax,dword ptr ds:[ecx]              | eax: A-> 77190328                                 | 0019FE30: 77190328-> 77190328     | eax:&"\n\n", [ecx]:"444"
426 | 770A5C64 | 8B40 0C                  | mov eax,dword ptr ds:[eax+C]            | eax: 77190328-> 2282                              | 77190334: 2282-> 2282             | eax:&"\n\n", eax+0C:"A "
427 | 770A5C67 | 90                       | nop                                     |                                                   |                                   |
428 | 770A5C68 | A9 00100000              | test eax,1000                           | eflags: 202-> 246                                 |                                   | eax:&"\n\n"
429 | 770A5C6D | 0F85 3CC00400            | jne ucrtbase.770F1CAF                   |                                                   |                                   |
42A | 770A5C73 | FF31                     | push dword ptr ds:[ecx]                 | esp: 19F970-> 19F96C                              | 0019FE30: 77190328-> 77190328 001 | [ecx]:"444"
42B | 770A5C75 | 0FBE45 08                | movsx eax,byte ptr ss:[ebp+8]           | eax: 2282-> A                                     | 0019F97C: 19F90A-> 19F90A         |
42C | 770A5C79 | 50                       | push eax                                | esp: 19F96C-> 19F968                              | 0019F968: 77190328-> A            | eax:&"\n\n"
42D | 770A5C7A | E8 31E8FFFF              | call <ucrtbase._fputc_nolock>           | esp: 19F968-> 19F964                              | 0019F964: A-> 770A5C7F            |
42E | 770A44B0 | 8BFF                     | mov edi,edi                             |                                                   |                                   |
42F | 770A44B2 | 55                       | push ebp                                | esp: 19F964-> 19F960                              | 0019F960: 770A5C7F-> 19F974       |
430 | 770A44B3 | 8BEC                     | mov ebp,esp                             | ebp: 19F974-> 19F960                              |                                   |
431 | 770A44B5 | 8B55 0C                  | mov edx,dword ptr ss:[ebp+C]            | edx: A-> 77190328                                 | 0019F96C: 77190328-> 77190328     | [ebp+0C]:"444"
432 | 770A44B8 | 836A 08 01               | sub dword ptr ds:[edx+8],1              | eflags: 246-> 202                                 | 77190330: FFC-> FFB               | edx+08:"ok\n"
433 | 770A44BC | 78 0E                    | js ucrtbase.770A44CC                    |                                                   |                                   |
434 | 770A44BE | 8B02                     | mov eax,dword ptr ds:[edx]              | eax: A-> C6204C                                   | 77190328: C6204C-> C6204C         | eax:&"\n\n", edx:"%s"
435 | 770A44C0 | 8A4D 08                  | mov cl,byte ptr ss:[ebp+8]              | ecx: 19FE30-> 19FE0A                              | 0019F968: A-> A                   |
436 | 770A44C3 | 8808                     | mov byte ptr ds:[eax],cl                |                                                   | 00C6204C: C5790A-> C5790A         | eax:&"\n\n"
437 | 770A44C5 | FF02                     | inc dword ptr ds:[edx]                  | eflags: 202-> 206                                 | 77190328: C6204C-> C6204D         | edx:"%s"
438 | 770A44C7 | 0FB6C1                   | movzx eax,cl                            | eax: C6204C-> A                                   |                                   | eax:&"\n\n"
439 | 770A44CA | 5D                       | pop ebp                                 | esp: 19F960-> 19F964 ebp: 19F960-> 19F974         | 0019F960: 19F974-> 19F974         |
43A | 770A44CB | C3                       | ret                                     | esp: 19F964-> 19F968                              | 0019F964: 770A5C7F-> 770A5C7F     |
43B | 770A5C7F | 83F8 FF                  | cmp eax,FFFFFFFF                        | eflags: 206-> 213                                 |                                   | eax:&"\n\n"
43C | 770A5C82 | 59                       | pop ecx                                 | ecx: 19FE0A-> A esp: 19F968-> 19F96C              | 0019F968: A-> A                   | ecx:&"444"
43D | 770A5C83 | 59                       | pop ecx                                 | ecx: A-> 77190328 esp: 19F96C-> 19F970            | 0019F96C: 77190328-> 77190328     | ecx:&"444"
43E | 770A5C84 | 0F95C0                   | setne al                                | eax: A-> 1                                        |                                   |
43F | 770A5C87 | 59                       | pop ecx                                 | ecx: 77190328-> 19FE30 esp: 19F970-> 19F974       | 0019F970: 19FE30-> 19FE30         | ecx:&"444"
440 | 770A5C88 | 5D                       | pop ebp                                 | esp: 19F974-> 19F978 ebp: 19F974-> 19F988         | 0019F974: 19F988-> 19F988         |
441 | 770A5C89 | C2 0400                  | ret 4                                   | esp: 19F978-> 19F980                              | 0019F978: 770A5BCD-> 770A5BCD     |
442 | 770A5BCD | 84C0                     | test al,al                              | eflags: 213-> 202                                 |                                   |
443 | 770A5BCF | 74 0C                    | je ucrtbase.770A5BDD                    |                                                   |                                   |
444 | 770A5BD1 | FF46 18                  | inc dword ptr ds:[esi+18]               | eflags: 202-> 206                                 | 0019FA00: 4-> 5                   | esi+18:"unicorn\\Emu\\Release\\Sample.vmp.exe"
445 | 770A5BD4 | B0 01                    | mov al,1                                |                                                   |                                   |
446 | 770A5BD6 | 5E                       | pop esi                                 | esp: 19F980-> 19F984                              | 0019F980: 19F9E8-> 19F9E8         | esi:&"E:\\新建文件夹11\\unicorn\\Emu\\Release\\Sample.vmp.exe"
447 | 770A5BD7 | C9                       | leave                                   | esp: 19F984-> 19F98C ebp: 19F988-> 19F9A8         | 0019F988: 19F9A8-> 19F9A8         |
448 | 770A5BD8 | C3                       | ret                                     | esp: 19F98C-> 19F990                              | 0019F98C: 770A59D7-> 770A59D7     |
449 | 770A59D7 | 84C0                     | test al,al                              | eflags: 206-> 202                                 |                                   |
44A | 770A59D9 | 0F85 A7000000            | jne ucrtbase.770A5A86                   |                                                   |                                   |
44B | 770A5A86 | 8B46 10                  | mov eax,dword ptr ds:[esi+10]           | eax: 1-> 402109                                   | 0019F9F8: 402109-> 402109         | eax:&"\n\n"
44C | 770A5A89 | 8A00                     | mov al,byte ptr ds:[eax]                | eax: 402109-> 402100                              | 00402109: 28000000-> 28000000     | eax:&"\n\n"
44D | 770A5A8B | 8846 31                  | mov byte ptr ds:[esi+31],al             |                                                   | 0019FA19: C400400A-> C4004000     | esi+31:"e.vmp.exe"
44E | 770A5A8E | 84C0                     | test al,al                              | eflags: 202-> 246                                 |                                   |
44F | 770A5A90 | 0F85 E7FEFFFF            | jne ucrtbase.770A597D                   |                                                   |                                   |
450 | 770A5A96 | FF46 10                  | inc dword ptr ds:[esi+10]               | eflags: 246-> 206                                 | 0019F9F8: 402109-> 40210A         |
451 | 770A5A99 | 8B46 10                  | mov eax,dword ptr ds:[esi+10]           | eax: 402100-> 40210A                              | 0019F9F8: 40210A-> 40210A         | eax:&"\n\n"
452 | 770A5A9C | E9 BCFEFFFF              | jmp ucrtbase.770A595D                   |                                                   |                                   |
453 | 770A595D | FF86 50040000            | inc dword ptr ds:[esi+450]              | eflags: 206-> 202                                 | 0019FE38: 1-> 2                   |
454 | 770A5963 | 83BE 50040000 02         | cmp dword ptr ds:[esi+450],2            | eflags: 202-> 246                                 | 0019FE38: 2-> 2                   |
455 | 770A596A | 0F84 CD010000            | je ucrtbase.770A5B3D                    |                                                   |                                   |
456 | 770A5B3D | 8B46 18                  | mov eax,dword ptr ds:[esi+18]           | eax: 40210A-> 5                                   | 0019FA00: 5-> 5                   | eax:&"\n\n", esi+18:"unicorn\\Emu\\Release\\Sample.vmp.exe"
457 | 770A5B40 | E9 ACFEFFFF              | jmp ucrtbase.770A59F1                   |                                                   |                                   |
458 | 770A59F1 | 5F                       | pop edi                                 | esp: 19F990-> 19F994                              | 0019F990: 77190328-> 77190328     | edi:&"ALLUSERSPROFILE=C:\\ProgramData"
459 | 770A59F2 | 5E                       | pop esi                                 | esp: 19F994-> 19F998 esi: 19F9E8-> 19FEA0         | 0019F994: 19FEA0-> 19FEA0         | esi:&"E:\\新建文件夹11\\unicorn\\Emu\\Release\\Sample.vmp.exe"
45A | 770A59F3 | 5B                       | pop ebx                                 | ebx: FFFFFFFF-> 263001 esp: 19F998-> 19F99C       | 0019F998: 263001-> 263001         |
45B | 770A59F4 | C9                       | leave                                   | esp: 19F99C-> 19F9AC ebp: 19F9A8-> 19FE4C         | 0019F9A8: 19FE4C-> 19FE4C         |
45C | 770A59F5 | C3                       | ret                                     | esp: 19F9AC-> 19F9B0                              | 0019F9AC: 770A47C1-> 770A47C1     |
45D | 770A47C1 | FFB424 7C040000          | push dword ptr ss:[esp+47C]             | esp: 19F9B0-> 19F9AC                              | 0019FE2C: 0-> 0 0019F9AC: C5FB48- | [esp+47C]:__dyn_tls_init_callback+2EC7FB
45E | 770A47C8 | 8BF0                     | mov esi,eax                             | esi: 19FEA0-> 5                                   |                                   | esi:&"E:\\新建文件夹11\\unicorn\\Emu\\Release\\Sample.vmp.exe", eax:&"\n\n"
45F | 770A47CA | E8 B1F40000              | call <ucrtbase._free_base>              | esp: 19F9AC-> 19F9A8                              | 0019F9A8: 0-> 770A47CF            |
460 | 770B3C80 | 8BFF                     | mov edi,edi                             |                                                   |                                   |
461 | 770B3C82 | 55                       | push ebp                                | esp: 19F9A8-> 19F9A4                              | 0019F9A4: 770A47CF-> 19FE4C       |
462 | 770B3C83 | 8BEC                     | mov ebp,esp                             | ebp: 19FE4C-> 19F9A4                              |                                   |
463 | 770B3C85 | 8B45 08                  | mov eax,dword ptr ss:[ebp+8]            | eax: 5-> 0                                        | 0019F9AC: 0-> 0                   | [ebp+08]:"%s"
464 | 770B3C88 | 85C0                     | test eax,eax                            |                                                   |                                   | eax:&"\n\n"
465 | 770B3C8A | 74 17                    | je ucrtbase.770B3CA3                    |                                                   |                                   |
466 | 770B3CA3 | 5D                       | pop ebp                                 | esp: 19F9A4-> 19F9A8 ebp: 19F9A4-> 19FE4C         | 0019F9A4: 19FE4C-> 19FE4C         |
467 | 770B3CA4 | C3                       | ret                                     | esp: 19F9A8-> 19F9AC                              | 0019F9A8: 770A47CF-> 770A47CF     |
468 | 770A47CF | 83A424 80040000 00       | and dword ptr ss:[esp+480],0            |                                                   | 0019FE2C: 0-> 0                   | [esp+480]:__dyn_tls_init_callback+2FC825
469 | 770A47D7 | 807C24 38 00             | cmp byte ptr ss:[esp+38],0              |                                                   | 0019F9E4: 0-> 0                   |
46A | 770A47DC | 59                       | pop ecx                                 | ecx: 19FE30-> 0 esp: 19F9AC-> 19F9B0              | 0019F9AC: 0-> 0                   | ecx:&"444"
46B | 770A47DD | 74 0D                    | je ucrtbase.770A47EC                    |                                                   |                                   |
46C | 770A47EC | 8BD7                     | mov edx,edi                             |                                                   |                                   | edx:"%s", edi:&"ALLUSERSPROFILE=C:\\ProgramData"
46D | 770A47EE | 8ACB                     | mov cl,bl                               | ecx: 0-> 1                                        |                                   |
46E | 770A47F0 | E8 32160000              | call ucrtbase.770A5E27                  | esp: 19F9B0-> 19F9AC                              | 0019F9AC: C5FB48-> 770A47F5       |
46F | 770A5E27 | 8BFF                     | mov edi,edi                             |                                                   |                                   |
470 | 770A5E29 | 55                       | push ebp                                | esp: 19F9AC-> 19F9A8                              | 0019F9A8: 770A47F5-> 19FE4C       |
471 | 770A5E2A | 8BEC                     | mov ebp,esp                             | ebp: 19FE4C-> 19F9A8                              |                                   |
472 | 770A5E2C | 51                       | push ecx                                | esp: 19F9A8-> 19F9A4                              | 0019F9A4: 19FE4C-> 1              | ecx:&"444"
473 | 770A5E2D | 56                       | push esi                                | esp: 19F9A4-> 19F9A0                              | 0019F9A0: 1-> 5                   | esi:&"E:\\新建文件夹11\\unicorn\\Emu\\Release\\Sample.vmp.exe"
474 | 770A5E2E | 8BF2                     | mov esi,edx                             | esi: 5-> 77190328                                 |                                   | esi:&"E:\\新建文件夹11\\unicorn\\Emu\\Release\\Sample.vmp.exe", edx:"%s"
475 | 770A5E30 | 8975 FC                  | mov dword ptr ss:[ebp-4],esi            |                                                   | 0019F9A4: 1-> 77190328            | [ebp-04]:&"444"
476 | 770A5E33 | 84C9                     | test cl,cl                              | eflags: 246-> 202                                 |                                   |
477 | 770A5E35 | 75 03                    | jne ucrtbase.770A5E3A                   |                                                   |                                   |
478 | 770A5E3A | 8B46 0C                  | mov eax,dword ptr ds:[esi+C]            | eax: 0-> 2282                                     | 77190334: 2282-> 2282             | eax:&"\n\n"
479 | 770A5E3D | 90                       | nop                                     |                                                   |                                   |
47A | 770A5E3E | A9 00020000              | test eax,200                            | eflags: 202-> 206                                 |                                   | eax:&"\n\n"
47B | 770A5E43 | 74 F2                    | je ucrtbase.770A5E37                    |                                                   |                                   |
47C | 770A5E45 | 8BCE                     | mov ecx,esi                             | ecx: 1-> 77190328                                 |                                   | ecx:&"444", esi:&"E:\\新建文件夹11\\unicorn\\Emu\\Release\\Sample.vmp.exe"
47D | 770A5E47 | E8 E3410000              | call ucrtbase.770AA02F                  | esp: 19F9A0-> 19F99C                              | 0019F99C: 5-> 770A5E4C            |
47E | 770AA02F | 8BFF                     | mov edi,edi                             |                                                   |                                   |
47F | 770AA031 | 55                       | push ebp                                | esp: 19F99C-> 19F998                              | 0019F998: 770A5E4C-> 19F9A8       |
480 | 770AA032 | 8BEC                     | mov ebp,esp                             | ebp: 19F9A8-> 19F998                              |                                   |
481 | 770AA034 | 51                       | push ecx                                | esp: 19F998-> 19F994                              | 0019F994: 19F9A8-> 77190328       | ecx:&"444"
482 | 770AA035 | 51                       | push ecx                                | esp: 19F994-> 19F990                              | 0019F990: 77190328-> 77190328     | ecx:&"444"
483 | 770AA036 | 56                       | push esi                                | esp: 19F990-> 19F98C                              | 0019F98C: 77190328-> 77190328     | esi:&"E:\\新建文件夹11\\unicorn\\Emu\\Release\\Sample.vmp.exe"
484 | 770AA037 | 8BF1                     | mov esi,ecx                             |                                                   |                                   | esi:&"E:\\新建文件夹11\\unicorn\\Emu\\Release\\Sample.vmp.exe", ecx:&"444"
485 | 770AA039 | 57                       | push edi                                | esp: 19F98C-> 19F988                              | 0019F988: 77190328-> 77190328     | edi:&"ALLUSERSPROFILE=C:\\ProgramData"
486 | 770AA03A | 8975 FC                  | mov dword ptr ss:[ebp-4],esi            |                                                   | 0019F994: 77190328-> 77190328     | [ebp-04]:&"444"
487 | 770AA03D | 8B4E 0C                  | mov ecx,dword ptr ds:[esi+C]            | ecx: 77190328-> 2282                              | 77190334: 2282-> 2282             | ecx:&"444"
488 | 770AA040 | 90                       | nop                                     |                                                   |                                   |
489 | 770AA041 | E8 F4010000              | call ucrtbase.770AA23A                  | esp: 19F988-> 19F984                              | 0019F984: 77190328-> 770AA046     |
48A | 770AA23A | 8BC1                     | mov eax,ecx                             |                                                   |                                   | eax:&"\n\n", ecx:&"444"
48B | 770AA23C | 24 03                    | and al,3                                | eax: 2282-> 2202 eflags: 206-> 202                |                                   |
48C | 770AA23E | 3C 02                    | cmp al,2                                | eflags: 202-> 246                                 |                                   |
48D | 770AA240 | 75 05                    | jne ucrtbase.770AA247                   |                                                   |                                   |
48E | 770AA242 | F6C1 C0                  | test cl,C0                              | eflags: 246-> 282                                 |                                   |
48F | 770AA245 | 75 03                    | jne ucrtbase.770AA24A                   |                                                   |                                   |
490 | 770AA24A | B0 01                    | mov al,1                                | eax: 2202-> 2201                                  |                                   |
491 | 770AA24C | C3                       | ret                                     | esp: 19F984-> 19F988                              | 0019F984: 770AA046-> 770AA046     |
492 | 770AA046 | 84C0                     | test al,al                              | eflags: 282-> 202                                 |                                   |
493 | 770AA048 | 74 39                    | je ucrtbase.770AA083                    |                                                   |                                   |
494 | 770AA04A | 8B3E                     | mov edi,dword ptr ds:[esi]              | edi: 77190328-> C6204D                            | 77190328: C6204D-> C6204D         | edi:&"ALLUSERSPROFILE=C:\\ProgramData", [esi]:"E:\\新建文件夹11\\unicorn\\Emu\\Release\\Sample.vmp.exe"
495 | 770AA04C | 8B46 04                  | mov eax,dword ptr ds:[esi+4]            | eax: 2201-> C62048                                | 7719032C: C62048-> C62048         | eax:&"\n\n"
496 | 770AA04F | 2BF8                     | sub edi,eax                             | edi: C6204D-> 5 eflags: 202-> 206                 |                                   | edi:&"ALLUSERSPROFILE=C:\\ProgramData", eax:&"\n\n"
497 | 770AA051 | 8906                     | mov dword ptr ds:[esi],eax              |                                                   | 77190328: C6204D-> C62048         | [esi]:"E:\\新建文件夹11\\unicorn\\Emu\\Release\\Sample.vmp.exe", eax:&"\n\n"
498 | 770AA053 | 8366 08 00               | and dword ptr ds:[esi+8],0              | eflags: 206-> 246                                 | 77190330: FFB-> 0                 | esi+08:"E:\\新建文件夹11\\unicorn\\Emu\\Release\\Sample.vmp.exe"
499 | 770AA057 | 85FF                     | test edi,edi                            | eflags: 246-> 206                                 |                                   | edi:&"ALLUSERSPROFILE=C:\\ProgramData"
49A | 770AA059 | 7E 28                    | jle ucrtbase.770AA083                   |                                                   |                                   |
49B | 770AA05B | 57                       | push edi                                | esp: 19F988-> 19F984                              | 0019F984: 77190328-> 5            | edi:&"ALLUSERSPROFILE=C:\\ProgramData"
49C | 770AA05C | 50                       | push eax                                | esp: 19F984-> 19F980                              | 0019F980: 5-> C62048              | eax:&"\n\n"
49D | 770AA05D | 56                       | push esi                                | esp: 19F980-> 19F97C                              | 0019F97C: C62048-> 77190328       | esi:&"E:\\新建文件夹11\\unicorn\\Emu\\Release\\Sample.vmp.exe"
49E | 770AA05E | E8 0DF5FFFF              | call <ucrtbase._fileno>                 | esp: 19F97C-> 19F978                              | 0019F978: 77190328-> 770AA063     |
49F | 770A9570 | 8BFF                     | mov edi,edi                             |                                                   |                                   |
4A0 | 770A9572 | 55                       | push ebp                                | esp: 19F978-> 19F974                              | 0019F974: 770AA063-> 19F998       |
4A1 | 770A9573 | 8BEC                     | mov ebp,esp                             | ebp: 19F998-> 19F974                              |                                   |
4A2 | 770A9575 | 51                       | push ecx                                | esp: 19F974-> 19F970                              | 0019F970: 19F998-> 2282           | ecx:&"444"
4A3 | 770A9576 | 8B45 08                  | mov eax,dword ptr ss:[ebp+8]            | eax: C62048-> 77190328                            | 0019F97C: 77190328-> 77190328     | [ebp+08]:"%s"
4A4 | 770A9579 | 56                       | push esi                                | esp: 19F970-> 19F96C                              | 0019F96C: 2282-> 77190328         | esi:&"E:\\新建文件夹11\\unicorn\\Emu\\Release\\Sample.vmp.exe"
4A5 | 770A957A | 57                       | push edi                                | esp: 19F96C-> 19F968                              | 0019F968: 77190328-> 5            | edi:&"ALLUSERSPROFILE=C:\\ProgramData"
4A6 | 770A957B | 85C0                     | test eax,eax                            |                                                   |                                   | eax:&"\n\n"
4A7 | 770A957D | 0F84 B2C50400            | je ucrtbase.770F5B35                    |                                                   |                                   |
4A8 | 770A9583 | 8B40 10                  | mov eax,dword ptr ds:[eax+10]           | eax: 77190328-> 1                                 | 77190338: 1-> 1                   | eax:&"\n\n", eax+10:remainderf+13B20
4A9 | 770A9586 | 90                       | nop                                     |                                                   |                                   |
4AA | 770A9587 | 5F                       | pop edi                                 | esp: 19F968-> 19F96C                              | 0019F968: 5-> 5                   | edi:&"ALLUSERSPROFILE=C:\\ProgramData"
4AB | 770A9588 | 5E                       | pop esi                                 | esp: 19F96C-> 19F970                              | 0019F96C: 77190328-> 77190328     | esi:&"E:\\新建文件夹11\\unicorn\\Emu\\Release\\Sample.vmp.exe"
4AC | 770A9589 | 59                       | pop ecx                                 | esp: 19F970-> 19F974                              | 0019F970: 2282-> 2282             | ecx:&"444"
4AD | 770A958A | 5D                       | pop ebp                                 | esp: 19F974-> 19F978 ebp: 19F974-> 19F998         | 0019F974: 19F998-> 19F998         |
4AE | 770A958B | C3                       | ret                                     | esp: 19F978-> 19F97C                              | 0019F978: 770AA063-> 770AA063     |
4AF | 770AA063 | 59                       | pop ecx                                 | ecx: 2282-> 77190328 esp: 19F97C-> 19F980         | 0019F97C: 77190328-> 77190328     | ecx:&"444"
4B0 | 770AA064 | 50                       | push eax                                | esp: 19F980-> 19F97C                              | 0019F97C: C62048-> 1              | eax:&"\n\n"
4B1 | 770AA065 | E8 66F0FFFF              | call <ucrtbase._write>                  | esp: 19F97C-> 19F978                              | 0019F978: 1-> 770AA06A            |
4B2 | 770A90D0 | 6A 14                    | push 14                                 | esp: 19F978-> 19F974                              | 0019F974: 770AA06A-> 14           |
4B3 | 770A90D2 | 68 40CC1777              | push ucrtbase.7717CC40                  | esp: 19F974-> 19F970                              | 0019F970: 14-> 7717CC40           |
4B4 | 770A90D7 | E8 14910300              | call ucrtbase.770E21F0                  | esp: 19F970-> 19F96C                              | 0019F96C: 7717CC40-> 770A90DC     |
4B5 | 770E21F0 | 68 D01F0E77              | push ucrtbase.770E1FD0                  | esp: 19F96C-> 19F968                              | 0019F968: 770A90DC-> 770E1FD0     |
4B6 | 770E21F5 | 64:FF35 00000000         | push dword ptr fs:[0]                   | esp: 19F968-> 19F964                              | 00266000: 19FE70-> 19FE70 0019F96 |
4B7 | 770E21FC | 8B4424 10                | mov eax,dword ptr ss:[esp+10]           | eax: 1-> 14                                       | 0019F974: 14-> 14                 |
4B8 | 770E2200 | 896C24 10                | mov dword ptr ss:[esp+10],ebp           |                                                   | 0019F974: 14-> 19F998             |
4B9 | 770E2204 | 8D6C24 10                | lea ebp,dword ptr ss:[esp+10]           | ebp: 19F998-> 19F974                              |                                   |
4BA | 770E2208 | 2BE0                     | sub esp,eax                             | esp: 19F964-> 19F950                              |                                   |
4BB | 770E220A | 53                       | push ebx                                | esp: 19F950-> 19F94C                              | 0019F94C: 19F970-> 263001         |
4BC | 770E220B | 56                       | push esi                                | esp: 19F94C-> 19F948                              | 0019F948: 263001-> 77190328       | esi:&"E:\\新建文件夹11\\unicorn\\Emu\\Release\\Sample.vmp.exe"
4BD | 770E220C | 57                       | push edi                                | esp: 19F948-> 19F944                              | 0019F944: 77190328-> 5            | edi:&"ALLUSERSPROFILE=C:\\ProgramData"
4BE | 770E220D | A1 D0021977              | mov eax,dword ptr ds:[771902D0]         | eax: 14-> 34E769AD                                | 771902D0: 34E769AD-> 34E769AD     | eax:&"\n\n"
4BF | 770E2212 | 3145 FC                  | xor dword ptr ss:[ebp-4],eax            |                                                   | 0019F970: 7717CC40-> 43F0A5ED     | [ebp-04]:&"444"
4C0 | 770E2215 | 33C5                     | xor eax,ebp                             | eax: 34E769AD-> 34FE90D9 eflags: 206-> 202        |                                   |
4C1 | 770E2217 | 50                       | push eax                                | esp: 19F944-> 19F940                              | 0019F940: 5-> 34FE90D9            | eax:&"\n\n"
4C2 | 770E2218 | 8965 E8                  | mov dword ptr ss:[ebp-18],esp           |                                                   | 0019F95C: 19F9E8-> 19F940         | [ebp-18]:&"\n\n"
4C3 | 770E221B | FF75 F8                  | push dword ptr ss:[ebp-8]               | esp: 19F940-> 19F93C                              | 0019F96C: 770A90DC-> 770A90DC 001 |
4C4 | 770E221E | 8B45 FC                  | mov eax,dword ptr ss:[ebp-4]            | eax: 34FE90D9-> 43F0A5ED                          | 0019F970: 43F0A5ED-> 43F0A5ED     | [ebp-04]:&"444"
4C5 | 770E2221 | C745 FC FEFFFFFF         | mov dword ptr ss:[ebp-4],FFFFFFFE       |                                                   | 0019F970: 43F0A5ED-> FFFFFFFE     | [ebp-04]:&"444"
4C6 | 770E2228 | 8945 F8                  | mov dword ptr ss:[ebp-8],eax            |                                                   | 0019F96C: 770A90DC-> 43F0A5ED     |
4C7 | 770E222B | 8D45 F0                  | lea eax,dword ptr ss:[ebp-10]           | eax: 43F0A5ED-> 19F964                            |                                   |
4C8 | 770E222E | 64:A3 00000000           | mov dword ptr fs:[0],eax                |                                                   | 00266000: 19FE70-> 19F964         | eax:&"\n\n"
4C9 | 770E2234 | F2:C3                    | bnd ret                                 | esp: 19F93C-> 19F940                              | 0019F93C: 770A90DC-> 770A90DC     |
4CA | 770A90DC | 8B75 08                  | mov esi,dword ptr ss:[ebp+8]            | esi: 77190328-> 1                                 | 0019F97C: 1-> 1                   | [ebp+08]:"%s"
4CB | 770A90DF | 83FE FE                  | cmp esi,FFFFFFFE                        | eflags: 202-> 217                                 |                                   | esi:&"E:\\新建文件夹11\\unicorn\\Emu\\Release\\Sample.vmp.exe"
4CC | 770A90E2 | 0F84 8E000000            | je ucrtbase.770A9176                    |                                                   |                                   |
4CD | 770A90E8 | 85F6                     | test esi,esi                            | eflags: 217-> 202                                 |                                   | esi:&"E:\\新建文件夹11\\unicorn\\Emu\\Release\\Sample.vmp.exe"
4CE | 770A90EA | 0F88 A0C10400            | js ucrtbase.770F5290                    |                                                   |                                   |
4CF | 770A90F0 | 3B35 60151977            | cmp esi,dword ptr ds:[77191560]         | eflags: 202-> 283                                 | 77191560: 40-> 40                 | esi:&"E:\\新建文件夹11\\unicorn\\Emu\\Release\\Sample.vmp.exe"
4D0 | 770A90F6 | 0F83 94C10400            | jae ucrtbase.770F5290                   |                                                   |                                   |
4D1 | 770A90FC | 8BDE                     | mov ebx,esi                             | ebx: 263001-> 1                                   |                                   | esi:&"E:\\新建文件夹11\\unicorn\\Emu\\Release\\Sample.vmp.exe"
4D2 | 770A90FE | C1FB 06                  | sar ebx,6                               | ebx: 1-> 0 eflags: 283-> 246                      |                                   |
4D3 | 770A9101 | 8BC6                     | mov eax,esi                             | eax: 19F964-> 1                                   |                                   | eax:&"\n\n", esi:&"E:\\新建文件夹11\\unicorn\\Emu\\Release\\Sample.vmp.exe"
4D4 | 770A9103 | 83E0 3F                  | and eax,3F                              | eflags: 246-> 202                                 |                                   | eax:&"\n\n"
4D5 | 770A9106 | 6BC8 38                  | imul ecx,eax,38                         | ecx: 77190328-> 38                                |                                   | ecx:&"444", eax:&"\n\n"
4D6 | 770A9109 | 894D E0                  | mov dword ptr ss:[ebp-20],ecx           |                                                   | 0019F954: 38-> 38                 |
4D7 | 770A910C | 8B049D 60131977          | mov eax,dword ptr ds:[ebx*4+77191360]   | eax: 1-> C5C3A8                                   | 77191360: C5C3A8-> C5C3A8         | eax:&"\n\n"
4D8 | 770A9113 | 03C1                     | add eax,ecx                             | eax: C5C3A8-> C5C3E0 eflags: 202-> 212            |                                   | eax:&"\n\n", ecx:&"444"
4D9 | 770A9115 | F640 28 01               | test byte ptr ds:[eax+28],1             | eflags: 212-> 202                                 | 00C5C408: A0A00C1-> A0A00C1       | eax+28:remainderf+13B38
4DA | 770A9119 | 0F84 71C10400            | je ucrtbase.770F5290                    |                                                   |                                   |
4DB | 770A911F | 50                       | push eax                                | esp: 19F940-> 19F93C                              | 0019F93C: 34FE90D9-> C5C3E0       | eax:&"\n\n"
4DC | 770A9120 | FF15 18221977            | call dword ptr ds:[<EnterCriticalSectio | esp: 19F93C-> 19F938                              | 77192218: 777E0040-> 777E0040 001 |
4DD | 777E0040 | 8BFF                     | mov edi,edi                             |                                                   |                                   |
4DE | 777E0042 | 55                       | push ebp                                | esp: 19F938-> 19F934                              | 0019F934: 770A9126-> 19F974       |
4DF | 777E0043 | 8BEC                     | mov ebp,esp                             | ebp: 19F974-> 19F934                              |                                   |
4E0 | 777E0045 | 83E4 F8                  | and esp,FFFFFFF8                        | esp: 19F934-> 19F930 eflags: 202-> 206            |                                   |
4E1 | 777E0048 | 8B4D 08                  | mov ecx,dword ptr ss:[ebp+8]            | ecx: 38-> C5C3E0                                  | 0019F93C: C5C3E0-> C5C3E0         | [ebp+08]:"%s"
4E2 | 777E004B | 64:8B15 18000000         | mov edx,dword ptr fs:[18]               | edx: 77190328-> 266000                            | 00266018: 266000-> 266000         | edx:"%s", 00000018:L"怀&"
4E3 | 777E0052 | 8D41 04                  | lea eax,dword ptr ds:[ecx+4]            | eax: C5C3E0-> C5C3E4                              |                                   | eax:&"\n\n"
4E4 | 777E0055 | F0:0FBA30 00             | lock btr dword ptr ds:[eax],0           | eflags: 206-> 207                                 | 00C5C3E4: FFFFFFFF-> FFFFFFFE     | [eax]:"\n\n"
4E5 | 777E005A | 73 15                    | jae ntdll.777E0071                      |                                                   |                                   |
4E6 | 777E005C | 8B42 24                  | mov eax,dword ptr ds:[edx+24]           | eax: C5C3E4-> 1018                                | 00266024: 1018-> 1018             | eax:&"\n\n", edx+24:GS_ExceptionPointers+10
4E7 | 777E005F | 8941 0C                  | mov dword ptr ds:[ecx+C],eax            |                                                   | 00C5C3EC: 0-> 1018                | eax:&"\n\n"
4E8 | 777E0062 | 33C0                     | xor eax,eax                             | eax: 1018-> 0 eflags: 207-> 246                   |                                   | eax:&"\n\n"
4E9 | 777E0064 | C741 08 01000000         | mov dword ptr ds:[ecx+8],1              |                                                   | 00C5C3E8: 0-> 1                   | [ecx+08]:__scrt_common_main_seh+FA
4EA | 777E006B | 8BE5                     | mov esp,ebp                             | esp: 19F930-> 19F934                              |                                   |
4EB | 777E006D | 5D                       | pop ebp                                 | esp: 19F934-> 19F938 ebp: 19F934-> 19F974         | 0019F934: 19F974-> 19F974         |
4EC | 777E006E | C2 0400                  | ret 4                                   | esp: 19F938-> 19F940                              | 0019F938: 770A9126-> 770A9126     |
4ED | 770A9126 | 83CF FF                  | or edi,FFFFFFFF                         | edi: 5-> FFFFFFFF eflags: 246-> 286               |                                   | edi:&"ALLUSERSPROFILE=C:\\ProgramData"
4EE | 770A9129 | 897D E4                  | mov dword ptr ss:[ebp-1C],edi           |                                                   | 0019F958: 77190328-> FFFFFFFF     | [ebp-1C]:scanf+1E
4EF | 770A912C | 8365 FC 00               | and dword ptr ss:[ebp-4],0              | eflags: 286-> 246                                 | 0019F970: FFFFFFFE-> 0            | [ebp-04]:&"444"
4F0 | 770A9130 | 8B049D 60131977          | mov eax,dword ptr ds:[ebx*4+77191360]   | eax: 0-> C5C3A8                                   | 77191360: C5C3A8-> C5C3A8         | eax:&"\n\n"
4F1 | 770A9137 | 8B4D E0                  | mov ecx,dword ptr ss:[ebp-20]           | ecx: C5C3E0-> 38                                  | 0019F954: 38-> 38                 |
4F2 | 770A913A | F64401 28 01             | test byte ptr ds:[ecx+eax+28],1         | eflags: 246-> 202                                 | 00C5C408: A0A00C1-> A0A00C1       | ecx+eax*1+28:"yncOpenSession"
4F3 | 770A913F | 0F84 0CC10400            | je ucrtbase.770F5251                    |                                                   |                                   |
4F4 | 770A9145 | FF75 10                  | push dword ptr ss:[ebp+10]              | esp: 19F940-> 19F93C                              | 0019F984: 5-> 5 0019F93C: 34FE90D |
4F5 | 770A9148 | 8B55 0C                  | mov edx,dword ptr ss:[ebp+C]            | edx: 266000-> C62048                              | 0019F980: C62048-> C62048         | [ebp+0C]:"444"
4F6 | 770A914B | 8BCE                     | mov ecx,esi                             | ecx: 38-> 1                                       |                                   | ecx:&"444", esi:&"E:\\新建文件夹11\\unicorn\\Emu\\Release\\Sample.vmp.exe"
4F7 | 770A914D | E8 72000000              | call ucrtbase.770A91C4                  | esp: 19F93C-> 19F938                              | 0019F938: 5-> 770A9152            |
4F8 | 770A91C4 | 8BFF                     | mov edi,edi                             |                                                   |                                   |
4F9 | 770A91C6 | 55                       | push ebp                                | esp: 19F938-> 19F934                              | 0019F934: 770A9152-> 19F974       |
4FA | 770A91C7 | 8BEC                     | mov ebp,esp                             | ebp: 19F974-> 19F934                              |                                   |
4FB | 770A91C9 | 83E4 F8                  | and esp,FFFFFFF8                        | esp: 19F934-> 19F930 eflags: 202-> 206            |                                   |
4FC | 770A91CC | 83EC 2C                  | sub esp,2C                              | esp: 19F930-> 19F904 eflags: 206-> 212            |                                   |
4FD | 770A91CF | 837D 08 00               | cmp dword ptr ss:[ebp+8],0              | eflags: 212-> 206                                 | 0019F93C: 5-> 5                   | [ebp+08]:"%s"
4FE | 770A91D3 | 53                       | push ebx                                | esp: 19F904-> 19F900                              | 0019F900: 1008-> 0                |
4FF | 770A91D4 | 56                       | push esi                                | esp: 19F900-> 19F8FC                              | 0019F8FC: 0-> 1                   | esi:&"E:\\新建文件夹11\\unicorn\\Emu\\Release\\Sample.vmp.exe"
500 | 770A91D5 | 57                       | push edi                                | esp: 19F8FC-> 19F8F8                              | 0019F8F8: 1-> FFFFFFFF            | edi:&"ALLUSERSPROFILE=C:\\ProgramData"
501 | 770A91D6 | 8BFA                     | mov edi,edx                             | edi: FFFFFFFF-> C62048                            |                                   | edi:&"ALLUSERSPROFILE=C:\\ProgramData", edx:"%s"
502 | 770A91D8 | 8BF1                     | mov esi,ecx                             |                                                   |                                   | esi:&"E:\\新建文件夹11\\unicorn\\Emu\\Release\\Sample.vmp.exe", ecx:&"444"
503 | 770A91DA | 897C24 18                | mov dword ptr ss:[esp+18],edi           |                                                   | 0019F910: C62048-> C62048         |
504 | 770A91DE | 0F84 BE000000            | je ucrtbase.770A92A2                    |                                                   |                                   |
505 | 770A91E4 | 85FF                     | test edi,edi                            |                                                   |                                   | edi:&"ALLUSERSPROFILE=C:\\ProgramData"
506 | 770A91E6 | 0F84 DDC00400            | je ucrtbase.770F52C9                    |                                                   |                                   |
507 | 770A91EC | 8BC6                     | mov eax,esi                             | eax: C5C3A8-> 1                                   |                                   | eax:&"\n\n", esi:&"E:\\新建文件夹11\\unicorn\\Emu\\Release\\Sample.vmp.exe"
508 | 770A91EE | C1F9 06                  | sar ecx,6                               | ecx: 1-> 0 eflags: 206-> 246                      |                                   | ecx:&"444"
509 | 770A91F1 | 83E0 3F                  | and eax,3F                              | eflags: 246-> 202                                 |                                   | eax:&"\n\n"
50A | 770A91F4 | 894C24 10                | mov dword ptr ss:[esp+10],ecx           |                                                   | 0019F908: 0-> 0                   |
50B | 770A91F8 | 6BD0 38                  | imul edx,eax,38                         | edx: C62048-> 38                                  |                                   | edx:"%s", eax:&"\n\n"
50C | 770A91FB | 8B0C8D 60131977          | mov ecx,dword ptr ds:[ecx*4+77191360]   | ecx: 0-> C5C3A8                                   | 77191360: C5C3A8-> C5C3A8         | ecx:&"444", ecx*4+77191360:RtlCreateUserThread+480
50D | 770A9202 | 895424 14                | mov dword ptr ss:[esp+14],edx           |                                                   | 0019F90C: 38-> 38                 | [esp+14]:&"444"
50E | 770A9206 | 8A440A 29                | mov al,byte ptr ds:[edx+ecx+29]         | eax: 1-> 0                                        | 00C5C409: A0A0A00-> A0A0A00       | edx+ecx*1+29:__dyn_tls_init_callback+19E7FD
50F | 770A920A | 884424 0F                | mov byte ptr ss:[esp+F],al              |                                                   | 0019F907: 0-> 0                   |
510 | 770A920E | 3C 02                    | cmp al,2                                | eflags: 202-> 293                                 |                                   |
511 | 770A9210 | 0F84 A8C20400            | je ucrtbase.770F54BE                    |                                                   |                                   |
512 | 770A9216 | 3C 01                    | cmp al,1                                | eflags: 293-> 297                                 |                                   |
513 | 770A9218 | 0F84 A0C20400            | je ucrtbase.770F54BE                    |                                                   |                                   |
514 | 770A921E | 33DB                     | xor ebx,ebx                             | eflags: 297-> 246                                 |                                   |
515 | 770A9220 | F6440A 28 20             | test byte ptr ds:[edx+ecx+28],20        |                                                   | 00C5C408: A0A00C1-> A0A00C1       | edx+ecx*1+28:__dyn_tls_init_callback+19E7FC
516 | 770A9225 | 0F85 6AC30400            | jne ucrtbase.770F5595                   |                                                   |                                   |
517 | 770A922B | 8BCE                     | mov ecx,esi                             | ecx: C5C3A8-> 1                                   |                                   | ecx:&"444", esi:&"E:\\新建文件夹11\\unicorn\\Emu\\Release\\Sample.vmp.exe"
518 | 770A922D | E8 74000000              | call ucrtbase.770A92A6                  | esp: 19F8F8-> 19F8F4                              | 0019F8F4: FFFFFFFF-> 770A9232     |
519 | 770A92A6 | 8BFF                     | mov edi,edi                             |                                                   |                                   |
51A | 770A92A8 | 55                       | push ebp                                | esp: 19F8F4-> 19F8F0                              | 0019F8F0: 770A9232-> 19F934       |
51B | 770A92A9 | 8BEC                     | mov ebp,esp                             | ebp: 19F934-> 19F8F0                              |                                   |
51C | 770A92AB | 83E4 F8                  | and esp,FFFFFFF8                        | eflags: 246-> 206                                 |                                   |
51D | 770A92AE | 83EC 0C                  | sub esp,C                               | esp: 19F8F0-> 19F8E4 eflags: 206-> 216            |                                   |
51E | 770A92B1 | 53                       | push ebx                                | esp: 19F8E4-> 19F8E0                              | 0019F8E0: 34FE9145-> 0            |
51F | 770A92B2 | 56                       | push esi                                | esp: 19F8E0-> 19F8DC                              | 0019F8DC: 0-> 1                   | esi:&"E:\\新建文件夹11\\unicorn\\Emu\\Release\\Sample.vmp.exe"
520 | 770A92B3 | 8BF1                     | mov esi,ecx                             |                                                   |                                   | esi:&"E:\\新建文件夹11\\unicorn\\Emu\\Release\\Sample.vmp.exe", ecx:&"444"
521 | 770A92B5 | 57                       | push edi                                | esp: 19F8DC-> 19F8D8                              | 0019F8D8: 1-> C62048              | edi:&"ALLUSERSPROFILE=C:\\ProgramData"
522 | 770A92B6 | 56                       | push esi                                | esp: 19F8D8-> 19F8D4                              | 0019F8D4: C62048-> 1              | esi:&"E:\\新建文件夹11\\unicorn\\Emu\\Release\\Sample.vmp.exe"
523 | 770A92B7 | E8 A4010000              | call <ucrtbase._isatty>                 | esp: 19F8D4-> 19F8D0                              | 0019F8D0: 1-> 770A92BC            |
524 | 770A9460 | 8BFF                     | mov edi,edi                             |                                                   |                                   |
525 | 770A9462 | 55                       | push ebp                                | esp: 19F8D0-> 19F8CC                              | 0019F8CC: 770A92BC-> 19F8F0       |
526 | 770A9463 | 8BEC                     | mov ebp,esp                             | ebp: 19F8F0-> 19F8CC                              |                                   |
527 | 770A9465 | 51                       | push ecx                                | esp: 19F8CC-> 19F8C8                              | 0019F8C8: 19F8F0-> 1              | ecx:&"444"
528 | 770A9466 | 8B4D 08                  | mov ecx,dword ptr ss:[ebp+8]            |                                                   | 0019F8D4: 1-> 1                   | [ebp+08]:"%s"
529 | 770A9469 | 56                       | push esi                                | esp: 19F8C8-> 19F8C4                              | 0019F8C4: 1-> 1                   | esi:&"E:\\新建文件夹11\\unicorn\\Emu\\Release\\Sample.vmp.exe"
52A | 770A946A | 57                       | push edi                                | esp: 19F8C4-> 19F8C0                              | 0019F8C0: 1-> C62048              | edi:&"ALLUSERSPROFILE=C:\\ProgramData"
52B | 770A946B | 83F9 FE                  | cmp ecx,FFFFFFFE                        | eflags: 216-> 217                                 |                                   | ecx:&"444"
52C | 770A946E | 74 33                    | je ucrtbase.770A94A3                    |                                                   |                                   |
52D | 770A9470 | 85C9                     | test ecx,ecx                            | eflags: 217-> 202                                 |                                   | ecx:&"444"
52E | 770A9472 | 0F88 E2C50400            | js ucrtbase.770F5A5A                    |                                                   |                                   |
52F | 770A9478 | 3B0D 60151977            | cmp ecx,dword ptr ds:[77191560]         | eflags: 202-> 283                                 | 77191560: 40-> 40                 | ecx:&"444"
530 | 770A947E | 0F83 D6C50400            | jae ucrtbase.770F5A5A                   |                                                   |                                   |
531 | 770A9484 | 8BC1                     | mov eax,ecx                             | eax: 0-> 1                                        |                                   | eax:&"\n\n", ecx:&"444"
532 | 770A9486 | 83E1 3F                  | and ecx,3F                              | eflags: 283-> 202                                 |                                   | ecx:&"444"
533 | 770A9489 | C1F8 06                  | sar eax,6                               | eax: 1-> 0 eflags: 202-> 246                      |                                   | eax:&"\n\n"
534 | 770A948C | 6BC9 38                  | imul ecx,ecx,38                         | ecx: 1-> 38 eflags: 246-> 202                     |                                   | ecx:&"444"
535 | 770A948F | 8B0485 60131977          | mov eax,dword ptr ds:[eax*4+77191360]   | eax: 0-> C5C3A8                                   | 77191360: C5C3A8-> C5C3A8         | eax:&"\n\n"
536 | 770A9496 | 0FB64408 28              | movzx eax,byte ptr ds:[eax+ecx+28]      | eax: C5C3A8-> C1                                  | 00C5C408: A0A00C1-> A0A00C1       | eax:&"\n\n", eax+ecx*1+28:"yncOpenSession"
537 | 770A949B | 83E0 40                  | and eax,40                              | eax: C1-> 40                                      |                                   | eax:&"\n\n"
538 | 770A949E | 5F                       | pop edi                                 | esp: 19F8C0-> 19F8C4                              | 0019F8C0: C62048-> C62048         | edi:&"ALLUSERSPROFILE=C:\\ProgramData"
539 | 770A949F | 5E                       | pop esi                                 | esp: 19F8C4-> 19F8C8                              | 0019F8C4: 1-> 1                   | esi:&"E:\\新建文件夹11\\unicorn\\Emu\\Release\\Sample.vmp.exe"
53A | 770A94A0 | 59                       | pop ecx                                 | ecx: 38-> 1 esp: 19F8C8-> 19F8CC                  | 0019F8C8: 1-> 1                   | ecx:&"444"
53B | 770A94A1 | 5D                       | pop ebp                                 | esp: 19F8CC-> 19F8D0 ebp: 19F8CC-> 19F8F0         | 0019F8CC: 19F8F0-> 19F8F0         |
53C | 770A94A2 | C3                       | ret                                     | esp: 19F8D0-> 19F8D4                              | 0019F8D0: 770A92BC-> 770A92BC     |
53D | 770A92BC | 59                       | pop ecx                                 | esp: 19F8D4-> 19F8D8                              | 0019F8D4: 1-> 1                   | ecx:&"444"
53E | 770A92BD | 85C0                     | test eax,eax                            |                                                   |                                   | eax:&"\n\n"
53F | 770A92BF | 75 09                    | jne ucrtbase.770A92CA                   |                                                   |                                   |
540 | 770A92CA | 8BDE                     | mov ebx,esi                             | ebx: 0-> 1                                        |                                   | esi:&"E:\\新建文件夹11\\unicorn\\Emu\\Release\\Sample.vmp.exe"
541 | 770A92CC | 83E6 3F                  | and esi,3F                              |                                                   |                                   | esi:&"E:\\新建文件夹11\\unicorn\\Emu\\Release\\Sample.vmp.exe"
542 | 770A92CF | C1FB 06                  | sar ebx,6                               | ebx: 1-> 0 eflags: 202-> 246                      |                                   |
543 | 770A92D2 | 6BCE 38                  | imul ecx,esi,38                         | ecx: 1-> 38 eflags: 246-> 202                     |                                   | ecx:&"444", esi:&"E:\\新建文件夹11\\unicorn\\Emu\\Release\\Sample.vmp.exe"
544 | 770A92D5 | 8B049D 60131977          | mov eax,dword ptr ds:[ebx*4+77191360]   | eax: 40-> C5C3A8                                  | 77191360: C5C3A8-> C5C3A8         | eax:&"\n\n"
545 | 770A92DC | 894C24 10                | mov dword ptr ss:[esp+10],ecx           |                                                   | 0019F8E8: 19F934-> 38             |
546 | 770A92E0 | 807C01 28 00             | cmp byte ptr ds:[ecx+eax+28],0          | eflags: 202-> 282                                 | 00C5C408: A0A00C1-> A0A00C1       | ecx+eax*1+28:"yncOpenSession"
547 | 770A92E5 | 7D DA                    | jge ucrtbase.770A92C1                   |                                                   |                                   |
548 | 770A92E7 | FF15 54201977            | call dword ptr ds:[<GetLastError>]      | esp: 19F8D8-> 19F8D4                              | 77192054: 77352540-> 77352540 001 |
549 | 77352540 | 64:A1 18000000           | mov eax,dword ptr fs:[18]               | eax: C5C3A8-> 266000                              | 00266018: 266000-> 266000         | eax:&"\n\n", 00000018:L"怀&"
54A | 77352546 | 8B40 34                  | mov eax,dword ptr ds:[eax+34]           | eax: 266000-> 0                                   | 00266034: 0-> 0                   | eax:&"\n\n", eax+34:remainderf+13B44
54B | 77352549 | C3                       | ret                                     | esp: 19F8D4-> 19F8D8                              | 0019F8D4: 770A92ED-> 770A92ED     |
54C | 770A92ED | 8B0D E4021977            | mov ecx,dword ptr ds:[771902E4]         | ecx: 38-> 3                                       | 771902E4: 3-> 3                   | ecx:&"444"
54D | 770A92F3 | 8BF0                     | mov esi,eax                             | esi: 1-> 0                                        |                                   | esi:&"E:\\新建文件夹11\\unicorn\\Emu\\Release\\Sample.vmp.exe", eax:&"\n\n"
54E | 770A92F5 | 83F9 FF                  | cmp ecx,FFFFFFFF                        | eflags: 282-> 213                                 |                                   | ecx:&"444"
54F | 770A92F8 | 74 65                    | je ucrtbase.770A935F                    |                                                   |                                   |
550 | 770A92FA | E8 417F0000              | call ucrtbase.770B1240                  | esp: 19F8D8-> 19F8D4                              | 0019F8D4: C62048-> 770A92FF       |
551 | 770B1240 | A1 C4151977              | mov eax,dword ptr ds:[771915C4]         | eax: 0-> A805674B                                 | 771915C4: A805674B-> A805674B     | eax:&"\n\n"
552 | 770B1245 | 56                       | push esi                                | esp: 19F8D4-> 19F8D0                              | 0019F8D0: 770A92FF-> 0            | esi:&"E:\\新建文件夹11\\unicorn\\Emu\\Release\\Sample.vmp.exe"
553 | 770B1246 | 57                       | push edi                                | esp: 19F8D0-> 19F8CC                              | 0019F8CC: 0-> C62048              | edi:&"ALLUSERSPROFILE=C:\\ProgramData"
554 | 770B1247 | 8BF9                     | mov edi,ecx                             | edi: C62048-> 3                                   |                                   | edi:&"ALLUSERSPROFILE=C:\\ProgramData", ecx:&"444"
555 | 770B1249 | 90                       | nop                                     |                                                   |                                   |
556 | 770B124A | 8B35 D0021977            | mov esi,dword ptr ds:[771902D0]         | esi: 0-> 34E769AD                                 | 771902D0: 34E769AD-> 34E769AD     | esi:&"E:\\新建文件夹11\\unicorn\\Emu\\Release\\Sample.vmp.exe"
557 | 770B1250 | 8BCE                     | mov ecx,esi                             | ecx: 3-> 34E769AD                                 |                                   | ecx:&"444", esi:&"E:\\新建文件夹11\\unicorn\\Emu\\Release\\Sample.vmp.exe"
558 | 770B1252 | 83E1 1F                  | and ecx,1F                              | ecx: 34E769AD-> D eflags: 213-> 202               |                                   | ecx:&"444"
559 | 770B1255 | 33F0                     | xor esi,eax                             | esi: 34E769AD-> 9CE20EE6 eflags: 202-> 282        |                                   | esi:&"E:\\新建文件夹11\\unicorn\\Emu\\Release\\Sample.vmp.exe", eax:&"\n\n"
55A | 770B1257 | D3CE                     | ror esi,cl                              | esi: 9CE20EE6-> 7734E710 eflags: 282-> A82        |                                   | esi:&"E:\\新建文件夹11\\unicorn\\Emu\\Release\\Sample.vmp.exe"
55B | 770B1259 | 83FE FF                  | cmp esi,FFFFFFFF                        | eflags: A82-> 217                                 |                                   | esi:&"E:\\新建文件夹11\\unicorn\\Emu\\Release\\Sample.vmp.exe"
55C | 770B125C | 74 50                    | je ucrtbase.770B12AE                    |                                                   |                                   |
55D | 770B125E | 85F6                     | test esi,esi                            | eflags: 217-> 202                                 |                                   | esi:&"E:\\新建文件夹11\\unicorn\\Emu\\Release\\Sample.vmp.exe"
55E | 770B1260 | 74 0E                    | je ucrtbase.770B1270                    |                                                   |                                   |
55F | 770B1262 | 57                       | push edi                                | esp: 19F8CC-> 19F8C8                              | 0019F8C8: C62048-> 3              | edi:&"ALLUSERSPROFILE=C:\\ProgramData"
560 | 770B1263 | 8BCE                     | mov ecx,esi                             | ecx: D-> 7734E710                                 |                                   | ecx:&"444", esi:&"E:\\新建文件夹11\\unicorn\\Emu\\Release\\Sample.vmp.exe"
561 | 770B1265 | FF15 70221977            | call dword ptr ds:[77192270]            | esp: 19F8C8-> 19F8C4                              | 77192270: 770C6A90-> 770C6A90 001 |
562 | 770C6A90 | C2 0000                  | ret 0                                   | esp: 19F8C4-> 19F8C8                              | 0019F8C4: 770B126B-> 770B126B     |
563 | 770B126B | FFD6                     | call esi                                | esp: 19F8C8-> 19F8C4                              | 0019F8C4: 3-> 770B126D            |
564 | 7734E710 | 8BFF                     | mov edi,edi                             |                                                   |                                   |
565 | 7734E712 | 55                       | push ebp                                | esp: 19F8C4-> 19F8C0                              | 0019F8C0: 770B126D-> 19F8F0       |
566 | 7734E713 | 8BEC                     | mov ebp,esp                             | ebp: 19F8F0-> 19F8C0                              |                                   |
567 | 7734E715 | 51                       | push ecx                                | esp: 19F8C0-> 19F8BC                              | 0019F8BC: 19F8F0-> 7734E710       | ecx:&"444"
568 | 7734E716 | 56                       | push esi                                | esp: 19F8BC-> 19F8B8                              | 0019F8B8: 7734E710-> 7734E710     | esi:&"E:\\新建文件夹11\\unicorn\\Emu\\Release\\Sample.vmp.exe"
569 | 7734E717 | 64:8B35 18000000         | mov esi,dword ptr fs:[18]               | esi: 7734E710-> 266000                            | 00266018: 266000-> 266000         | esi:&"E:\\新建文件夹11\\unicorn\\Emu\\Release\\Sample.vmp.exe", 00000018:L"怀&"
56A | 7734E71E | 8D45 FC                  | lea eax,dword ptr ss:[ebp-4]            | eax: A805674B-> 19F8BC                            |                                   | [ebp-04]:&"444"
56B | 7734E721 | 50                       | push eax                                | esp: 19F8B8-> 19F8B4                              | 0019F8B4: 7734E710-> 19F8BC       | eax:&"\n\n"
56C | 7734E722 | FF75 08                  | push dword ptr ss:[ebp+8]               | esp: 19F8B4-> 19F8B0                              | 0019F8C8: 3-> 3 0019F8B0: 19F8BC- | [ebp+08]:"%s"
56D | 7734E725 | FF15 38594477            | call dword ptr ds:[<RtlFlsGetValue>]    | esp: 19F8B0-> 19F8AC                              | 77445938: 777FBE00-> 777FBE00 001 |
56E | 777FBE00 | 8BFF                     | mov edi,edi                             |                                                   |                                   |
56F | 777FBE02 | 55                       | push ebp                                | esp: 19F8AC-> 19F8A8                              | 0019F8A8: 7734E72B-> 19F8C0       |
570 | 777FBE03 | 8BEC                     | mov ebp,esp                             | ebp: 19F8C0-> 19F8A8                              |                                   |
571 | 777FBE05 | 64:A1 18000000           | mov eax,dword ptr fs:[18]               | eax: 19F8BC-> 266000                              | 00266018: 266000-> 266000         | eax:&"\n\n", 00000018:L"怀&"
572 | 777FBE0B | 8B88 B40F0000            | mov ecx,dword ptr ds:[eax+FB4]          | ecx: 7734E710-> C5BA48                            | 00266FB4: C5BA48-> C5BA48         | ecx:&"444", eax+FB4:remainderf+14AC4
573 | 777FBE11 | 8B45 08                  | mov eax,dword ptr ss:[ebp+8]            | eax: 266000-> 3                                   | 0019F8B0: 3-> 3                   | [ebp+08]:"%s"
574 | 777FBE14 | 85C0                     | test eax,eax                            | eflags: 202-> 206                                 |                                   | eax:&"\n\n"
575 | 777FBE16 | 74 35                    | je ntdll.777FBE4D                       |                                                   |                                   |
576 | 777FBE18 | 3D F00F0000              | cmp eax,FF0                             | eflags: 206-> 283                                 |                                   | eax:&"\n\n"
577 | 777FBE1D | 73 2E                    | jae ntdll.777FBE4D                      |                                                   |                                   |
578 | 777FBE1F | 85C9                     | test ecx,ecx                            | eflags: 283-> 206                                 |                                   | ecx:&"444"
579 | 777FBE21 | 74 2A                    | je ntdll.777FBE4D                       |                                                   |                                   |
57A | 777FBE23 | 8D50 10                  | lea edx,dword ptr ds:[eax+10]           | edx: 38-> 13                                      |                                   | edx:"%s", eax+10:remainderf+13B20
57B | 777FBE26 | 0FBDC2                   | bsr eax,edx                             | eax: 3-> 4 eflags: 206-> 202                      |                                   | eax:&"\n\n", edx:"%s"
57C | 777FBE29 | 0FBBC2                   | btc edx,eax                             | edx: 13-> 3 eflags: 202-> 203                     |                                   | edx:"%s", eax:&"\n\n"
57D | 777FBE2C | 8B4481 F8                | mov eax,dword ptr ds:[ecx+eax*4-8]      | eax: 4-> C57528                                   | 00C5BA50: C57528-> C57528         | eax:&"\n\n"
57E | 777FBE30 | 85C0                     | test eax,eax                            | eflags: 203-> 206                                 |                                   | eax:&"\n\n"
57F | 777FBE32 | 74 15                    | je ntdll.777FBE49                       |                                                   |                                   |
580 | 777FBE34 | 8D0490                   | lea eax,dword ptr ds:[eax+edx*4]        | eax: C57528-> C57534                              |                                   | eax:&"\n\n"
581 | 777FBE37 | 83C0 04                  | add eax,4                               | eax: C57534-> C57538 eflags: 206-> 202            |                                   | eax:&"\n\n"
582 | 777FBE3A | 74 0D                    | je ntdll.777FBE49                       |                                                   |                                   |
583 | 777FBE3C | 8B00                     | mov eax,dword ptr ds:[eax]              | eax: C57538-> C5BCD8                              | 00C57538: C5BCD8-> C5BCD8         | eax:&"\n\n", [eax]:"\n\n"
584 | 777FBE3E | 8B4D 0C                  | mov ecx,dword ptr ss:[ebp+C]            | ecx: C5BA48-> 19F8BC                              | 0019F8B4: 19F8BC-> 19F8BC         | [ebp+0C]:"444"
585 | 777FBE41 | 8901                     | mov dword ptr ds:[ecx],eax              |                                                   | 0019F8BC: 7734E710-> C5BCD8       | [ecx]:"444", eax:&"\n\n"
586 | 777FBE43 | 33C0                     | xor eax,eax                             | eax: C5BCD8-> 0 eflags: 202-> 246                 |                                   | eax:&"\n\n"
587 | 777FBE45 | 5D                       | pop ebp                                 | esp: 19F8A8-> 19F8AC ebp: 19F8A8-> 19F8C0         | 0019F8A8: 19F8C0-> 19F8C0         |
588 | 777FBE46 | C2 0800                  | ret 8                                   | esp: 19F8AC-> 19F8B8                              | 0019F8AC: 7734E72B-> 7734E72B     |
589 | 7734E72B | 85C0                     | test eax,eax                            |                                                   |                                   | eax:&"\n\n"
58A | 7734E72D | 78 11                    | js kernelbase.7734E740                  |                                                   |                                   |
58B | 7734E72F | C746 34 00000000         | mov dword ptr ds:[esi+34],0             |                                                   | 00266034: 0-> 0                   | esi+34:"mp.exe"
58C | 7734E736 | 8B45 FC                  | mov eax,dword ptr ss:[ebp-4]            | eax: 0-> C5BCD8                                   | 0019F8BC: C5BCD8-> C5BCD8         | [ebp-04]:&"444"
58D | 7734E739 | 5E                       | pop esi                                 | esp: 19F8B8-> 19F8BC esi: 266000-> 7734E710       | 0019F8B8: 7734E710-> 7734E710     | esi:&"E:\\新建文件夹11\\unicorn\\Emu\\Release\\Sample.vmp.exe"
58E | 7734E73A | 8BE5                     | mov esp,ebp                             | esp: 19F8BC-> 19F8C0                              |                                   |
58F | 7734E73C | 5D                       | pop ebp                                 | esp: 19F8C0-> 19F8C4 ebp: 19F8C0-> 19F8F0         | 0019F8C0: 19F8F0-> 19F8F0         |
590 | 7734E73D | C2 0400                  | ret 4                                   | esp: 19F8C4-> 19F8CC                              | 0019F8C4: 770B126D-> 770B126D     |
591 | 770B126D | 5F                       | pop edi                                 | esp: 19F8CC-> 19F8D0 edi: 3-> C62048              | 0019F8CC: C62048-> C62048         | edi:&"ALLUSERSPROFILE=C:\\ProgramData"
592 | 770B126E | 5E                       | pop esi                                 | esp: 19F8D0-> 19F8D4 esi: 7734E710-> 0            | 0019F8D0: 0-> 0                   | esi:&"E:\\新建文件夹11\\unicorn\\Emu\\Release\\Sample.vmp.exe"
593 | 770B126F | C3                       | ret                                     | esp: 19F8D4-> 19F8D8                              | 0019F8D4: 770A92FF-> 770A92FF     |
594 | 770A92FF | 8BF8                     | mov edi,eax                             | edi: C62048-> C5BCD8                              |                                   | edi:&"ALLUSERSPROFILE=C:\\ProgramData", eax:&"\n\n"
595 | 770A9301 | 85FF                     | test edi,edi                            | eflags: 246-> 206                                 |                                   | edi:&"ALLUSERSPROFILE=C:\\ProgramData"
596 | 770A9303 | 0F84 F7C60400            | je ucrtbase.770F5A00                    |                                                   |                                   |
597 | 770A9309 | 83FF FF                  | cmp edi,FFFFFFFF                        | eflags: 206-> 213                                 |                                   | edi:&"ALLUSERSPROFILE=C:\\ProgramData"
598 | 770A930C | 0F84 81000000            | je ucrtbase.770A9393                    |                                                   |                                   |
599 | 770A9312 | 85FF                     | test edi,edi                            | eflags: 213-> 206                                 |                                   | edi:&"ALLUSERSPROFILE=C:\\ProgramData"
59A | 770A9314 | 74 7D                    | je ucrtbase.770A9393                    |                                                   |                                   |
59B | 770A9316 | 8B0D E0021977            | mov ecx,dword ptr ds:[771902E0]         | ecx: 19F8BC-> 2                                   | 771902E0: 2-> 2                   | ecx:&"444"
59C | 770A931C | E8 1F7F0000              | call ucrtbase.770B1240                  | esp: 19F8D8-> 19F8D4                              | 0019F8D4: C62048-> 770A9321       |
59D | 770B1240 | A1 C4151977              | mov eax,dword ptr ds:[771915C4]         | eax: C5BCD8-> A805674B                            | 771915C4: A805674B-> A805674B     | eax:&"\n\n"
59E | 770B1245 | 56                       | push esi                                | esp: 19F8D4-> 19F8D0                              | 0019F8D0: 770A9321-> 0            | esi:&"E:\\新建文件夹11\\unicorn\\Emu\\Release\\Sample.vmp.exe"
59F | 770B1246 | 57                       | push edi                                | esp: 19F8D0-> 19F8CC                              | 0019F8CC: 0-> C5BCD8              | edi:&"ALLUSERSPROFILE=C:\\ProgramData"
5A0 | 770B1247 | 8BF9                     | mov edi,ecx                             | edi: C5BCD8-> 2                                   |                                   | edi:&"ALLUSERSPROFILE=C:\\ProgramData", ecx:&"444"
5A1 | 770B1249 | 90                       | nop                                     |                                                   |                                   |
5A2 | 770B124A | 8B35 D0021977            | mov esi,dword ptr ds:[771902D0]         | esi: 0-> 34E769AD                                 | 771902D0: 34E769AD-> 34E769AD     | esi:&"E:\\新建文件夹11\\unicorn\\Emu\\Release\\Sample.vmp.exe"
5A3 | 770B1250 | 8BCE                     | mov ecx,esi                             | ecx: 2-> 34E769AD                                 |                                   | ecx:&"444", esi:&"E:\\新建文件夹11\\unicorn\\Emu\\Release\\Sample.vmp.exe"
5A4 | 770B1252 | 83E1 1F                  | and ecx,1F                              | ecx: 34E769AD-> D eflags: 206-> 202               |                                   | ecx:&"444"
5A5 | 770B1255 | 33F0                     | xor esi,eax                             | esi: 34E769AD-> 9CE20EE6 eflags: 202-> 282        |                                   | esi:&"E:\\新建文件夹11\\unicorn\\Emu\\Release\\Sample.vmp.exe", eax:&"\n\n"
5A6 | 770B1257 | D3CE                     | ror esi,cl                              | esi: 9CE20EE6-> 7734E710 eflags: 282-> A82        |                                   | esi:&"E:\\新建文件夹11\\unicorn\\Emu\\Release\\Sample.vmp.exe"
5A7 | 770B1259 | 83FE FF                  | cmp esi,FFFFFFFF                        | eflags: A82-> 217                                 |                                   | esi:&"E:\\新建文件夹11\\unicorn\\Emu\\Release\\Sample.vmp.exe"
5A8 | 770B125C | 74 50                    | je ucrtbase.770B12AE                    |                                                   |                                   |
5A9 | 770B125E | 85F6                     | test esi,esi                            | eflags: 217-> 202                                 |                                   | esi:&"E:\\新建文件夹11\\unicorn\\Emu\\Release\\Sample.vmp.exe"
5AA | 770B1260 | 74 0E                    | je ucrtbase.770B1270                    |                                                   |                                   |
5AB | 770B1262 | 57                       | push edi                                | esp: 19F8CC-> 19F8C8                              | 0019F8C8: C5BCD8-> 2              | edi:&"ALLUSERSPROFILE=C:\\ProgramData"
5AC | 770B1263 | 8BCE                     | mov ecx,esi                             | ecx: D-> 7734E710                                 |                                   | ecx:&"444", esi:&"E:\\新建文件夹11\\unicorn\\Emu\\Release\\Sample.vmp.exe"
5AD | 770B1265 | FF15 70221977            | call dword ptr ds:[77192270]            | esp: 19F8C8-> 19F8C4                              | 77192270: 770C6A90-> 770C6A90 001 |
5AE | 770C6A90 | C2 0000                  | ret 0                                   | esp: 19F8C4-> 19F8C8                              | 0019F8C4: 770B126B-> 770B126B     |
5AF | 770B126B | FFD6                     | call esi                                | esp: 19F8C8-> 19F8C4                              | 0019F8C4: 2-> 770B126D            |
5B0 | 7734E710 | 8BFF                     | mov edi,edi                             |                                                   |                                   |
5B1 | 7734E712 | 55                       | push ebp                                | esp: 19F8C4-> 19F8C0                              | 0019F8C0: 770B126D-> 19F8F0       |
5B2 | 7734E713 | 8BEC                     | mov ebp,esp                             | ebp: 19F8F0-> 19F8C0                              |                                   |
5B3 | 7734E715 | 51                       | push ecx                                | esp: 19F8C0-> 19F8BC                              | 0019F8BC: 19F8F0-> 7734E710       | ecx:&"444"
5B4 | 7734E716 | 56                       | push esi                                | esp: 19F8BC-> 19F8B8                              | 0019F8B8: 7734E710-> 7734E710     | esi:&"E:\\新建文件夹11\\unicorn\\Emu\\Release\\Sample.vmp.exe"
5B5 | 7734E717 | 64:8B35 18000000         | mov esi,dword ptr fs:[18]               | esi: 7734E710-> 266000                            | 00266018: 266000-> 266000         | esi:&"E:\\新建文件夹11\\unicorn\\Emu\\Release\\Sample.vmp.exe", 00000018:L"怀&"
5B6 | 7734E71E | 8D45 FC                  | lea eax,dword ptr ss:[ebp-4]            | eax: A805674B-> 19F8BC                            |                                   | [ebp-04]:&"444"
5B7 | 7734E721 | 50                       | push eax                                | esp: 19F8B8-> 19F8B4                              | 0019F8B4: 7734E710-> 19F8BC       | eax:&"\n\n"
5B8 | 7734E722 | FF75 08                  | push dword ptr ss:[ebp+8]               | esp: 19F8B4-> 19F8B0                              | 0019F8C8: 2-> 2 0019F8B0: 19F8BC- | [ebp+08]:"%s"
5B9 | 7734E725 | FF15 38594477            | call dword ptr ds:[<RtlFlsGetValue>]    | esp: 19F8B0-> 19F8AC                              | 77445938: 777FBE00-> 777FBE00 001 |
5BA | 777FBE00 | 8BFF                     | mov edi,edi                             |                                                   |                                   |
5BB | 777FBE02 | 55                       | push ebp                                | esp: 19F8AC-> 19F8A8                              | 0019F8A8: 7734E72B-> 19F8C0       |
5BC | 777FBE03 | 8BEC                     | mov ebp,esp                             | ebp: 19F8C0-> 19F8A8                              |                                   |
5BD | 777FBE05 | 64:A1 18000000           | mov eax,dword ptr fs:[18]               | eax: 19F8BC-> 266000                              | 00266018: 266000-> 266000         | eax:&"\n\n", 00000018:L"怀&"
5BE | 777FBE0B | 8B88 B40F0000            | mov ecx,dword ptr ds:[eax+FB4]          | ecx: 7734E710-> C5BA48                            | 00266FB4: C5BA48-> C5BA48         | ecx:&"444", eax+FB4:remainderf+14AC4
5BF | 777FBE11 | 8B45 08                  | mov eax,dword ptr ss:[ebp+8]            | eax: 266000-> 2                                   | 0019F8B0: 2-> 2                   | [ebp+08]:"%s"
5C0 | 777FBE14 | 85C0                     | test eax,eax                            |                                                   |                                   | eax:&"\n\n"
5C1 | 777FBE16 | 74 35                    | je ntdll.777FBE4D                       |                                                   |                                   |
5C2 | 777FBE18 | 3D F00F0000              | cmp eax,FF0                             | eflags: 202-> 287                                 |                                   | eax:&"\n\n"
5C3 | 777FBE1D | 73 2E                    | jae ntdll.777FBE4D                      |                                                   |                                   |
5C4 | 777FBE1F | 85C9                     | test ecx,ecx                            | eflags: 287-> 206                                 |                                   | ecx:&"444"
5C5 | 777FBE21 | 74 2A                    | je ntdll.777FBE4D                       |                                                   |                                   |
5C6 | 777FBE23 | 8D50 10                  | lea edx,dword ptr ds:[eax+10]           | edx: 3-> 12                                       |                                   | edx:"%s", eax+10:remainderf+13B20
5C7 | 777FBE26 | 0FBDC2                   | bsr eax,edx                             | eax: 2-> 4 eflags: 206-> 202                      |                                   | eax:&"\n\n", edx:"%s"
5C8 | 777FBE29 | 0FBBC2                   | btc edx,eax                             | edx: 12-> 2 eflags: 202-> 203                     |                                   | edx:"%s", eax:&"\n\n"
5C9 | 777FBE2C | 8B4481 F8                | mov eax,dword ptr ds:[ecx+eax*4-8]      | eax: 4-> C57528                                   | 00C5BA50: C57528-> C57528         | eax:&"\n\n"
5CA | 777FBE30 | 85C0                     | test eax,eax                            | eflags: 203-> 206                                 |                                   | eax:&"\n\n"
5CB | 777FBE32 | 74 15                    | je ntdll.777FBE49                       |                                                   |                                   |
5CC | 777FBE34 | 8D0490                   | lea eax,dword ptr ds:[eax+edx*4]        | eax: C57528-> C57530                              |                                   | eax:&"\n\n"
5CD | 777FBE37 | 83C0 04                  | add eax,4                               | eax: C57530-> C57534 eflags: 206-> 202            |                                   | eax:&"\n\n"
5CE | 777FBE3A | 74 0D                    | je ntdll.777FBE49                       |                                                   |                                   |
5CF | 777FBE3C | 8B00                     | mov eax,dword ptr ds:[eax]              | eax: C57534-> 0                                   | 00C57534: 0-> 0                   | eax:&"\n\n", [eax]:"\n\n"
5D0 | 777FBE3E | 8B4D 0C                  | mov ecx,dword ptr ss:[ebp+C]            | ecx: C5BA48-> 19F8BC                              | 0019F8B4: 19F8BC-> 19F8BC         | [ebp+0C]:"444"
5D1 | 777FBE41 | 8901                     | mov dword ptr ds:[ecx],eax              |                                                   | 0019F8BC: 7734E710-> 0            | [ecx]:"444", eax:&"\n\n"
5D2 | 777FBE43 | 33C0                     | xor eax,eax                             | eflags: 202-> 246                                 |                                   | eax:&"\n\n"
5D3 | 777FBE45 | 5D                       | pop ebp                                 | esp: 19F8A8-> 19F8AC ebp: 19F8A8-> 19F8C0         | 0019F8A8: 19F8C0-> 19F8C0         |
5D4 | 777FBE46 | C2 0800                  | ret 8                                   | esp: 19F8AC-> 19F8B8                              | 0019F8AC: 7734E72B-> 7734E72B     |
5D5 | 7734E72B | 85C0                     | test eax,eax                            |                                                   |                                   | eax:&"\n\n"
5D6 | 7734E72D | 78 11                    | js kernelbase.7734E740                  |                                                   |                                   |
5D7 | 7734E72F | C746 34 00000000         | mov dword ptr ds:[esi+34],0             |                                                   | 00266034: 0-> 0                   | esi+34:"mp.exe"
5D8 | 7734E736 | 8B45 FC                  | mov eax,dword ptr ss:[ebp-4]            |                                                   | 0019F8BC: 0-> 0                   | [ebp-04]:&"444"
5D9 | 7734E739 | 5E                       | pop esi                                 | esp: 19F8B8-> 19F8BC esi: 266000-> 7734E710       | 0019F8B8: 7734E710-> 7734E710     | esi:&"E:\\新建文件夹11\\unicorn\\Emu\\Release\\Sample.vmp.exe"
5DA | 7734E73A | 8BE5                     | mov esp,ebp                             | esp: 19F8BC-> 19F8C0                              |                                   |
5DB | 7734E73C | 5D                       | pop ebp                                 | esp: 19F8C0-> 19F8C4 ebp: 19F8C0-> 19F8F0         | 0019F8C0: 19F8F0-> 19F8F0         |
5DC | 7734E73D | C2 0400                  | ret 4                                   | esp: 19F8C4-> 19F8CC                              | 0019F8C4: 770B126D-> 770B126D     |
5DD | 770B126D | 5F                       | pop edi                                 | esp: 19F8CC-> 19F8D0 edi: 2-> C5BCD8              | 0019F8CC: C5BCD8-> C5BCD8         | edi:&"ALLUSERSPROFILE=C:\\ProgramData"
5DE | 770B126E | 5E                       | pop esi                                 | esp: 19F8D0-> 19F8D4 esi: 7734E710-> 0            | 0019F8D0: 0-> 0                   | esi:&"E:\\新建文件夹11\\unicorn\\Emu\\Release\\Sample.vmp.exe"
5DF | 770B126F | C3                       | ret                                     | esp: 19F8D4-> 19F8D8                              | 0019F8D4: 770A9321-> 770A9321     |
5E0 | 770A9321 | 69C0 64030000            | imul eax,eax,364                        | eflags: 246-> 206                                 |                                   | eax:&"\n\n"
5E1 | 770A9327 | 56                       | push esi                                | esp: 19F8D8-> 19F8D4                              | 0019F8D4: C62048-> 0              | esi:&"E:\\新建文件夹11\\unicorn\\Emu\\Release\\Sample.vmp.exe"
5E2 | 770A9328 | 03F8                     | add edi,eax                             |                                                   |                                   | edi:&"ALLUSERSPROFILE=C:\\ProgramData", eax:&"\n\n"
5E3 | 770A932A | FF15 50201977            | call dword ptr ds:[<SetLastError>]      | esp: 19F8D4-> 19F8D0                              | 77192050: 777FAED0-> 777FAED0 001 |
5E4 | 777FAED0 | 8BFF                     | mov edi,edi                             |                                                   |                                   |
5E5 | 777FAED2 | 55                       | push ebp                                | esp: 19F8D0-> 19F8CC                              | 0019F8CC: 770A9330-> 19F8F0       |
5E6 | 777FAED3 | 8BEC                     | mov ebp,esp                             | ebp: 19F8F0-> 19F8CC                              |                                   |
5E7 | 777FAED5 | 83E4 F8                  | and esp,FFFFFFF8                        | esp: 19F8CC-> 19F8C8 eflags: 206-> 202            |                                   |
5E8 | 777FAED8 | 83EC 18                  | sub esp,18                              | esp: 19F8C8-> 19F8B0                              |                                   |
5E9 | 777FAEDB | A1 70B38C77              | mov eax,dword ptr ds:[778CB370]         | eax: 0-> C0EECD2C                                 | 778CB370: C0EECD2C-> C0EECD2C     | eax:&"\n\n"
5EA | 777FAEE0 | 33C4                     | xor eax,esp                             | eax: C0EECD2C-> C0F7359C eflags: 202-> 286        |                                   |
5EB | 777FAEE2 | 894424 14                | mov dword ptr ss:[esp+14],eax           |                                                   | 0019F8C4: 770B126D-> C0F7359C     | [esp+14]:&"444"
5EC | 777FAEE6 | 64:A1 18000000           | mov eax,dword ptr fs:[18]               | eax: C0F7359C-> 266000                            | 00266018: 266000-> 266000         | eax:&"\n\n", 00000018:L"怀&"
5ED | 777FAEEC | 8B15 946D8C77            | mov edx,dword ptr ds:[778C6D94]         | edx: 2-> 0                                        | 778C6D94: 0-> 0                   | edx:"%s"
5EE | 777FAEF2 | 8B4D 08                  | mov ecx,dword ptr ss:[ebp+8]            | ecx: 19F8BC-> 0                                   | 0019F8D4: 0-> 0                   | [ebp+08]:"%s"
5EF | 777FAEF5 | 85D2                     | test edx,edx                            | eflags: 286-> 246                                 |                                   | edx:"%s"
5F0 | 777FAEF7 | 75 35                    | jne ntdll.777FAF2E                      |                                                   |                                   |
5F1 | 777FAEF9 | 3948 34                  | cmp dword ptr ds:[eax+34],ecx           |                                                   | 00266034: 0-> 0                   | eax+34:remainderf+13B44, ecx:&"444"
5F2 | 777FAEFC | 75 11                    | jne ntdll.777FAF0F                      |                                                   |                                   |
5F3 | 777FAEFE | 8B4C24 14                | mov ecx,dword ptr ss:[esp+14]           | ecx: 0-> C0F7359C                                 | 0019F8C4: C0F7359C-> C0F7359C     | [esp+14]:&"444"
5F4 | 777FAF02 | 33CC                     | xor ecx,esp                             | ecx: C0F7359C-> C0EECD2C eflags: 246-> 282        |                                   |
5F5 | 777FAF04 | E8 B7A20100              | call ntdll.778151C0                     | esp: 19F8B0-> 19F8AC                              | 0019F8AC: 2-> 777FAF09            |
5F6 | 778151C0 | 3B0D 70B38C77            | cmp ecx,dword ptr ds:[778CB370]         | eflags: 282-> 246                                 | 778CB370: C0EECD2C-> C0EECD2C     | ecx:&"444"
5F7 | 778151C6 | 75 03                    | jne ntdll.778151CB                      |                                                   |                                   |
5F8 | 778151C8 | C2 0000                  | ret 0                                   | esp: 19F8AC-> 19F8B0                              | 0019F8AC: 777FAF09-> 777FAF09     |
5F9 | 777FAF09 | 8BE5                     | mov esp,ebp                             | esp: 19F8B0-> 19F8CC                              |                                   |
5FA | 777FAF0B | 5D                       | pop ebp                                 | esp: 19F8CC-> 19F8D0 ebp: 19F8CC-> 19F8F0         | 0019F8CC: 19F8F0-> 19F8F0         |
5FB | 777FAF0C | C2 0400                  | ret 4                                   | esp: 19F8D0-> 19F8D8                              | 0019F8D0: 770A9330-> 770A9330     |
5FC | 770A9330 | 85FF                     | test edi,edi                            | eflags: 246-> 206                                 |                                   | edi:&"ALLUSERSPROFILE=C:\\ProgramData"
5FD | 770A9332 | 74 66                    | je ucrtbase.770A939A                    |                                                   |                                   |
5FE | 770A9334 | 8B47 4C                  | mov eax,dword ptr ds:[edi+4C]           | eax: 266000-> 77190060                            | 00C5BD24: 77190060-> 77190060     | eax:&"\n\n", [edi+4C]:"NUMBER_OF_PROCESSORS=8"
5FF | 770A9337 | 8B4C24 10                | mov ecx,dword ptr ss:[esp+10]           | ecx: C0EECD2C-> 38                                | 0019F8E8: 38-> 38                 |
600 | 770A933B | 83B8 A8000000 00         | cmp dword ptr ds:[eax+A8],0             | eflags: 206-> 246                                 | 77190108: 0-> 0                   | eax+A8:remainderf+13BB8
601 | 770A9342 | 8B049D 60131977          | mov eax,dword ptr ds:[ebx*4+77191360]   | eax: 77190060-> C5C3A8                            | 77191360: C5C3A8-> C5C3A8         | eax:&"\n\n"
602 | 770A9349 | 0F85 CFC60400            | jne ucrtbase.770F5A1E                   |                                                   |                                   |
603 | 770A934F | 807C08 29 00             | cmp byte ptr ds:[eax+ecx+29],0          |                                                   | 00C5C409: A0A0A00-> A0A0A00       | eax+ecx*1+29:"ncOpenSession"
604 | 770A9354 | 0F84 67FFFFFF            | je ucrtbase.770A92C1                    |                                                   |                                   |
605 | 770A92C1 | 32C0                     | xor al,al                               | eax: C5C3A8-> C5C300                              |                                   |
606 | 770A92C3 | 5F                       | pop edi                                 | esp: 19F8D8-> 19F8DC edi: C5BCD8-> C62048         | 0019F8D8: C62048-> C62048         | edi:&"ALLUSERSPROFILE=C:\\ProgramData"
607 | 770A92C4 | 5E                       | pop esi                                 | esp: 19F8DC-> 19F8E0 esi: 0-> 1                   | 0019F8DC: 1-> 1                   | esi:&"E:\\新建文件夹11\\unicorn\\Emu\\Release\\Sample.vmp.exe"
608 | 770A92C5 | 5B                       | pop ebx                                 | esp: 19F8E0-> 19F8E4                              | 0019F8E0: 0-> 0                   |
609 | 770A92C6 | 8BE5                     | mov esp,ebp                             | esp: 19F8E4-> 19F8F0                              |                                   |
60A | 770A92C8 | 5D                       | pop ebp                                 | esp: 19F8F0-> 19F8F4 ebp: 19F8F0-> 19F934         | 0019F8F0: 19F934-> 19F934         |
60B | 770A92C9 | C3                       | ret                                     | esp: 19F8F4-> 19F8F8                              | 0019F8F4: 770A9232-> 770A9232     |
60C | 770A9232 | 84C0                     | test al,al                              |                                                   |                                   |
60D | 770A9234 | 0F85 6EC30400            | jne ucrtbase.770F55A8                   |                                                   |                                   |
60E | 770A923A | 8B4424 10                | mov eax,dword ptr ss:[esp+10]           | eax: C5C300-> 0                                   | 0019F908: 0-> 0                   |
60F | 770A923E | 8B4C24 14                | mov ecx,dword ptr ss:[esp+14]           |                                                   | 0019F90C: 38-> 38                 | [esp+14]:&"444"
610 | 770A9242 | 8B0485 60131977          | mov eax,dword ptr ds:[eax*4+77191360]   | eax: 0-> C5C3A8                                   | 77191360: C5C3A8-> C5C3A8         | eax:&"\n\n"
611 | 770A9249 | 385C01 28                | cmp byte ptr ds:[ecx+eax+28],bl         | eflags: 246-> 282                                 | 00C5C408: A0A00C1-> A0A00C1       | ecx+eax*1+28:"yncOpenSession"
612 | 770A924D | 7C 33                    | jl ucrtbase.770A9282                    |                                                   |                                   |
613 | 770A9282 | 0FBE4424 0F              | movsx eax,byte ptr ss:[esp+F]           | eax: C5C3A8-> 0                                   | 0019F907: 0-> 0                   |
614 | 770A9287 | 2BC3                     | sub eax,ebx                             | eflags: 282-> 246                                 |                                   | eax:&"\n\n"
615 | 770A9289 | 0F85 55C30400            | jne ucrtbase.770F55E4                   |                                                   |                                   |
616 | 770A928F | FF75 08                  | push dword ptr ss:[ebp+8]               | esp: 19F8F8-> 19F8F4                              | 0019F93C: 5-> 5 0019F8F4: FFFFFFF | [ebp+08]:"%s"
617 | 770A9292 | 8D4424 2C                | lea eax,dword ptr ss:[esp+2C]           | eax: 0-> 19F920                                   |                                   | [esp+2C]:__scrt_common_main_seh+FA
618 | 770A9296 | 8BD7                     | mov edx,edi                             | edx: 0-> C62048                                   |                                   | edx:"%s", edi:&"ALLUSERSPROFILE=C:\\ProgramData"
619 | 770A9298 | 50                       | push eax                                | esp: 19F8F4-> 19F8F0                              | 0019F8F0: 5-> 19F920              | eax:&"\n\n"
61A | 770A9299 | 8BCE                     | mov ecx,esi                             | ecx: 38-> 1                                       |                                   | ecx:&"444", esi:&"E:\\新建文件夹11\\unicorn\\Emu\\Release\\Sample.vmp.exe"
61B | 770A929B | E8 5DDBFFFF              | call ucrtbase.770A6DFD                  | esp: 19F8F0-> 19F8EC                              | 0019F8EC: 19F920-> 770A92A0       |
61C | 770A6DFD | 8BFF                     | mov edi,edi                             |                                                   |                                   |
61D | 770A6DFF | 55                       | push ebp                                | esp: 19F8EC-> 19F8E8                              | 0019F8E8: 770A92A0-> 19F934       |
61E | 770A6E00 | 8BEC                     | mov ebp,esp                             | ebp: 19F934-> 19F8E8                              |                                   |
61F | 770A6E02 | B8 10140000              | mov eax,1410                            | eax: 19F920-> 1410                                |                                   | eax:&"\n\n"
620 | 770A6E07 | E8 E4B60300              | call ucrtbase.770E24F0                  | esp: 19F8E8-> 19F8E4                              | 0019F8E4: 19F934-> 770A6E0C       |
621 | 770E24F0 | 51                       | push ecx                                | esp: 19F8E4-> 19F8E0                              | 0019F8E0: 770A6E0C-> 1            | ecx:&"444"
622 | 770E24F1 | 8D4C24 04                | lea ecx,dword ptr ss:[esp+4]            | ecx: 1-> 19F8E4                                   |                                   | [esp+04]:"%s"
623 | 770E24F5 | 2BC8                     | sub ecx,eax                             | ecx: 19F8E4-> 19E4D4 eflags: 246-> 206            |                                   | ecx:&"444", eax:&"\n\n"
624 | 770E24F7 | 1BC0                     | sbb eax,eax                             | eax: 1410-> 0 eflags: 206-> 246                   |                                   | eax:&"\n\n"
625 | 770E24F9 | F7D0                     | not eax                                 | eax: 0-> FFFFFFFF                                 |                                   | eax:&"\n\n"
626 | 770E24FB | 23C8                     | and ecx,eax                             | eflags: 246-> 206                                 |                                   | ecx:&"444", eax:&"\n\n"
627 | 770E24FD | 8BC4                     | mov eax,esp                             | eax: FFFFFFFF-> 19F8E0                            |                                   |
628 | 770E24FF | 25 00F0FFFF              | and eax,FFFFF000                        | eax: 19F8E0-> 19F000                              |                                   | eax:&"\n\n"
629 | 770E2504 | 3BC8                     | cmp ecx,eax                             | eflags: 206-> 287                                 |                                   | ecx:&"444", eax:&"\n\n"
62A | 770E2506 | F2:72 0B                 | bnd jb ucrtbase.770E2514                |                                                   |                                   |
62B | 770E2514 | 2D 00100000              | sub eax,1000                            | eax: 19F000-> 19E000 eflags: 287-> 206            |                                   | eax:&"\n\n"
62C | 770E2519 | 8500                     | test dword ptr ds:[eax],eax             | eflags: 206-> 246                                 | 0019E000: 23000023-> 23000023     | [eax]:"\n\n", eax:&"\n\n"
62D | 770E251B | EB E7                    | jmp ucrtbase.770E2504                   |                                                   |                                   |
62E | 770E2504 | 3BC8                     | cmp ecx,eax                             | eflags: 246-> 206                                 |                                   | ecx:&"444", eax:&"\n\n"
62F | 770E2506 | F2:72 0B                 | bnd jb ucrtbase.770E2514                |                                                   |                                   |
630 | 770E2509 | 8BC1                     | mov eax,ecx                             | eax: 19E000-> 19E4D4                              |                                   | eax:&"\n\n", ecx:&"444"
631 | 770E250B | 59                       | pop ecx                                 | ecx: 19E4D4-> 1 esp: 19F8E0-> 19F8E4              | 0019F8E0: 1-> 1                   | ecx:&"444"
632 | 770E250C | 94                       | xchg esp,eax                            | eax: 19E4D4-> 19F8E4 esp: 19F8E4-> 19E4D4         |                                   |
633 | 770E250D | 8B00                     | mov eax,dword ptr ds:[eax]              | eax: 19F8E4-> 770A6E0C                            | 0019F8E4: 770A6E0C-> 770A6E0C     | eax:&"\n\n", [eax]:"\n\n"
634 | 770E250F | 890424                   | mov dword ptr ss:[esp],eax              |                                                   | 0019E4D4: 770A6EC9-> 770A6E0C     | [esp]:&"\n\n"
635 | 770E2512 | F2:C3                    | bnd ret                                 | esp: 19E4D4-> 19E4D8                              | 0019E4D4: 770A6E0C-> 770A6E0C     |
636 | 770A6E0C | A1 D0021977              | mov eax,dword ptr ds:[771902D0]         | eax: 770A6E0C-> 34E769AD                          | 771902D0: 34E769AD-> 34E769AD     | eax:&"\n\n"
637 | 770A6E11 | 33C5                     | xor eax,ebp                             | eax: 34E769AD-> 34FE9145 eflags: 206-> 202        |                                   |
638 | 770A6E13 | 8945 FC                  | mov dword ptr ss:[ebp-4],eax            |                                                   | 0019F8E4: 770A6E0C-> 34FE9145     | [ebp-04]:&"444"
639 | 770A6E16 | 8BC1                     | mov eax,ecx                             | eax: 34FE9145-> 1                                 |                                   | eax:&"\n\n", ecx:&"444"
63A | 770A6E18 | 83E1 3F                  | and ecx,3F                              |                                                   |                                   | ecx:&"444"
63B | 770A6E1B | C1F8 06                  | sar eax,6                               | eax: 1-> 0 eflags: 202-> 246                      |                                   | eax:&"\n\n"
63C | 770A6E1E | 6BC9 38                  | imul ecx,ecx,38                         | ecx: 1-> 38 eflags: 246-> 202                     |                                   | ecx:&"444"
63D | 770A6E21 | 53                       | push ebx                                | esp: 19E4D8-> 19E4D4                              | 0019E4D4: C6204D-> 0              |
63E | 770A6E22 | 8B5D 08                  | mov ebx,dword ptr ss:[ebp+8]            | ebx: 0-> 19F920                                   | 0019F8F0: 19F920-> 19F920         | [ebp+08]:"%s"
63F | 770A6E25 | 8B0485 60131977          | mov eax,dword ptr ds:[eax*4+77191360]   | eax: 0-> C5C3A8                                   | 77191360: C5C3A8-> C5C3A8         | eax:&"\n\n"
640 | 770A6E2C | 56                       | push esi                                | esp: 19E4D4-> 19E4D0                              | 0019E4D0: 0-> 1                   | esi:&"E:\\新建文件夹11\\unicorn\\Emu\\Release\\Sample.vmp.exe"
641 | 770A6E2D | 57                       | push edi                                | esp: 19E4D0-> 19E4CC                              | 0019E4CC: 1-> C62048              | edi:&"ALLUSERSPROFILE=C:\\ProgramData"
642 | 770A6E2E | 8BFB                     | mov edi,ebx                             | edi: C62048-> 19F920                              |                                   | edi:&"ALLUSERSPROFILE=C:\\ProgramData"
643 | 770A6E30 | 8B4408 18                | mov eax,dword ptr ds:[eax+ecx+18]       | eax: C5C3A8-> A0                                  | 00C5C3F8: A0-> A0                 | eax:&"\n\n", eax+ecx*1+18:"Units"
644 | 770A6E34 | 8B4D 0C                  | mov ecx,dword ptr ss:[ebp+C]            | ecx: 38-> 5                                       | 0019F8F4: 5-> 5                   | [ebp+0C]:"444"
645 | 770A6E37 | 8985 F8EBFFFF            | mov dword ptr ss:[ebp-1408],eax         |                                                   | 0019E4E0: C6204D-> A0             | [ebp-1408]:RtlImageDirectoryEntryToData+6D0
646 | 770A6E3D | 03CA                     | add ecx,edx                             | ecx: 5-> C6204D eflags: 202-> 206                 |                                   | ecx:&"444", edx:"%s"
647 | 770A6E3F | 33C0                     | xor eax,eax                             | eax: A0-> 0 eflags: 206-> 246                     |                                   | eax:&"\n\n"
648 | 770A6E41 | 898D F0EBFFFF            | mov dword ptr ss:[ebp-1410],ecx         |                                                   | 0019E4D8: C6204D-> C6204D         |
649 | 770A6E47 | AB                       | stosd                                   | edi: 19F920-> 19F924                              | 0019F920: 0-> 0                   |
64A | 770A6E48 | AB                       | stosd                                   | edi: 19F924-> 19F928                              | 0019F924: 6-> 0                   |
64B | 770A6E49 | AB                       | stosd                                   | edi: 19F928-> 19F92C                              | 0019F928: 1-> 0                   |
64C | 770A6E4A | 3BD1                     | cmp edx,ecx                             | eflags: 246-> 293                                 |                                   | edx:"%s", ecx:&"444"
64D | 770A6E4C | 73 6C                    | jae ucrtbase.770A6EBA                   |                                                   |                                   |
64E | 770A6E4E | 8BBD F8EBFFFF            | mov edi,dword ptr ss:[ebp-1408]         | edi: 19F92C-> A0                                  | 0019E4E0: A0-> A0                 | [ebp-1408]:RtlImageDirectoryEntryToData+6D0
64F | 770A6E54 | 8DB5 FCEBFFFF            | lea esi,dword ptr ss:[ebp-1404]         | esi: 1-> 19E4E4                                   |                                   |
650 | 770A6E5A | 3BD1                     | cmp edx,ecx                             |                                                   |                                   | edx:"%s", ecx:&"444"
651 | 770A6E5C | 73 11                    | jae ucrtbase.770A6E6F                   |                                                   |                                   |
652 | 770A6E5E | 8A02                     | mov al,byte ptr ds:[edx]                | eax: 0-> 66                                       | 00C62048: 6C696166-> 6C696166     | edx:"%s"
653 | 770A6E60 | 42                       | inc edx                                 | edx: C62048-> C62049 eflags: 293-> 203            |                                   | edx:"%s"
654 | 770A6E61 | 3C 0A                    | cmp al,A                                | eflags: 203-> 216                                 |                                   | 0A:'\n'
655 | 770A6E63 | 74 66                    | je ucrtbase.770A6ECB                    |                                                   |                                   |
656 | 770A6E65 | 8806                     | mov byte ptr ds:[esi],al                |                                                   | 0019E4E4: 6C696166-> 6C696166     | esi:&"E:\\新建文件夹11\\unicorn\\Emu\\Release\\Sample.vmp.exe"
657 | 770A6E67 | 46                       | inc esi                                 | esi: 19E4E4-> 19E4E5 eflags: 216-> 202            |                                   | esi:&"E:\\新建文件夹11\\unicorn\\Emu\\Release\\Sample.vmp.exe"
658 | 770A6E68 | 8D45 FB                  | lea eax,dword ptr ss:[ebp-5]            | eax: 66-> 19F8E3                                  |                                   |
659 | 770A6E6B | 3BF0                     | cmp esi,eax                             | eflags: 202-> 283                                 |                                   | esi:&"E:\\新建文件夹11\\unicorn\\Emu\\Release\\Sample.vmp.exe", eax:&"\n\n"
65A | 770A6E6D | 72 EB                    | jb ucrtbase.770A6E5A                    |                                                   |                                   |
65B | 770A6E5A | 3BD1                     | cmp edx,ecx                             | eflags: 283-> 297                                 |                                   | edx:"%s", ecx:&"444"
65C | 770A6E5C | 73 11                    | jae ucrtbase.770A6E6F                   |                                                   |                                   |
65D | 770A6E5E | 8A02                     | mov al,byte ptr ds:[edx]                | eax: 19F8E3-> 19F861                              | 00C62049: A6C6961-> A6C6961       | edx:"%s"
65E | 770A6E60 | 42                       | inc edx                                 | edx: C62049-> C6204A eflags: 297-> 203            |                                   | edx:"%s"
65F | 770A6E61 | 3C 0A                    | cmp al,A                                | eflags: 203-> 212                                 |                                   | 0A:'\n'
660 | 770A6E63 | 74 66                    | je ucrtbase.770A6ECB                    |                                                   |                                   |
661 | 770A6E65 | 8806                     | mov byte ptr ds:[esi],al                |                                                   | 0019E4E5: D6C6961-> D6C6961       | esi:&"E:\\新建文件夹11\\unicorn\\Emu\\Release\\Sample.vmp.exe"
662 | 770A6E67 | 46                       | inc esi                                 | esi: 19E4E5-> 19E4E6 eflags: 212-> 202            |                                   | esi:&"E:\\新建文件夹11\\unicorn\\Emu\\Release\\Sample.vmp.exe"
663 | 770A6E68 | 8D45 FB                  | lea eax,dword ptr ss:[ebp-5]            | eax: 19F861-> 19F8E3                              |                                   |
664 | 770A6E6B | 3BF0                     | cmp esi,eax                             | eflags: 202-> 287                                 |                                   | esi:&"E:\\新建文件夹11\\unicorn\\Emu\\Release\\Sample.vmp.exe", eax:&"\n\n"
665 | 770A6E6D | 72 EB                    | jb ucrtbase.770A6E5A                    |                                                   |                                   |
666 | 770A6E5A | 3BD1                     | cmp edx,ecx                             | eflags: 287-> 293                                 |                                   | edx:"%s", ecx:&"444"
667 | 770A6E5C | 73 11                    | jae ucrtbase.770A6E6F                   |                                                   |                                   |
668 | 770A6E5E | 8A02                     | mov al,byte ptr ds:[edx]                | eax: 19F8E3-> 19F869                              | 00C6204A: 790A6C69-> 790A6C69     | edx:"%s"
669 | 770A6E60 | 42                       | inc edx                                 | edx: C6204A-> C6204B eflags: 293-> 207            |                                   | edx:"%s"
66A | 770A6E61 | 3C 0A                    | cmp al,A                                | eflags: 207-> 216                                 |                                   | 0A:'\n'
66B | 770A6E63 | 74 66                    | je ucrtbase.770A6ECB                    |                                                   |                                   |
66C | 770A6E65 | 8806                     | mov byte ptr ds:[esi],al                |                                                   | 0019E4E6: A0D6C69-> A0D6C69       | esi:&"E:\\新建文件夹11\\unicorn\\Emu\\Release\\Sample.vmp.exe"
66D | 770A6E67 | 46                       | inc esi                                 | esi: 19E4E6-> 19E4E7 eflags: 216-> 206            |                                   | esi:&"E:\\新建文件夹11\\unicorn\\Emu\\Release\\Sample.vmp.exe"
66E | 770A6E68 | 8D45 FB                  | lea eax,dword ptr ss:[ebp-5]            | eax: 19F869-> 19F8E3                              |                                   |
66F | 770A6E6B | 3BF0                     | cmp esi,eax                             | eflags: 206-> 283                                 |                                   | esi:&"E:\\新建文件夹11\\unicorn\\Emu\\Release\\Sample.vmp.exe", eax:&"\n\n"
670 | 770A6E6D | 72 EB                    | jb ucrtbase.770A6E5A                    |                                                   |                                   |
671 | 770A6E5A | 3BD1                     | cmp edx,ecx                             | eflags: 283-> 293                                 |                                   | edx:"%s", ecx:&"444"
672 | 770A6E5C | 73 11                    | jae ucrtbase.770A6E6F                   |                                                   |                                   |
673 | 770A6E5E | 8A02                     | mov al,byte ptr ds:[edx]                | eax: 19F8E3-> 19F86C                              | 00C6204B: C5790A6C-> C5790A6C     | edx:"%s"
674 | 770A6E60 | 42                       | inc edx                                 | edx: C6204B-> C6204C eflags: 293-> 203            |                                   | edx:"%s"
675 | 770A6E61 | 3C 0A                    | cmp al,A                                | eflags: 203-> 202                                 |                                   | 0A:'\n'
676 | 770A6E63 | 74 66                    | je ucrtbase.770A6ECB                    |                                                   |                                   |
677 | 770A6E65 | 8806                     | mov byte ptr ds:[esi],al                |                                                   | 0019E4E7: A0D6C-> A0D6C           | esi:&"E:\\新建文件夹11\\unicorn\\Emu\\Release\\Sample.vmp.exe"
678 | 770A6E67 | 46                       | inc esi                                 | esi: 19E4E7-> 19E4E8 eflags: 202-> 206            |                                   | esi:&"E:\\新建文件夹11\\unicorn\\Emu\\Release\\Sample.vmp.exe"
679 | 770A6E68 | 8D45 FB                  | lea eax,dword ptr ss:[ebp-5]            | eax: 19F86C-> 19F8E3                              |                                   |
67A | 770A6E6B | 3BF0                     | cmp esi,eax                             | eflags: 206-> 287                                 |                                   | esi:&"E:\\新建文件夹11\\unicorn\\Emu\\Release\\Sample.vmp.exe", eax:&"\n\n"
67B | 770A6E6D | 72 EB                    | jb ucrtbase.770A6E5A                    |                                                   |                                   |
67C | 770A6E5A | 3BD1                     | cmp edx,ecx                             | eflags: 287-> 297                                 |                                   | edx:"%s", ecx:&"444"
67D | 770A6E5C | 73 11                    | jae ucrtbase.770A6E6F                   |                                                   |                                   |
67E | 770A6E5E | 8A02                     | mov al,byte ptr ds:[edx]                | eax: 19F8E3-> 19F80A                              | 00C6204C: C5790A-> C5790A         | edx:"%s"
67F | 770A6E60 | 42                       | inc edx                                 | edx: C6204C-> C6204D eflags: 297-> 207            |                                   | edx:"%s"
680 | 770A6E61 | 3C 0A                    | cmp al,A                                | eflags: 207-> 246                                 |                                   | 0A:'\n'
681 | 770A6E63 | 74 66                    | je ucrtbase.770A6ECB                    |                                                   |                                   |
682 | 770A6ECB | FF43 08                  | inc dword ptr ds:[ebx+8]                | eflags: 246-> 202                                 | 0019F928: 0-> 1                   |
683 | 770A6ECE | C606 0D                  | mov byte ptr ds:[esi],D                 |                                                   | 0019E4E8: A0D-> A0D               | esi:&"E:\\新建文件夹11\\unicorn\\Emu\\Release\\Sample.vmp.exe", 0D:'\r'
684 | 770A6ED1 | 46                       | inc esi                                 | esi: 19E4E8-> 19E4E9                              |                                   | esi:&"E:\\新建文件夹11\\unicorn\\Emu\\Release\\Sample.vmp.exe"
685 | 770A6ED2 | EB 91                    | jmp ucrtbase.770A6E65                   |                                                   |                                   |
686 | 770A6E65 | 8806                     | mov byte ptr ds:[esi],al                |                                                   | 0019E4E9: A-> A                   | esi:&"E:\\新建文件夹11\\unicorn\\Emu\\Release\\Sample.vmp.exe"
687 | 770A6E67 | 46                       | inc esi                                 | esi: 19E4E9-> 19E4EA                              |                                   | esi:&"E:\\新建文件夹11\\unicorn\\Emu\\Release\\Sample.vmp.exe"
688 | 770A6E68 | 8D45 FB                  | lea eax,dword ptr ss:[ebp-5]            | eax: 19F80A-> 19F8E3                              |                                   |
689 | 770A6E6B | 3BF0                     | cmp esi,eax                             | eflags: 202-> 283                                 |                                   | esi:&"E:\\新建文件夹11\\unicorn\\Emu\\Release\\Sample.vmp.exe", eax:&"\n\n"
68A | 770A6E6D | 72 EB                    | jb ucrtbase.770A6E5A                    |                                                   |                                   |
68B | 770A6E5A | 3BD1                     | cmp edx,ecx                             | eflags: 283-> 246                                 |                                   | edx:"%s", ecx:&"444"
68C | 770A6E5C | 73 11                    | jae ucrtbase.770A6E6F                   |                                                   |                                   |
68D | 770A6E6F | 8D85 FCEBFFFF            | lea eax,dword ptr ss:[ebp-1404]         | eax: 19F8E3-> 19E4E4                              |                                   |
68E | 770A6E75 | 8995 F8EBFFFF            | mov dword ptr ss:[ebp-1408],edx         |                                                   | 0019E4E0: A0-> C6204D             | [ebp-1408]:RtlImageDirectoryEntryToData+6D0
68F | 770A6E7B | 2BF0                     | sub esi,eax                             | esi: 19E4EA-> 6 eflags: 246-> 206                 |                                   | esi:&"E:\\新建文件夹11\\unicorn\\Emu\\Release\\Sample.vmp.exe", eax:&"\n\n"
690 | 770A6E7D | 8D85 F4EBFFFF            | lea eax,dword ptr ss:[ebp-140C]         | eax: 19E4E4-> 19E4DC                              |                                   |
691 | 770A6E83 | 6A 00                    | push 0                                  | esp: 19E4CC-> 19E4C8                              | 0019E4C8: C62048-> 0              |
692 | 770A6E85 | 50                       | push eax                                | esp: 19E4C8-> 19E4C4                              | 0019E4C4: 0-> 19E4DC              | eax:&"\n\n"
693 | 770A6E86 | 56                       | push esi                                | esp: 19E4C4-> 19E4C0                              | 0019E4C0: 19E4DC-> 6              | esi:&"E:\\新建文件夹11\\unicorn\\Emu\\Release\\Sample.vmp.exe"
694 | 770A6E87 | 8D85 FCEBFFFF            | lea eax,dword ptr ss:[ebp-1404]         | eax: 19E4DC-> 19E4E4                              |                                   |
695 | 770A6E8D | 50                       | push eax                                | esp: 19E4C0-> 19E4BC                              | 0019E4BC: 6-> 19E4E4              | eax:&"\n\n"
696 | 770A6E8E | 57                       | push edi                                | esp: 19E4BC-> 19E4B8                              | 0019E4B8: 19E4E4-> A0             | edi:&"ALLUSERSPROFILE=C:\\ProgramData"
697 | 770A6E8F | FF15 B8201977            | call dword ptr ds:[<WriteFile>]         | esp: 19E4B8-> 19E4B4                              | 771920B8: 77350C40-> 77350C40 001 |
698 | 77350C40 | 6A 18                    | push 18                                 | esp: 19E4B4-> 19E4B0                              | 0019E4B0: 770A6E95-> 18           |
699 | 77350C42 | 68 48DD4277              | push kernelbase.7742DD48                | esp: 19E4B0-> 19E4AC                              | 0019E4AC: 18-> 7742DD48           |
69A | 77350C47 | E8 A45F0500              | call kernelbase.773A6BF0                | esp: 19E4AC-> 19E4A8                              | 0019E4A8: 7742DD48-> 77350C4C     |
69B | 773A6BF0 | 68 30673877              | push kernelbase.77386730                | esp: 19E4A8-> 19E4A4                              | 0019E4A4: 77350C4C-> 77386730     |
69C | 773A6BF5 | 64:FF35 00000000         | push dword ptr fs:[0]                   | esp: 19E4A4-> 19E4A0                              | 00266000: 19F964-> 19F964 0019E4A |
69D | 773A6BFC | 8B4424 10                | mov eax,dword ptr ss:[esp+10]           | eax: 19E4E4-> 18                                  | 0019E4B0: 18-> 18                 |
69E | 773A6C00 | 896C24 10                | mov dword ptr ss:[esp+10],ebp           |                                                   | 0019E4B0: 18-> 19F8E8             |
69F | 773A6C04 | 8D6C24 10                | lea ebp,dword ptr ss:[esp+10]           | ebp: 19F8E8-> 19E4B0                              |                                   |
6A0 | 773A6C08 | 2BE0                     | sub esp,eax                             | esp: 19E4A0-> 19E488 eflags: 206-> 216            |                                   |
6A1 | 773A6C0A | 53                       | push ebx                                | esp: 19E488-> 19E484                              | 0019E484: 19E470-> 19F920         |
6A2 | 773A6C0B | 56                       | push esi                                | esp: 19E484-> 19E480                              | 0019E480: 19F920-> 6              | esi:&"E:\\新建文件夹11\\unicorn\\Emu\\Release\\Sample.vmp.exe"
6A3 | 773A6C0C | 57                       | push edi                                | esp: 19E480-> 19E47C                              | 0019E47C: 6-> A0                  | edi:&"ALLUSERSPROFILE=C:\\ProgramData"
6A4 | 773A6C0D | A1 501B4477              | mov eax,dword ptr ds:[77441B50]         | eax: 18-> E57C3112                                | 77441B50: E57C3112-> E57C3112     | eax:&"\n\n"
6A5 | 773A6C12 | 3145 FC                  | xor dword ptr ss:[ebp-4],eax            | eflags: 216-> 286                                 | 0019E4AC: 7742DD48-> 923EEC5A     | [ebp-04]:&"444"
6A6 | 773A6C15 | 33C5                     | xor eax,ebp                             | eax: E57C3112-> E565D5A2 eflags: 286-> 282        |                                   |
6A7 | 773A6C17 | 50                       | push eax                                | esp: 19E47C-> 19E478                              | 0019E478: A0-> E565D5A2           | eax:&"\n\n"
6A8 | 773A6C18 | 8965 E8                  | mov dword ptr ss:[ebp-18],esp           |                                                   | 0019E498: 19E478-> 19E478         | [ebp-18]:&"\n\n"
6A9 | 773A6C1B | FF75 F8                  | push dword ptr ss:[ebp-8]               | esp: 19E478-> 19E474                              | 0019E4A8: 77350C4C-> 77350C4C 001 |
6AA | 773A6C1E | 8B45 FC                  | mov eax,dword ptr ss:[ebp-4]            | eax: E565D5A2-> 923EEC5A                          | 0019E4AC: 923EEC5A-> 923EEC5A     | [ebp-04]:&"444"
6AB | 773A6C21 | C745 FC FEFFFFFF         | mov dword ptr ss:[ebp-4],FFFFFFFE       |                                                   | 0019E4AC: 923EEC5A-> FFFFFFFE     | [ebp-04]:&"444"
6AC | 773A6C28 | 8945 F8                  | mov dword ptr ss:[ebp-8],eax            |                                                   | 0019E4A8: 77350C4C-> 923EEC5A     |
6AD | 773A6C2B | 8D45 F0                  | lea eax,dword ptr ss:[ebp-10]           | eax: 923EEC5A-> 19E4A0                            |                                   |
6AE | 773A6C2E | 64:A3 00000000           | mov dword ptr fs:[0],eax                |                                                   | 00266000: 19F964-> 19E4A0         | eax:&"\n\n"
6AF | 773A6C34 | C3                       | ret                                     | esp: 19E474-> 19E478                              | 0019E474: 77350C4C-> 77350C4C     |
6B0 | 77350C4C | 33C9                     | xor ecx,ecx                             | ecx: C6204D-> 0 eflags: 282-> 246                 |                                   | ecx:&"444"
6B1 | 77350C4E | 894D E0                  | mov dword ptr ss:[ebp-20],ecx           |                                                   | 0019E490: 0-> 0                   |
6B2 | 77350C51 | 894D E4                  | mov dword ptr ss:[ebp-1C],ecx           |                                                   | 0019E494: 6-> 0                   | [ebp-1C]:scanf+1E
6B3 | 77350C54 | 8B75 14                  | mov esi,dword ptr ss:[ebp+14]           | esi: 6-> 19E4DC                                   | 0019E4C4: 19E4DC-> 19E4DC         | [ebp+14]:__scrt_common_main_seh+FA
6B4 | 77350C57 | 85F6                     | test esi,esi                            | eflags: 246-> 202                                 |                                   | esi:&"E:\\新建文件夹11\\unicorn\\Emu\\Release\\Sample.vmp.exe"
6B5 | 77350C59 | 74 02                    | je kernelbase.77350C5D                  |                                                   |                                   |
6B6 | 77350C5B | 890E                     | mov dword ptr ds:[esi],ecx              |                                                   | 0019E4DC: 6-> 0                   | [esi]:"E:\\新建文件夹11\\unicorn\\Emu\\Release\\Sample.vmp.exe", ecx:&"444"
6B7 | 77350C5D | 8B7D 08                  | mov edi,dword ptr ss:[ebp+8]            |                                                   | 0019E4B8: A0-> A0                 | [ebp+08]:"%s"
6B8 | 77350C60 | 83FF F4                  | cmp edi,FFFFFFF4                        | eflags: 202-> 217                                 |                                   | edi:&"ALLUSERSPROFILE=C:\\ProgramData"
6B9 | 77350C63 | 0F84 4B880500            | je kernelbase.773A94B4                  |                                                   |                                   |
6BA | 77350C69 | 83FF F5                  | cmp edi,FFFFFFF5                        | eflags: 217-> 213                                 |                                   | edi:&"ALLUSERSPROFILE=C:\\ProgramData"
6BB | 77350C6C | 0F84 31880500            | je kernelbase.773A94A3                  |                                                   |                                   |
6BC | 77350C72 | 83FF F6                  | cmp edi,FFFFFFF6                        | eflags: 213-> 217                                 |                                   | edi:&"ALLUSERSPROFILE=C:\\ProgramData"
6BD | 77350C75 | 0F84 17880500            | je kernelbase.773A9492                  |                                                   |                                   |
6BE | 77350C7B | 8B5D 18                  | mov ebx,dword ptr ss:[ebp+18]           | ebx: 19F920-> 0                                   | 0019E4C8: 0-> 0                   |
6BF | 77350C7E | 51                       | push ecx                                | esp: 19E478-> 19E474                              | 0019E474: E565D5A2-> 0            | ecx:&"444"
6C0 | 77350C7F | 85DB                     | test ebx,ebx                            | eflags: 217-> 246                                 |                                   |
6C1 | 77350C81 | 74 64                    | je kernelbase.77350CE7                  |                                                   |                                   |
6C2 | 77350CE7 | 51                       | push ecx                                | esp: 19E474-> 19E470                              | 0019E470: 0-> 0                   | ecx:&"444"
6C3 | 77350CE8 | FF75 10                  | push dword ptr ss:[ebp+10]              | esp: 19E470-> 19E46C                              | 0019E4C0: 6-> 6 0019E46C: 0-> 6   |
6C4 | 77350CEB | FF75 0C                  | push dword ptr ss:[ebp+C]               | esp: 19E46C-> 19E468                              | 0019E4BC: 19E4E4-> 19E4E4 0019E46 | [ebp+0C]:"444"
6C5 | 77350CEE | 8D45 E0                  | lea eax,dword ptr ss:[ebp-20]           | eax: 19E4A0-> 19E490                              |                                   |
6C6 | 77350CF1 | 50                       | push eax                                | esp: 19E468-> 19E464                              | 0019E464: 19E4E4-> 19E490         | eax:&"\n\n"
6C7 | 77350CF2 | 51                       | push ecx                                | esp: 19E464-> 19E460                              | 0019E460: 19E490-> 0              | ecx:&"444"
6C8 | 77350CF3 | 51                       | push ecx                                | esp: 19E460-> 19E45C                              | 0019E45C: 0-> 0                   | ecx:&"444"
6C9 | 77350CF4 | 51                       | push ecx                                | esp: 19E45C-> 19E458                              | 0019E458: 0-> 0                   | ecx:&"444"
6CA | 77350CF5 | 57                       | push edi                                | esp: 19E458-> 19E454                              | 0019E454: 0-> A0                  | edi:&"ALLUSERSPROFILE=C:\\ProgramData"
6CB | 77350CF6 | FF15 F4574477            | call dword ptr ds:[<NtWriteFile>]       | esp: 19E454-> 19E450                              | 774457F4: 77813060-> 77813060 001 |
6CC | 77813060 | B8 08001A00              | mov eax,1A0008                          | eax: 19E490-> 1A0008                              |                                   | eax:&"\n\n"
6CD | 77813065 | BA C08F8277              | mov edx,ntdll.77828FC0                  | edx: C6204D-> 77828FC0                            |                                   | edx:"%s"
6CE | 7781306A | FFD2                     | call edx                                | esp: 19E450-> 19E44C                              | 0019E44C: 77350CFC-> 7781306C     |
6CF | 77828FC0 | FF25 28928C77            | jmp dword ptr ds:[<Wow64Transition>]    |                                                   | 778C9228: 77797000-> 77797000     |
6D0 | 77797000 | EA 5218BE00 2300         | jmp far 23:BE1852                       |                                                   |                                   |
6D1 | 00BE1852 | 60                       | pushad                                  | esp: 19E44C-> 19E42C                              | 0019E44C: 7781306C-> 7781306C 001 |
6D2 | 00BE1853 | 51                       | push ecx                                | esp: 19E42C-> 19E428                              | 0019E428: A0-> 0                  | ecx:&"444"
6D3 | 00BE1854 | 50                       | push eax                                | esp: 19E428-> 19E424                              | 0019E424: 0-> 1A0008              | eax:&"\n\n"
6D4 | 00BE1855 | E8 BBFFFFFF              | call BE1815                             | esp: 19E424-> 19E420                              | 0019E420: 1A0008-> BE185A         |
6D5 | 00BE1815 | 33C9                     | xor ecx,ecx                             |                                                   |                                   | ecx:&"444"
6D6 | 00BE1817 | 56                       | push esi                                | esp: 19E420-> 19E41C                              | 0019E41C: BE185A-> 19E4DC         | esi:&"E:\\新建文件夹11\\unicorn\\Emu\\Release\\Sample.vmp.exe"
6D7 | 00BE1818 | 8B7424 08                | mov esi,dword ptr ss:[esp+8]            | esi: 19E4DC-> 1A0008                              | 0019E424: 1A0008-> 1A0008         |
6D8 | 00BE181C | 8BC1                     | mov eax,ecx                             | eax: 1A0008-> 0                                   |                                   | eax:&"\n\n", ecx:&"444"
6D9 | 00BE181E | 39B0 8C4CBE00            | cmp dword ptr ds:[eax+BE4C8C],esi       | eflags: 246-> 287                                 | 00BE4C8C: D-> D                   | esi:&"E:\\新建文件夹11\\unicorn\\Emu\\Release\\Sample.vmp.exe"
6DA | 00BE1824 | 75 10                    | jne BE1836                              |                                                   |                                   |
6DB | 00BE1836 | 83C0 0C                  | add eax,C                               | eax: 0-> C eflags: 287-> 206                      |                                   | eax:&"\n\n"
6DC | 00BE1839 | 41                       | inc ecx                                 | ecx: 0-> 1 eflags: 206-> 202                      |                                   | ecx:&"444"
6DD | 00BE183A | 3D 80010000              | cmp eax,180                             | eflags: 202-> 283                                 |                                   | eax:&"\n\n"
6DE | 00BE183F | 72 DD                    | jb BE181E                               |                                                   |                                   |
6DF | 00BE181E | 39B0 8C4CBE00            | cmp dword ptr ds:[eax+BE4C8C],esi       | eflags: 283-> 287                                 | 00BE4C98: 19-> 19                 | esi:&"E:\\新建文件夹11\\unicorn\\Emu\\Release\\Sample.vmp.exe"
6E0 | 00BE1824 | 75 10                    | jne BE1836                              |                                                   |                                   |
6E1 | 00BE1836 | 83C0 0C                  | add eax,C                               | eax: C-> 18 eflags: 287-> 216                     |                                   | eax:&"\n\n"
6E2 | 00BE1839 | 41                       | inc ecx                                 | ecx: 1-> 2 eflags: 216-> 202                      |                                   | ecx:&"444"
6E3 | 00BE183A | 3D 80010000              | cmp eax,180                             | eflags: 202-> 283                                 |                                   | eax:&"\n\n"
6E4 | 00BE183F | 72 DD                    | jb BE181E                               |                                                   |                                   |
6E5 | 00BE181E | 39B0 8C4CBE00            | cmp dword ptr ds:[eax+BE4C8C],esi       | eflags: 283-> 293                                 | 00BE4CA4: 10-> 10                 | esi:&"E:\\新建文件夹11\\unicorn\\Emu\\Release\\Sample.vmp.exe"
6E6 | 00BE1824 | 75 10                    | jne BE1836                              |                                                   |                                   |
6E7 | 00BE1836 | 83C0 0C                  | add eax,C                               | eax: 18-> 24 eflags: 293-> 216                    |                                   | eax:&"\n\n"
6E8 | 00BE1839 | 41                       | inc ecx                                 | ecx: 2-> 3 eflags: 216-> 206                      |                                   | ecx:&"444"
6E9 | 00BE183A | 3D 80010000              | cmp eax,180                             | eflags: 206-> 283                                 |                                   | eax:&"\n\n"
6EA | 00BE183F | 72 DD                    | jb BE181E                               |                                                   |                                   |
6EB | 00BE181E | 39B0 8C4CBE00            | cmp dword ptr ds:[eax+BE4C8C],esi       |                                                   | 00BE4CB0: 3000F-> 3000F           | esi:&"E:\\新建文件夹11\\unicorn\\Emu\\Release\\Sample.vmp.exe"
6EC | 00BE1824 | 75 10                    | jne BE1836                              |                                                   |                                   |
6ED | 00BE1836 | 83C0 0C                  | add eax,C                               | eax: 24-> 30 eflags: 283-> 216                    |                                   | eax:&"\n\n"
6EE | 00BE1839 | 41                       | inc ecx                                 | ecx: 3-> 4 eflags: 216-> 202                      |                                   | ecx:&"444"
6EF | 00BE183A | 3D 80010000              | cmp eax,180                             | eflags: 202-> 283                                 |                                   | eax:&"\n\n"
6F0 | 00BE183F | 72 DD                    | jb BE181E                               |                                                   |                                   |
6F1 | 00BE181E | 39B0 8C4CBE00            | cmp dword ptr ds:[eax+BE4C8C],esi       |                                                   | 00BE4CBC: 3C-> 3C                 | esi:&"E:\\新建文件夹11\\unicorn\\Emu\\Release\\Sample.vmp.exe"
6F2 | 00BE1824 | 75 10                    | jne BE1836                              |                                                   |                                   |
6F3 | 00BE1836 | 83C0 0C                  | add eax,C                               | eax: 30-> 3C eflags: 283-> 206                    |                                   | eax:&"\n\n"
6F4 | 00BE1839 | 41                       | inc ecx                                 | ecx: 4-> 5                                        |                                   | ecx:&"444"
6F5 | 00BE183A | 3D 80010000              | cmp eax,180                             | eflags: 206-> 283                                 |                                   | eax:&"\n\n"
6F6 | 00BE183F | 72 DD                    | jb BE181E                               |                                                   |                                   |
6F7 | 00BE181E | 39B0 8C4CBE00            | cmp dword ptr ds:[eax+BE4C8C],esi       | eflags: 283-> 293                                 | 00BE4CC8: 0-> 0                   | esi:&"E:\\新建文件夹11\\unicorn\\Emu\\Release\\Sample.vmp.exe"
6F8 | 00BE1824 | 75 10                    | jne BE1836                              |                                                   |                                   |
6F9 | 00BE1836 | 83C0 0C                  | add eax,C                               | eax: 3C-> 48 eflags: 293-> 216                    |                                   | eax:&"\n\n"
6FA | 00BE1839 | 41                       | inc ecx                                 | ecx: 5-> 6 eflags: 216-> 206                      |                                   | ecx:&"444"
6FB | 00BE183A | 3D 80010000              | cmp eax,180                             | eflags: 206-> 283                                 |                                   | eax:&"\n\n"
6FC | 00BE183F | 72 DD                    | jb BE181E                               |                                                   |                                   |
6FD | 00BE181E | 39B0 8C4CBE00            | cmp dword ptr ds:[eax+BE4C8C],esi       | eflags: 283-> 293                                 | 00BE4CD4: 0-> 0                   | esi:&"E:\\新建文件夹11\\unicorn\\Emu\\Release\\Sample.vmp.exe"
6FE | 00BE1824 | 75 10                    | jne BE1836                              |                                                   |                                   |
6FF | 00BE1836 | 83C0 0C                  | add eax,C                               | eax: 48-> 54 eflags: 293-> 212                    |                                   | eax:&"\n\n"
700 | 00BE1839 | 41                       | inc ecx                                 | ecx: 6-> 7 eflags: 212-> 202                      |                                   | ecx:&"444"
701 | 00BE183A | 3D 80010000              | cmp eax,180                             | eflags: 202-> 287                                 |                                   | eax:&"\n\n"
702 | 00BE183F | 72 DD                    | jb BE181E                               |                                                   |                                   |
703 | 00BE181E | 39B0 8C4CBE00            | cmp dword ptr ds:[eax+BE4C8C],esi       | eflags: 287-> 293                                 | 00BE4CE0: 0-> 0                   | esi:&"E:\\新建文件夹11\\unicorn\\Emu\\Release\\Sample.vmp.exe"
704 | 00BE1824 | 75 10                    | jne BE1836                              |                                                   |                                   |
705 | 00BE1836 | 83C0 0C                  | add eax,C                               | eax: 54-> 60 eflags: 293-> 216                    |                                   | eax:&"\n\n"
706 | 00BE1839 | 41                       | inc ecx                                 | ecx: 7-> 8 eflags: 216-> 202                      |                                   | ecx:&"444"
707 | 00BE183A | 3D 80010000              | cmp eax,180                             | eflags: 202-> 283                                 |                                   | eax:&"\n\n"
708 | 00BE183F | 72 DD                    | jb BE181E                               |                                                   |                                   |
709 | 00BE181E | 39B0 8C4CBE00            | cmp dword ptr ds:[eax+BE4C8C],esi       | eflags: 283-> 293                                 | 00BE4CEC: 0-> 0                   | esi:&"E:\\新建文件夹11\\unicorn\\Emu\\Release\\Sample.vmp.exe"
70A | 00BE1824 | 75 10                    | jne BE1836                              |                                                   |                                   |
70B | 00BE1836 | 83C0 0C                  | add eax,C                               | eax: 60-> 6C eflags: 293-> 206                    |                                   | eax:&"\n\n"
70C | 00BE1839 | 41                       | inc ecx                                 | ecx: 8-> 9                                        |                                   | ecx:&"444"
70D | 00BE183A | 3D 80010000              | cmp eax,180                             | eflags: 206-> 283                                 |                                   | eax:&"\n\n"
70E | 00BE183F | 72 DD                    | jb BE181E                               |                                                   |                                   |
70F | 00BE181E | 39B0 8C4CBE00            | cmp dword ptr ds:[eax+BE4C8C],esi       | eflags: 283-> 293                                 | 00BE4CF8: 0-> 0                   | esi:&"E:\\新建文件夹11\\unicorn\\Emu\\Release\\Sample.vmp.exe"
710 | 00BE1824 | 75 10                    | jne BE1836                              |                                                   |                                   |
711 | 00BE1836 | 83C0 0C                  | add eax,C                               | eax: 6C-> 78 eflags: 293-> 216                    |                                   | eax:&"\n\n"
712 | 00BE1839 | 41                       | inc ecx                                 | ecx: 9-> A eflags: 216-> 206                      |                                   | ecx:&"444"
713 | 00BE183A | 3D 80010000              | cmp eax,180                             | eflags: 206-> 283                                 |                                   | eax:&"\n\n"
714 | 00BE183F | 72 DD                    | jb BE181E                               |                                                   |                                   |
715 | 00BE181E | 39B0 8C4CBE00            | cmp dword ptr ds:[eax+BE4C8C],esi       | eflags: 283-> 293                                 | 00BE4D04: 0-> 0                   | esi:&"E:\\新建文件夹11\\unicorn\\Emu\\Release\\Sample.vmp.exe"
716 | 00BE1824 | 75 10                    | jne BE1836                              |                                                   |                                   |
717 | 00BE1836 | 83C0 0C                  | add eax,C                               | eax: 78-> 84 eflags: 293-> 216                    |                                   | eax:&"\n\n"
718 | 00BE1839 | 41                       | inc ecx                                 | ecx: A-> B eflags: 216-> 202                      |                                   | ecx:&"444"
719 | 00BE183A | 3D 80010000              | cmp eax,180                             | eflags: 202-> 283                                 |                                   | eax:&"\n\n"
71A | 00BE183F | 72 DD                    | jb BE181E                               |                                                   |                                   |
71B | 00BE181E | 39B0 8C4CBE00            | cmp dword ptr ds:[eax+BE4C8C],esi       | eflags: 283-> 293                                 | 00BE4D10: 0-> 0                   | esi:&"E:\\新建文件夹11\\unicorn\\Emu\\Release\\Sample.vmp.exe"
71C | 00BE1824 | 75 10                    | jne BE1836                              |                                                   |                                   |
71D | 00BE1836 | 83C0 0C                  | add eax,C                               | eax: 84-> 90 eflags: 293-> 216                    |                                   | eax:&"\n\n"
71E | 00BE1839 | 41                       | inc ecx                                 | ecx: B-> C eflags: 216-> 206                      |                                   | ecx:&"444"
71F | 00BE183A | 3D 80010000              | cmp eax,180                             | eflags: 206-> 283                                 |                                   | eax:&"\n\n"
720 | 00BE183F | 72 DD                    | jb BE181E                               |                                                   |                                   |
721 | 00BE181E | 39B0 8C4CBE00            | cmp dword ptr ds:[eax+BE4C8C],esi       | eflags: 283-> 293                                 | 00BE4D1C: 0-> 0                   | esi:&"E:\\新建文件夹11\\unicorn\\Emu\\Release\\Sample.vmp.exe"
722 | 00BE1824 | 75 10                    | jne BE1836                              |                                                   |                                   |
723 | 00BE1836 | 83C0 0C                  | add eax,C                               | eax: 90-> 9C eflags: 293-> 206                    |                                   | eax:&"\n\n"
724 | 00BE1839 | 41                       | inc ecx                                 | ecx: C-> D eflags: 206-> 202                      |                                   | ecx:&"444"
725 | 00BE183A | 3D 80010000              | cmp eax,180                             | eflags: 202-> 283                                 |                                   | eax:&"\n\n"
726 | 00BE183F | 72 DD                    | jb BE181E                               |                                                   |                                   |
727 | 00BE181E | 39B0 8C4CBE00            | cmp dword ptr ds:[eax+BE4C8C],esi       | eflags: 283-> 293                                 | 00BE4D28: 0-> 0                   | esi:&"E:\\新建文件夹11\\unicorn\\Emu\\Release\\Sample.vmp.exe"
728 | 00BE1824 | 75 10                    | jne BE1836                              |                                                   |                                   |
729 | 00BE1836 | 83C0 0C                  | add eax,C                               | eax: 9C-> A8 eflags: 293-> 212                    |                                   | eax:&"\n\n"
72A | 00BE1839 | 41                       | inc ecx                                 | ecx: D-> E eflags: 212-> 202                      |                                   | ecx:&"444"
72B | 00BE183A | 3D 80010000              | cmp eax,180                             | eflags: 202-> 287                                 |                                   | eax:&"\n\n"
72C | 00BE183F | 72 DD                    | jb BE181E                               |                                                   |                                   |
72D | 00BE181E | 39B0 8C4CBE00            | cmp dword ptr ds:[eax+BE4C8C],esi       | eflags: 287-> 293                                 | 00BE4D34: 0-> 0                   | esi:&"E:\\新建文件夹11\\unicorn\\Emu\\Release\\Sample.vmp.exe"
72E | 00BE1824 | 75 10                    | jne BE1836                              |                                                   |                                   |
72F | 00BE1836 | 83C0 0C                  | add eax,C                               | eax: A8-> B4 eflags: 293-> 216                    |                                   | eax:&"\n\n"
730 | 00BE1839 | 41                       | inc ecx                                 | ecx: E-> F eflags: 216-> 206                      |                                   | ecx:&"444"
731 | 00BE183A | 3D 80010000              | cmp eax,180                             | eflags: 206-> 283                                 |                                   | eax:&"\n\n"
732 | 00BE183F | 72 DD                    | jb BE181E                               |                                                   |                                   |
733 | 00BE181E | 39B0 8C4CBE00            | cmp dword ptr ds:[eax+BE4C8C],esi       | eflags: 283-> 293                                 | 00BE4D40: 0-> 0                   | esi:&"E:\\新建文件夹11\\unicorn\\Emu\\Release\\Sample.vmp.exe"
734 | 00BE1824 | 75 10                    | jne BE1836                              |                                                   |                                   |
735 | 00BE1836 | 83C0 0C                  | add eax,C                               | eax: B4-> C0 eflags: 293-> 216                    |                                   | eax:&"\n\n"
736 | 00BE1839 | 41                       | inc ecx                                 | ecx: F-> 10 eflags: 216-> 212                     |                                   | ecx:&"444"
737 | 00BE183A | 3D 80010000              | cmp eax,180                             | eflags: 212-> 283                                 |                                   | eax:&"\n\n"
738 | 00BE183F | 72 DD                    | jb BE181E                               |                                                   |                                   |
739 | 00BE181E | 39B0 8C4CBE00            | cmp dword ptr ds:[eax+BE4C8C],esi       | eflags: 283-> 293                                 | 00BE4D4C: 0-> 0                   | esi:&"E:\\新建文件夹11\\unicorn\\Emu\\Release\\Sample.vmp.exe"
73A | 00BE1824 | 75 10                    | jne BE1836                              |                                                   |                                   |
73B | 00BE1836 | 83C0 0C                  | add eax,C                               | eax: C0-> CC eflags: 293-> 206                    |                                   | eax:&"\n\n"
73C | 00BE1839 | 41                       | inc ecx                                 | ecx: 10-> 11                                      |                                   | ecx:&"444"
73D | 00BE183A | 3D 80010000              | cmp eax,180                             | eflags: 206-> 283                                 |                                   | eax:&"\n\n"
73E | 00BE183F | 72 DD                    | jb BE181E                               |                                                   |                                   |
73F | 00BE181E | 39B0 8C4CBE00            | cmp dword ptr ds:[eax+BE4C8C],esi       | eflags: 283-> 293                                 | 00BE4D58: 0-> 0                   | esi:&"E:\\新建文件夹11\\unicorn\\Emu\\Release\\Sample.vmp.exe"
740 | 00BE1824 | 75 10                    | jne BE1836                              |                                                   |                                   |
741 | 00BE1836 | 83C0 0C                  | add eax,C                               | eax: CC-> D8 eflags: 293-> 216                    |                                   | eax:&"\n\n"
742 | 00BE1839 | 41                       | inc ecx                                 | ecx: 11-> 12 eflags: 216-> 206                    |                                   | ecx:&"444"
743 | 00BE183A | 3D 80010000              | cmp eax,180                             | eflags: 206-> 283                                 |                                   | eax:&"\n\n"
744 | 00BE183F | 72 DD                    | jb BE181E                               |                                                   |                                   |
745 | 00BE181E | 39B0 8C4CBE00            | cmp dword ptr ds:[eax+BE4C8C],esi       | eflags: 283-> 293                                 | 00BE4D64: 0-> 0                   | esi:&"E:\\新建文件夹11\\unicorn\\Emu\\Release\\Sample.vmp.exe"
746 | 00BE1824 | 75 10                    | jne BE1836                              |                                                   |                                   |
747 | 00BE1836 | 83C0 0C                  | add eax,C                               | eax: D8-> E4 eflags: 293-> 216                    |                                   | eax:&"\n\n"
748 | 00BE1839 | 41                       | inc ecx                                 | ecx: 12-> 13 eflags: 216-> 202                    |                                   | ecx:&"444"
749 | 00BE183A | 3D 80010000              | cmp eax,180                             | eflags: 202-> 283                                 |                                   | eax:&"\n\n"
74A | 00BE183F | 72 DD                    | jb BE181E                               |                                                   |                                   |
74B | 00BE181E | 39B0 8C4CBE00            | cmp dword ptr ds:[eax+BE4C8C],esi       | eflags: 283-> 293                                 | 00BE4D70: 0-> 0                   | esi:&"E:\\新建文件夹11\\unicorn\\Emu\\Release\\Sample.vmp.exe"
74C | 00BE1824 | 75 10                    | jne BE1836                              |                                                   |                                   |
74D | 00BE1836 | 83C0 0C                  | add eax,C                               | eax: E4-> F0 eflags: 293-> 216                    |                                   | eax:&"\n\n"
74E | 00BE1839 | 41                       | inc ecx                                 | ecx: 13-> 14 eflags: 216-> 206                    |                                   | ecx:&"444"
74F | 00BE183A | 3D 80010000              | cmp eax,180                             | eflags: 206-> 283                                 |                                   | eax:&"\n\n"
750 | 00BE183F | 72 DD                    | jb BE181E                               |                                                   |                                   |
751 | 00BE181E | 39B0 8C4CBE00            | cmp dword ptr ds:[eax+BE4C8C],esi       | eflags: 283-> 293                                 | 00BE4D7C: 0-> 0                   | esi:&"E:\\新建文件夹11\\unicorn\\Emu\\Release\\Sample.vmp.exe"
752 | 00BE1824 | 75 10                    | jne BE1836                              |                                                   |                                   |
753 | 00BE1836 | 83C0 0C                  | add eax,C                               | eax: F0-> FC eflags: 293-> 206                    |                                   | eax:&"\n\n"
754 | 00BE1839 | 41                       | inc ecx                                 | ecx: 14-> 15 eflags: 206-> 202                    |                                   | ecx:&"444"
755 | 00BE183A | 3D 80010000              | cmp eax,180                             | eflags: 202-> 283                                 |                                   | eax:&"\n\n"
756 | 00BE183F | 72 DD                    | jb BE181E                               |                                                   |                                   |
757 | 00BE181E | 39B0 8C4CBE00            | cmp dword ptr ds:[eax+BE4C8C],esi       | eflags: 283-> 293                                 | 00BE4D88: 0-> 0                   | esi:&"E:\\新建文件夹11\\unicorn\\Emu\\Release\\Sample.vmp.exe"
758 | 00BE1824 | 75 10                    | jne BE1836                              |                                                   |                                   |
759 | 00BE1836 | 83C0 0C                  | add eax,C                               | eax: FC-> 108 eflags: 293-> 212                   |                                   | eax:&"\n\n"
75A | 00BE1839 | 41                       | inc ecx                                 | ecx: 15-> 16 eflags: 212-> 202                    |                                   | ecx:&"444"
75B | 00BE183A | 3D 80010000              | cmp eax,180                             | eflags: 202-> 287                                 |                                   | eax:&"\n\n"
75C | 00BE183F | 72 DD                    | jb BE181E                               |                                                   |                                   |
75D | 00BE181E | 39B0 8C4CBE00            | cmp dword ptr ds:[eax+BE4C8C],esi       | eflags: 287-> 293                                 | 00BE4D94: 0-> 0                   | esi:&"E:\\新建文件夹11\\unicorn\\Emu\\Release\\Sample.vmp.exe"
75E | 00BE1824 | 75 10                    | jne BE1836                              |                                                   |                                   |
75F | 00BE1836 | 83C0 0C                  | add eax,C                               | eax: 108-> 114 eflags: 293-> 216                  |                                   | eax:&"\n\n"
760 | 00BE1839 | 41                       | inc ecx                                 | ecx: 16-> 17 eflags: 216-> 206                    |                                   | ecx:&"444"
761 | 00BE183A | 3D 80010000              | cmp eax,180                             | eflags: 206-> 283                                 |                                   | eax:&"\n\n"
762 | 00BE183F | 72 DD                    | jb BE181E                               |                                                   |                                   |
763 | 00BE181E | 39B0 8C4CBE00            | cmp dword ptr ds:[eax+BE4C8C],esi       | eflags: 283-> 293                                 | 00BE4DA0: 0-> 0                   | esi:&"E:\\新建文件夹11\\unicorn\\Emu\\Release\\Sample.vmp.exe"
764 | 00BE1824 | 75 10                    | jne BE1836                              |                                                   |                                   |
765 | 00BE1836 | 83C0 0C                  | add eax,C                               | eax: 114-> 120 eflags: 293-> 212                  |                                   | eax:&"\n\n"
766 | 00BE1839 | 41                       | inc ecx                                 | ecx: 17-> 18 eflags: 212-> 206                    |                                   | ecx:&"444"
767 | 00BE183A | 3D 80010000              | cmp eax,180                             | eflags: 206-> 287                                 |                                   | eax:&"\n\n"
768 | 00BE183F | 72 DD                    | jb BE181E                               |                                                   |                                   |
769 | 00BE181E | 39B0 8C4CBE00            | cmp dword ptr ds:[eax+BE4C8C],esi       | eflags: 287-> 293                                 | 00BE4DAC: 0-> 0                   | esi:&"E:\\新建文件夹11\\unicorn\\Emu\\Release\\Sample.vmp.exe"
76A | 00BE1824 | 75 10                    | jne BE1836                              |                                                   |                                   |
76B | 00BE1836 | 83C0 0C                  | add eax,C                               | eax: 120-> 12C eflags: 293-> 202                  |                                   | eax:&"\n\n"
76C | 00BE1839 | 41                       | inc ecx                                 | ecx: 18-> 19                                      |                                   | ecx:&"444"
76D | 00BE183A | 3D 80010000              | cmp eax,180                             | eflags: 202-> 287                                 |                                   | eax:&"\n\n"
76E | 00BE183F | 72 DD                    | jb BE181E                               |                                                   |                                   |
76F | 00BE181E | 39B0 8C4CBE00            | cmp dword ptr ds:[eax+BE4C8C],esi       | eflags: 287-> 293                                 | 00BE4DB8: 0-> 0                   | esi:&"E:\\新建文件夹11\\unicorn\\Emu\\Release\\Sample.vmp.exe"
770 | 00BE1824 | 75 10                    | jne BE1836                              |                                                   |                                   |
771 | 00BE1836 | 83C0 0C                  | add eax,C                               | eax: 12C-> 138 eflags: 293-> 212                  |                                   | eax:&"\n\n"
772 | 00BE1839 | 41                       | inc ecx                                 | ecx: 19-> 1A eflags: 212-> 202                    |                                   | ecx:&"444"
773 | 00BE183A | 3D 80010000              | cmp eax,180                             | eflags: 202-> 287                                 |                                   | eax:&"\n\n"
774 | 00BE183F | 72 DD                    | jb BE181E                               |                                                   |                                   |
775 | 00BE181E | 39B0 8C4CBE00            | cmp dword ptr ds:[eax+BE4C8C],esi       | eflags: 287-> 293                                 | 00BE4DC4: 0-> 0                   | esi:&"E:\\新建文件夹11\\unicorn\\Emu\\Release\\Sample.vmp.exe"
776 | 00BE1824 | 75 10                    | jne BE1836                              |                                                   |                                   |
777 | 00BE1836 | 83C0 0C                  | add eax,C                               | eax: 138-> 144 eflags: 293-> 216                  |                                   | eax:&"\n\n"
778 | 00BE1839 | 41                       | inc ecx                                 | ecx: 1A-> 1B eflags: 216-> 206                    |                                   | ecx:&"444"
779 | 00BE183A | 3D 80010000              | cmp eax,180                             | eflags: 206-> 283                                 |                                   | eax:&"\n\n"
77A | 00BE183F | 72 DD                    | jb BE181E                               |                                                   |                                   |
77B | 00BE181E | 39B0 8C4CBE00            | cmp dword ptr ds:[eax+BE4C8C],esi       | eflags: 283-> 293                                 | 00BE4DD0: 0-> 0                   | esi:&"E:\\新建文件夹11\\unicorn\\Emu\\Release\\Sample.vmp.exe"
77C | 00BE1824 | 75 10                    | jne BE1836                              |                                                   |                                   |
77D | 00BE1836 | 83C0 0C                  | add eax,C                               | eax: 144-> 150 eflags: 293-> 216                  |                                   | eax:&"\n\n"
77E | 00BE1839 | 41                       | inc ecx                                 | ecx: 1B-> 1C eflags: 216-> 202                    |                                   | ecx:&"444"
77F | 00BE183A | 3D 80010000              | cmp eax,180                             | eflags: 202-> 283                                 |                                   | eax:&"\n\n"
780 | 00BE183F | 72 DD                    | jb BE181E                               |                                                   |                                   |
781 | 00BE181E | 39B0 8C4CBE00            | cmp dword ptr ds:[eax+BE4C8C],esi       | eflags: 283-> 293                                 | 00BE4DDC: 0-> 0                   | esi:&"E:\\新建文件夹11\\unicorn\\Emu\\Release\\Sample.vmp.exe"
782 | 00BE1824 | 75 10                    | jne BE1836                              |                                                   |                                   |
783 | 00BE1836 | 83C0 0C                  | add eax,C                               | eax: 150-> 15C eflags: 293-> 206                  |                                   | eax:&"\n\n"
784 | 00BE1839 | 41                       | inc ecx                                 | ecx: 1C-> 1D                                      |                                   | ecx:&"444"
785 | 00BE183A | 3D 80010000              | cmp eax,180                             | eflags: 206-> 283                                 |                                   | eax:&"\n\n"
786 | 00BE183F | 72 DD                    | jb BE181E                               |                                                   |                                   |
787 | 00BE181E | 39B0 8C4CBE00            | cmp dword ptr ds:[eax+BE4C8C],esi       | eflags: 283-> 293                                 | 00BE4DE8: 0-> 0                   | esi:&"E:\\新建文件夹11\\unicorn\\Emu\\Release\\Sample.vmp.exe"
788 | 00BE1824 | 75 10                    | jne BE1836                              |                                                   |                                   |
789 | 00BE1836 | 83C0 0C                  | add eax,C                               | eax: 15C-> 168 eflags: 293-> 212                  |                                   | eax:&"\n\n"
78A | 00BE1839 | 41                       | inc ecx                                 | ecx: 1D-> 1E eflags: 212-> 206                    |                                   | ecx:&"444"
78B | 00BE183A | 3D 80010000              | cmp eax,180                             | eflags: 206-> 287                                 |                                   | eax:&"\n\n"
78C | 00BE183F | 72 DD                    | jb BE181E                               |                                                   |                                   |
78D | 00BE181E | 39B0 8C4CBE00            | cmp dword ptr ds:[eax+BE4C8C],esi       | eflags: 287-> 293                                 | 00BE4DF4: 0-> 0                   | esi:&"E:\\新建文件夹11\\unicorn\\Emu\\Release\\Sample.vmp.exe"
78E | 00BE1824 | 75 10                    | jne BE1836                              |                                                   |                                   |
78F | 00BE1836 | 83C0 0C                  | add eax,C                               | eax: 168-> 174 eflags: 293-> 216                  |                                   | eax:&"\n\n"
790 | 00BE1839 | 41                       | inc ecx                                 | ecx: 1E-> 1F eflags: 216-> 202                    |                                   | ecx:&"444"
791 | 00BE183A | 3D 80010000              | cmp eax,180                             | eflags: 202-> 283                                 |                                   | eax:&"\n\n"
792 | 00BE183F | 72 DD                    | jb BE181E                               |                                                   |                                   |
793 | 00BE181E | 39B0 8C4CBE00            | cmp dword ptr ds:[eax+BE4C8C],esi       | eflags: 283-> 293                                 | 00BE4E00: 0-> 0                   | esi:&"E:\\新建文件夹11\\unicorn\\Emu\\Release\\Sample.vmp.exe"
794 | 00BE1824 | 75 10                    | jne BE1836                              |                                                   |                                   |
795 | 00BE1836 | 83C0 0C                  | add eax,C                               | eax: 174-> 180 eflags: 293-> 212                  |                                   | eax:&"\n\n"
796 | 00BE1839 | 41                       | inc ecx                                 | ecx: 1F-> 20                                      |                                   | ecx:&"444"
797 | 00BE183A | 3D 80010000              | cmp eax,180                             | eflags: 212-> 246                                 |                                   | eax:&"\n\n"
798 | 00BE183F | 72 DD                    | jb BE181E                               |                                                   |                                   |
799 | 00BE1841 | 33C0                     | xor eax,eax                             | eax: 180-> 0                                      |                                   | eax:&"\n\n"
79A | 00BE1843 | 5E                       | pop esi                                 | esp: 19E41C-> 19E420 esi: 1A0008-> 19E4DC         | 0019E41C: 19E4DC-> 19E4DC         | esi:&"E:\\新建文件夹11\\unicorn\\Emu\\Release\\Sample.vmp.exe"
79B | 00BE1844 | C2 0800                  | ret 8                                   | esp: 19E420-> 19E42C                              | 0019E420: BE185A-> BE185A         |
79C | 00BE185A | 83F8 00                  | cmp eax,0                               |                                                   |                                   | eax:&"\n\n"
79D | 00BE185D | 74 0D                    | je BE186C                               |                                                   |                                   |
79E | 00BE186C | 61                       | popad                                   | eax: 0-> 1A0008 ecx: 20-> 0 esp: 19E42C-> 19E44C  | 0019E42C: A0-> A0 0019E430: 19E4D |
79F | 00BE186D | FF25 0C4EBE00            | jmp dword ptr ds:[BE4E0C]               |                                                   | 00BE4E0C: C40000-> C40000         |
7A0 | 00C40000 | EA 09707977 3300         | jmp far 33:77797009                     | eax: 1A0008-> 0 ecx: 0-> 9EF38 edx: 77828FC0-> 19 |                                   |
7A1 | 7781306C | C2 2400                  | ret 24                                  | esp: 19E450-> 19E478 eflags: 204-> 206            | 0019E450: 77350CFC-> 77350CFC     |
7A2 | 77350CFC | 8BC8                     | mov ecx,eax                             | ecx: 9EF38-> 0                                    |                                   | ecx:&"444", eax:&"\n\n"
7A3 | 77350CFE | 81F9 03010000            | cmp ecx,103                             | eflags: 206-> 293                                 |                                   | ecx:&"444"
7A4 | 77350D04 | 0F84 DC870500            | je kernelbase.773A94E6                  |                                                   |                                   |
7A5 | 77350D0A | 85C9                     | test ecx,ecx                            | eflags: 293-> 246                                 |                                   | ecx:&"444"
7A6 | 77350D0C | 0F88 ED870500            | js kernelbase.773A94FF                  |                                                   |                                   |
7A7 | 77350D12 | 85F6                     | test esi,esi                            | eflags: 246-> 202                                 |                                   | esi:&"E:\\新建文件夹11\\unicorn\\Emu\\Release\\Sample.vmp.exe"
7A8 | 77350D14 | 74 05                    | je kernelbase.77350D1B                  |                                                   |                                   |
7A9 | 77350D16 | 8B45 E4                  | mov eax,dword ptr ss:[ebp-1C]           | eax: 0-> 6                                        | 0019E494: 6-> 6                   | [ebp-1C]:scanf+1E
7AA | 77350D19 | 8906                     | mov dword ptr ds:[esi],eax              |                                                   | 0019E4DC: 0-> 6                   | [esi]:"E:\\新建文件夹11\\unicorn\\Emu\\Release\\Sample.vmp.exe", eax:&"\n\n"
7AB | 77350D1B | 33C0                     | xor eax,eax                             | eax: 6-> 0 eflags: 202-> 246                      |                                   | eax:&"\n\n"
7AC | 77350D1D | 40                       | inc eax                                 | eax: 0-> 1 eflags: 246-> 202                      |                                   | eax:&"\n\n"
7AD | 77350D1E | EB B5                    | jmp kernelbase.77350CD5                 |                                                   |                                   |
7AE | 77350CD5 | 8B4D F0                  | mov ecx,dword ptr ss:[ebp-10]           | ecx: 0-> 19F964                                   | 0019E4A0: 19F964-> 19F964         |
7AF | 77350CD8 | 64:890D 00000000         | mov dword ptr fs:[0],ecx                |                                                   | 00266000: 19E4A0-> 19F964         | ecx:&"444"
7B0 | 77350CDF | 59                       | pop ecx                                 | ecx: 19F964-> E565D5A2 esp: 19E478-> 19E47C       | 0019E478: E565D5A2-> E565D5A2     | ecx:&"444"
7B1 | 77350CE0 | 5F                       | pop edi                                 | esp: 19E47C-> 19E480                              | 0019E47C: A0-> A0                 | edi:&"ALLUSERSPROFILE=C:\\ProgramData"
7B2 | 77350CE1 | 5E                       | pop esi                                 | esp: 19E480-> 19E484 esi: 19E4DC-> 6              | 0019E480: 6-> 6                   | esi:&"E:\\新建文件夹11\\unicorn\\Emu\\Release\\Sample.vmp.exe"
7B3 | 77350CE2 | 5B                       | pop ebx                                 | ebx: 0-> 19F920 esp: 19E484-> 19E488              | 0019E484: 19F920-> 19F920         |
7B4 | 77350CE3 | C9                       | leave                                   | esp: 19E488-> 19E4B4 ebp: 19E4B0-> 19F8E8         | 0019E4B0: 19F8E8-> 19F8E8         |
7B5 | 77350CE4 | C2 1400                  | ret 14                                  | esp: 19E4B4-> 19E4CC                              | 0019E4B4: 770A6E95-> 770A6E95     |
7B6 | 770A6E95 | 85C0                     | test eax,eax                            |                                                   |                                   | eax:&"\n\n"
7B7 | 770A6E97 | 0F84 E2C60400            | je ucrtbase.770F357F                    |                                                   |                                   |
7B8 | 770A6E9D | 8B85 F4EBFFFF            | mov eax,dword ptr ss:[ebp-140C]         | eax: 1-> 6                                        | 0019E4DC: 6-> 6                   |
7B9 | 770A6EA3 | 0143 04                  | add dword ptr ds:[ebx+4],eax            | eflags: 202-> 206                                 | 0019F924: 0-> 6                   | eax:&"\n\n"
7BA | 770A6EA6 | 3BC6                     | cmp eax,esi                             | eflags: 206-> 246                                 |                                   | eax:&"\n\n", esi:&"E:\\新建文件夹11\\unicorn\\Emu\\Release\\Sample.vmp.exe"
7BB | 770A6EA8 | 72 10                    | jb ucrtbase.770A6EBA                    |                                                   |                                   |
7BC | 770A6EAA | 8B95 F8EBFFFF            | mov edx,dword ptr ss:[ebp-1408]         | edx: 19E490-> C6204D                              | 0019E4E0: C6204D-> C6204D         | [ebp-1408]:RtlImageDirectoryEntryToData+6D0
7BD | 770A6EB0 | 8B8D F0EBFFFF            | mov ecx,dword ptr ss:[ebp-1410]         | ecx: E565D5A2-> C6204D                            | 0019E4D8: C6204D-> C6204D         |
7BE | 770A6EB6 | 3BD1                     | cmp edx,ecx                             |                                                   |                                   | edx:"%s", ecx:&"444"
7BF | 770A6EB8 | 72 9A                    | jb ucrtbase.770A6E54                    |                                                   |                                   |
7C0 | 770A6EBA | 8B4D FC                  | mov ecx,dword ptr ss:[ebp-4]            | ecx: C6204D-> 34FE9145                            | 0019F8E4: 34FE9145-> 34FE9145     | [ebp-04]:&"444"
7C1 | 770A6EBD | 8BC3                     | mov eax,ebx                             | eax: 6-> 19F920                                   |                                   | eax:&"\n\n"
7C2 | 770A6EBF | 5F                       | pop edi                                 | esp: 19E4CC-> 19E4D0 edi: A0-> C62048             | 0019E4CC: C62048-> C62048         | edi:&"ALLUSERSPROFILE=C:\\ProgramData"
7C3 | 770A6EC0 | 5E                       | pop esi                                 | esp: 19E4D0-> 19E4D4 esi: 6-> 1                   | 0019E4D0: 1-> 1                   | esi:&"E:\\新建文件夹11\\unicorn\\Emu\\Release\\Sample.vmp.exe"
7C4 | 770A6EC1 | 33CD                     | xor ecx,ebp                             | ecx: 34FE9145-> 34E769AD eflags: 246-> 202        |                                   |
7C5 | 770A6EC3 | 5B                       | pop ebx                                 | ebx: 19F920-> 0 esp: 19E4D4-> 19E4D8              | 0019E4D4: 0-> 0                   |
7C6 | 770A6EC4 | E8 57B00300              | call ucrtbase.770E1F20                  | esp: 19E4D8-> 19E4D4                              | 0019E4D4: C6204D-> 770A6EC9       |
7C7 | 770E1F20 | 3B0D D0021977            | cmp ecx,dword ptr ds:[771902D0]         | eflags: 202-> 246                                 | 771902D0: 34E769AD-> 34E769AD     | ecx:&"444"
7C8 | 770E1F26 | F2:75 02                 | bnd jne ucrtbase.770E1F2B               |                                                   |                                   |
7C9 | 770E1F29 | F2:C3                    | bnd ret                                 | esp: 19E4D4-> 19E4D8                              | 0019E4D4: 770A6EC9-> 770A6EC9     |
7CA | 770A6EC9 | C9                       | leave                                   | esp: 19E4D8-> 19F8EC ebp: 19F8E8-> 19F934         | 0019F8E8: 19F934-> 19F934         |
7CB | 770A6ECA | C3                       | ret                                     | esp: 19F8EC-> 19F8F0                              | 0019F8EC: 770A92A0-> 770A92A0     |
7CC | 770A92A0 | EB BE                    | jmp ucrtbase.770A9260                   |                                                   |                                   |
7CD | 770A9260 | 59                       | pop ecx                                 | ecx: 34E769AD-> 19F920 esp: 19F8F0-> 19F8F4       | 0019F8F0: 19F920-> 19F920         | ecx:&"444"
7CE | 770A9261 | 8BF0                     | mov esi,eax                             | esi: 1-> 19F920                                   |                                   | esi:&"E:\\新建文件夹11\\unicorn\\Emu\\Release\\Sample.vmp.exe", eax:&"\n\n"
7CF | 770A9263 | 8D7C24 20                | lea edi,dword ptr ss:[esp+20]           | edi: C62048-> 19F914                              |                                   | [esp+20]:"%s"
7D0 | 770A9267 | 59                       | pop ecx                                 | ecx: 19F920-> 5 esp: 19F8F4-> 19F8F8              | 0019F8F4: 5-> 5                   | ecx:&"444"
7D1 | 770A9268 | A5                       | movsd                                   | esi: 19F920-> 19F924 edi: 19F914-> 19F918         | 0019F914: 5-> 0 0019F920: 0-> 0   |
7D2 | 770A9269 | A5                       | movsd                                   | esi: 19F924-> 19F928 edi: 19F918-> 19F91C         | 0019F918: 1-> 6 0019F924: 6-> 6   |
7D3 | 770A926A | A5                       | movsd                                   | esi: 19F928-> 19F92C edi: 19F91C-> 19F920         | 0019F91C: 0-> 1 0019F928: 1-> 1   |
7D4 | 770A926B | 8B4424 20                | mov eax,dword ptr ss:[esp+20]           | eax: 19F920-> 6                                   | 0019F918: 6-> 6                   | [esp+20]:"%s"
7D5 | 770A926F | 85C0                     | test eax,eax                            | eflags: 246-> 206                                 |                                   | eax:&"\n\n"
7D6 | 770A9271 | 0F84 A7C30400            | je ucrtbase.770F561E                    |                                                   |                                   |
7D7 | 770A9277 | 2B4424 24                | sub eax,dword ptr ss:[esp+24]           | eax: 6-> 5                                        | 0019F91C: 1-> 1                   | [esp+24]:"444"
7D8 | 770A927B | 5F                       | pop edi                                 | esp: 19F8F8-> 19F8FC edi: 19F920-> FFFFFFFF       | 0019F8F8: FFFFFFFF-> FFFFFFFF     | edi:&"ALLUSERSPROFILE=C:\\ProgramData"
7D9 | 770A927C | 5E                       | pop esi                                 | esp: 19F8FC-> 19F900 esi: 19F92C-> 1              | 0019F8FC: 1-> 1                   | esi:&"E:\\新建文件夹11\\unicorn\\Emu\\Release\\Sample.vmp.exe"
7DA | 770A927D | 5B                       | pop ebx                                 | esp: 19F900-> 19F904                              | 0019F900: 0-> 0                   |
7DB | 770A927E | 8BE5                     | mov esp,ebp                             | esp: 19F904-> 19F934                              |                                   |
7DC | 770A9280 | 5D                       | pop ebp                                 | esp: 19F934-> 19F938 ebp: 19F934-> 19F974         | 0019F934: 19F974-> 19F974         |
7DD | 770A9281 | C3                       | ret                                     | esp: 19F938-> 19F93C                              | 0019F938: 770A9152-> 770A9152     |
7DE | 770A9152 | 59                       | pop ecx                                 | esp: 19F93C-> 19F940                              | 0019F93C: 5-> 5                   | ecx:&"444"
7DF | 770A9153 | 8BF8                     | mov edi,eax                             | edi: FFFFFFFF-> 5                                 |                                   | edi:&"ALLUSERSPROFILE=C:\\ProgramData", eax:&"\n\n"
7E0 | 770A9155 | 897D E4                  | mov dword ptr ss:[ebp-1C],edi           |                                                   | 0019F958: FFFFFFFF-> 5            | [ebp-1C]:scanf+1E
7E1 | 770A9158 | C745 FC FEFFFFFF         | mov dword ptr ss:[ebp-4],FFFFFFFE       |                                                   | 0019F970: 0-> FFFFFFFE            | [ebp-04]:&"444"
7E2 | 770A915F | E8 38000000              | call ucrtbase.770A919C                  | esp: 19F940-> 19F93C                              | 0019F93C: 34FE90D9-> 770A9164     |
7E3 | 770A919C | 8BCE                     | mov ecx,esi                             | ecx: 5-> 1                                        |                                   | ecx:&"444", esi:&"E:\\新建文件夹11\\unicorn\\Emu\\Release\\Sample.vmp.exe"
7E4 | 770A919E | C1F9 06                  | sar ecx,6                               | ecx: 1-> 0 eflags: 206-> 246                      |                                   | ecx:&"444"
7E5 | 770A91A1 | 83E6 3F                  | and esi,3F                              | eflags: 246-> 202                                 |                                   | esi:&"E:\\新建文件夹11\\unicorn\\Emu\\Release\\Sample.vmp.exe"
7E6 | 770A91A4 | 6BC6 38                  | imul eax,esi,38                         | eax: 5-> 38                                       |                                   | eax:&"\n\n", esi:&"E:\\新建文件夹11\\unicorn\\Emu\\Release\\Sample.vmp.exe"
7E7 | 770A91A7 | 03048D 60131977          | add eax,dword ptr ds:[ecx*4+77191360]   | eax: 38-> C5C3E0 eflags: 202-> 212                | 77191360: C5C3A8-> C5C3A8         | eax:&"\n\n", ecx*4+77191360:RtlCreateUserThread+480
7E8 | 770A91AE | 50                       | push eax                                | esp: 19F93C-> 19F938                              | 0019F938: 770A9164-> C5C3E0       | eax:&"\n\n"
7E9 | 770A91AF | FF15 24221977            | call dword ptr ds:[<LeaveCriticalSectio | esp: 19F938-> 19F934                              | 77192224: 777DE840-> 777DE840 001 |
7EA | 777DE840 | 8BFF                     | mov edi,edi                             |                                                   |                                   |
7EB | 777DE842 | 55                       | push ebp                                | esp: 19F934-> 19F930                              | 0019F930: 770A91B5-> 19F974       |
7EC | 777DE843 | 8BEC                     | mov ebp,esp                             | ebp: 19F974-> 19F930                              |                                   |
7ED | 777DE845 | 83EC 10                  | sub esp,10                              | esp: 19F930-> 19F920 eflags: 212-> 202            |                                   |
7EE | 777DE848 | 53                       | push ebx                                | esp: 19F920-> 19F91C                              | 0019F91C: 0-> 0                   |
7EF | 777DE849 | 56                       | push esi                                | esp: 19F91C-> 19F918                              | 0019F918: 0-> 1                   | esi:&"E:\\新建文件夹11\\unicorn\\Emu\\Release\\Sample.vmp.exe"
7F0 | 777DE84A | 8B75 08                  | mov esi,dword ptr ss:[ebp+8]            | esi: 1-> C5C3E0                                   | 0019F938: C5C3E0-> C5C3E0         | [ebp+08]:"%s"
7F1 | 777DE84D | 57                       | push edi                                | esp: 19F918-> 19F914                              | 0019F914: 1-> 5                   | edi:&"ALLUSERSPROFILE=C:\\ProgramData"
7F2 | 777DE84E | 8346 08 FF               | add dword ptr ds:[esi+8],FFFFFFFF       | eflags: 202-> 257                                 | 00C5C3E8: 1-> 0                   | esi+08:"E:\\新建文件夹11\\unicorn\\Emu\\Release\\Sample.vmp.exe"
7F3 | 777DE852 | 75 1D                    | jne ntdll.777DE871                      |                                                   |                                   |
7F4 | 777DE854 | C746 0C 00000000         | mov dword ptr ds:[esi+C],0              |                                                   | 00C5C3EC: 1018-> 0                |
7F5 | 777DE85B | 8D7E 04                  | lea edi,dword ptr ds:[esi+4]            | edi: 5-> C5C3E4                                   |                                   | edi:&"ALLUSERSPROFILE=C:\\ProgramData"
7F6 | 777DE85E | 83C9 FF                  | or ecx,FFFFFFFF                         | ecx: 0-> FFFFFFFF eflags: 257-> 286               |                                   | ecx:&"444"
7F7 | 777DE861 | B8 FEFFFFFF              | mov eax,FFFFFFFE                        | eax: C5C3E0-> FFFFFFFE                            |                                   | eax:&"\n\n"
7F8 | 777DE866 | F0:0FB10F                | lock cmpxchg dword ptr ds:[edi],ecx     | eflags: 286-> 246                                 | 00C5C3E4: FFFFFFFE-> FFFFFFFF     | [edi]:"ALLUSERSPROFILE=C:\\ProgramData", ecx:&"444"
7F9 | 777DE86A | 8BD8                     | mov ebx,eax                             | ebx: 0-> FFFFFFFE                                 |                                   | eax:&"\n\n"
7FA | 777DE86C | 83FB FE                  | cmp ebx,FFFFFFFE                        |                                                   |                                   |
7FB | 777DE86F | 75 0B                    | jne ntdll.777DE87C                      |                                                   |                                   |
7FC | 777DE871 | 5F                       | pop edi                                 | esp: 19F914-> 19F918 edi: C5C3E4-> 5              | 0019F914: 5-> 5                   | edi:&"ALLUSERSPROFILE=C:\\ProgramData"
7FD | 777DE872 | 5E                       | pop esi                                 | esp: 19F918-> 19F91C esi: C5C3E0-> 1              | 0019F918: 1-> 1                   | esi:&"E:\\新建文件夹11\\unicorn\\Emu\\Release\\Sample.vmp.exe"
7FE | 777DE873 | 33C0                     | xor eax,eax                             | eax: FFFFFFFE-> 0                                 |                                   | eax:&"\n\n"
7FF | 777DE875 | 5B                       | pop ebx                                 | ebx: FFFFFFFE-> 0 esp: 19F91C-> 19F920            | 0019F91C: 0-> 0                   |
800 | 777DE876 | 8BE5                     | mov esp,ebp                             | esp: 19F920-> 19F930                              |                                   |
801 | 777DE878 | 5D                       | pop ebp                                 | esp: 19F930-> 19F934 ebp: 19F930-> 19F974         | 0019F930: 19F974-> 19F974         |
802 | 777DE879 | C2 0400                  | ret 4                                   | esp: 19F934-> 19F93C                              | 0019F934: 770A91B5-> 770A91B5     |
803 | 770A91B5 | C3                       | ret                                     | esp: 19F93C-> 19F940                              | 0019F93C: 770A9164-> 770A9164     |
804 | 770A9164 | 8BC7                     | mov eax,edi                             | eax: 0-> 5                                        |                                   | eax:&"\n\n", edi:&"ALLUSERSPROFILE=C:\\ProgramData"
805 | 770A9166 | 8B4D F0                  | mov ecx,dword ptr ss:[ebp-10]           | ecx: FFFFFFFF-> 19FE70                            | 0019F964: 19FE70-> 19FE70         |
806 | 770A9169 | 64:890D 00000000         | mov dword ptr fs:[0],ecx                |                                                   | 00266000: 19F964-> 19FE70         | ecx:&"444"
807 | 770A9170 | 59                       | pop ecx                                 | ecx: 19FE70-> 34FE90D9 esp: 19F940-> 19F944       | 0019F940: 34FE90D9-> 34FE90D9     | ecx:&"444"
808 | 770A9171 | 5F                       | pop edi                                 | esp: 19F944-> 19F948                              | 0019F944: 5-> 5                   | edi:&"ALLUSERSPROFILE=C:\\ProgramData"
809 | 770A9172 | 5E                       | pop esi                                 | esp: 19F948-> 19F94C esi: 1-> 77190328            | 0019F948: 77190328-> 77190328     | esi:&"E:\\新建文件夹11\\unicorn\\Emu\\Release\\Sample.vmp.exe"
80A | 770A9173 | 5B                       | pop ebx                                 | ebx: 0-> 263001 esp: 19F94C-> 19F950              | 0019F94C: 263001-> 263001         |
80B | 770A9174 | C9                       | leave                                   | esp: 19F950-> 19F978 ebp: 19F974-> 19F998         | 0019F974: 19F998-> 19F998         |
80C | 770A9175 | C3                       | ret                                     | esp: 19F978-> 19F97C                              | 0019F978: 770AA06A-> 770AA06A     |
80D | 770AA06A | 83C4 0C                  | add esp,C                               | esp: 19F97C-> 19F988 eflags: 246-> 216            |                                   |
80E | 770AA06D | 3BF8                     | cmp edi,eax                             | eflags: 216-> 246                                 |                                   | edi:&"ALLUSERSPROFILE=C:\\ProgramData", eax:&"\n\n"
80F | 770AA06F | 75 18                    | jne ucrtbase.770AA089                   |                                                   |                                   |
810 | 770AA071 | 8B46 0C                  | mov eax,dword ptr ds:[esi+C]            | eax: 5-> 2282                                     | 77190334: 2282-> 2282             | eax:&"\n\n"
811 | 770AA074 | 90                       | nop                                     |                                                   |                                   |
812 | 770AA075 | A8 04                    | test al,4                               |                                                   |                                   |
813 | 770AA077 | 74 0A                    | je ucrtbase.770AA083                    |                                                   |                                   |
814 | 770AA083 | 33C0                     | xor eax,eax                             | eax: 2282-> 0                                     |                                   | eax:&"\n\n"
815 | 770AA085 | 5F                       | pop edi                                 | esp: 19F988-> 19F98C edi: 5-> 77190328            | 0019F988: 77190328-> 77190328     | edi:&"ALLUSERSPROFILE=C:\\ProgramData"
816 | 770AA086 | 5E                       | pop esi                                 | esp: 19F98C-> 19F990                              | 0019F98C: 77190328-> 77190328     | esi:&"E:\\新建文件夹11\\unicorn\\Emu\\Release\\Sample.vmp.exe"
817 | 770AA087 | C9                       | leave                                   | esp: 19F990-> 19F99C ebp: 19F998-> 19F9A8         | 0019F998: 19F9A8-> 19F9A8         |
818 | 770AA088 | C3                       | ret                                     | esp: 19F99C-> 19F9A0                              | 0019F99C: 770A5E4C-> 770A5E4C     |
819 | 770A5E4C | 68 80020000              | push 280                                | esp: 19F9A0-> 19F99C                              | 0019F99C: 5-> 280                 |
81A | 770A5E51 | 8D4D FC                  | lea ecx,dword ptr ss:[ebp-4]            | ecx: 34FE90D9-> 19F9A4                            |                                   | [ebp-04]:&"444"
81B | 770A5E54 | E8 46320000              | call ucrtbase.770A909F                  | esp: 19F99C-> 19F998                              | 0019F998: 280-> 770A5E59          |
81C | 770A909F | 8BFF                     | mov edi,edi                             |                                                   |                                   |
81D | 770A90A1 | 55                       | push ebp                                | esp: 19F998-> 19F994                              | 0019F994: 770A5E59-> 19F9A8       |
81E | 770A90A2 | 8BEC                     | mov ebp,esp                             | ebp: 19F9A8-> 19F994                              |                                   |
81F | 770A90A4 | 8B11                     | mov edx,dword ptr ds:[ecx]              | edx: C6204D-> 77190328                            | 0019F9A4: 77190328-> 77190328     | edx:"%s", [ecx]:"444"
820 | 770A90A6 | 56                       | push esi                                | esp: 19F994-> 19F990                              | 0019F990: 19F9A8-> 77190328       | esi:&"E:\\新建文件夹11\\unicorn\\Emu\\Release\\Sample.vmp.exe"
821 | 770A90A7 | 8B75 08                  | mov esi,dword ptr ss:[ebp+8]            | esi: 77190328-> 280                               | 0019F99C: 280-> 280               | [ebp+08]:"%s"
822 | 770A90AA | 83C2 0C                  | add edx,C                               | edx: 77190328-> 77190334 eflags: 246-> 212        |                                   | edx:"%s"
823 | 770A90AD | 57                       | push edi                                | esp: 19F990-> 19F98C                              | 0019F98C: 77190328-> 77190328     | edi:&"ALLUSERSPROFILE=C:\\ProgramData"
824 | 770A90AE | F7D6                     | not esi                                 | esi: 280-> FFFFFD7F                               |                                   | esi:&"E:\\新建文件夹11\\unicorn\\Emu\\Release\\Sample.vmp.exe"
825 | 770A90B0 | 8B02                     | mov eax,dword ptr ds:[edx]              | eax: 0-> 2282                                     | 77190334: 2282-> 2282             | eax:&"\n\n", edx:"%s"
826 | 770A90B2 | 8BC8                     | mov ecx,eax                             | ecx: 19F9A4-> 2282                                |                                   | ecx:&"444", eax:&"\n\n"
827 | 770A90B4 | 23CE                     | and ecx,esi                             | ecx: 2282-> 2002 eflags: 212-> 202                |                                   | ecx:&"444", esi:&"E:\\新建文件夹11\\unicorn\\Emu\\Release\\Sample.vmp.exe"
828 | 770A90B6 | F0:0FB10A                | lock cmpxchg dword ptr ds:[edx],ecx     | eflags: 202-> 246                                 | 77190334: 2282-> 2002             | edx:"%s", ecx:&"444"
829 | 770A90BA | 75 F6                    | jne ucrtbase.770A90B2                   |                                                   |                                   |
82A | 770A90BC | 8545 08                  | test dword ptr ss:[ebp+8],eax           | eflags: 246-> 202                                 | 0019F99C: 280-> 280               | [ebp+08]:"%s"
82B | 770A90BF | 5F                       | pop edi                                 | esp: 19F98C-> 19F990                              | 0019F98C: 77190328-> 77190328     | edi:&"ALLUSERSPROFILE=C:\\ProgramData"
82C | 770A90C0 | 0F95C0                   | setne al                                | eax: 2282-> 2201                                  |                                   |
82D | 770A90C3 | 5E                       | pop esi                                 | esp: 19F990-> 19F994 esi: FFFFFD7F-> 77190328     | 0019F990: 77190328-> 77190328     | esi:&"E:\\新建文件夹11\\unicorn\\Emu\\Release\\Sample.vmp.exe"
82E | 770A90C4 | 5D                       | pop ebp                                 | esp: 19F994-> 19F998 ebp: 19F994-> 19F9A8         | 0019F994: 19F9A8-> 19F9A8         |
82F | 770A90C5 | C2 0400                  | ret 4                                   | esp: 19F998-> 19F9A0                              | 0019F998: 770A5E59-> 770A5E59     |
830 | 770A5E59 | 33C0                     | xor eax,eax                             | eax: 2201-> 0 eflags: 202-> 246                   |                                   | eax:&"\n\n"
831 | 770A5E5B | 8946 18                  | mov dword ptr ds:[esi+18],eax           |                                                   | 77190340: 1000-> 0                | esi+18:"unicorn\\Emu\\Release\\Sample.vmp.exe", eax:&"\n\n"
832 | 770A5E5E | 8946 04                  | mov dword ptr ds:[esi+4],eax            |                                                   | 7719032C: C62048-> 0              | eax:&"\n\n"
833 | 770A5E61 | 8906                     | mov dword ptr ds:[esi],eax              |                                                   | 77190328: C62048-> 0              | [esi]:"E:\\新建文件夹11\\unicorn\\Emu\\Release\\Sample.vmp.exe", eax:&"\n\n"
834 | 770A5E63 | EB D2                    | jmp ucrtbase.770A5E37                   |                                                   |                                   |
835 | 770A5E37 | 5E                       | pop esi                                 | esp: 19F9A0-> 19F9A4 esi: 77190328-> 5            | 0019F9A0: 5-> 5                   | esi:&"E:\\新建文件夹11\\unicorn\\Emu\\Release\\Sample.vmp.exe"
836 | 770A5E38 | C9                       | leave                                   | esp: 19F9A4-> 19F9AC ebp: 19F9A8-> 19FE4C         | 0019F9A8: 19FE4C-> 19FE4C         |
837 | 770A5E39 | C3                       | ret                                     | esp: 19F9AC-> 19F9B0                              | 0019F9AC: 770A47F5-> 770A47F5     |
838 | 770A47F5 | 8B8C24 94040000          | mov ecx,dword ptr ss:[esp+494]          | ecx: 2002-> 34FE9011                              | 0019FE44: 34FE9011-> 34FE9011     | [esp+494]:__dyn_tls_init_callback+2EC82A
839 | 770A47FC | 8BC6                     | mov eax,esi                             | eax: 0-> 5                                        |                                   | eax:&"\n\n", esi:&"E:\\新建文件夹11\\unicorn\\Emu\\Release\\Sample.vmp.exe"
83A | 770A47FE | 5F                       | pop edi                                 | esp: 19F9B0-> 19F9B4 edi: 77190328-> C5FB48       | 0019F9B0: C5FB48-> C5FB48         | edi:&"ALLUSERSPROFILE=C:\\ProgramData"
83B | 770A47FF | 5E                       | pop esi                                 | esp: 19F9B4-> 19F9B8 esi: 5-> C60760              | 0019F9B4: C60760-> C60760         | esi:&"E:\\新建文件夹11\\unicorn\\Emu\\Release\\Sample.vmp.exe"
83C | 770A4800 | 5B                       | pop ebx                                 | ebx: 263001-> 263000 esp: 19F9B8-> 19F9BC         | 0019F9B8: 263000-> 263000         |
83D | 770A4801 | 33CC                     | xor ecx,esp                             | ecx: 34FE9011-> 34E769AD eflags: 246-> 202        |                                   |
83E | 770A4803 | E8 18D70300              | call ucrtbase.770E1F20                  | esp: 19F9BC-> 19F9B8                              | 0019F9B8: AF8716-> 770A4808       |
83F | 770E1F20 | 3B0D D0021977            | cmp ecx,dword ptr ds:[771902D0]         | eflags: 202-> 246                                 | 771902D0: 34E769AD-> 34E769AD     | ecx:&"444"
840 | 770E1F26 | F2:75 02                 | bnd jne ucrtbase.770E1F2B               |                                                   |                                   |
841 | 770E1F29 | F2:C3                    | bnd ret                                 | esp: 19F9B8-> 19F9BC                              | 0019F9B8: 770A4808-> 770A4808     |
842 | 770A4808 | 8BE5                     | mov esp,ebp                             | esp: 19F9BC-> 19FE4C                              |                                   |
843 | 770A480A | 5D                       | pop ebp                                 | esp: 19FE4C-> 19FE50 ebp: 19FE4C-> 19FE80         | 0019FE4C: 19FE80-> 19FE80         |
844 | 770A480B | C3                       | ret                                     | esp: 19FE50-> 19FE54                              | 0019FE50: 770A46F7-> 770A46F7     |
845 | 770A46F7 | 8BF0                     | mov esi,eax                             | esi: C60760-> 5                                   |                                   | esi:&"E:\\新建文件夹11\\unicorn\\Emu\\Release\\Sample.vmp.exe", eax:&"\n\n"
846 | 770A46F9 | 8975 E4                  | mov dword ptr ss:[ebp-1C],esi           |                                                   | 0019FE64: 0-> 5                   | [ebp-1C]:scanf+1E
847 | 770A46FC | C745 FC FEFFFFFF         | mov dword ptr ss:[ebp-4],FFFFFFFE       |                                                   | 0019FE7C: 0-> FFFFFFFE            | [ebp-04]:&"444"
848 | 770A4703 | E8 14000000              | call ucrtbase.770A471C                  | esp: 19FE54-> 19FE50                              | 0019FE50: 34FE972D-> 770A4708     |
849 | 770A471C | 8B45 10                  | mov eax,dword ptr ss:[ebp+10]           | eax: 5-> 19FEB8                                   | 0019FE90: 19FEB8-> 19FEB8         |
84A | 770A471F | 8B00                     | mov eax,dword ptr ds:[eax]              | eax: 19FEB8-> 77190328                            | 0019FEB8: 77190328-> 77190328     | eax:&"\n\n", [eax]:"\n\n"
84B | 770A4721 | 83C0 20                  | add eax,20                              | eax: 77190328-> 77190348 eflags: 246-> 206        |                                   | eax:&"\n\n"
84C | 770A4724 | 50                       | push eax                                | esp: 19FE50-> 19FE4C                              | 0019FE4C: 770A4708-> 77190348     | eax:&"\n\n"
84D | 770A4725 | FF15 24221977            | call dword ptr ds:[<LeaveCriticalSectio | esp: 19FE4C-> 19FE48                              | 77192224: 777DE840-> 777DE840 001 |
84E | 777DE840 | 8BFF                     | mov edi,edi                             |                                                   |                                   |
84F | 777DE842 | 55                       | push ebp                                | esp: 19FE48-> 19FE44                              | 0019FE44: 770A472B-> 19FE80       |
850 | 777DE843 | 8BEC                     | mov ebp,esp                             | ebp: 19FE80-> 19FE44                              |                                   |
851 | 777DE845 | 83EC 10                  | sub esp,10                              | esp: 19FE44-> 19FE34 eflags: 206-> 202            |                                   |
852 | 777DE848 | 53                       | push ebx                                | esp: 19FE34-> 19FE30                              | 0019FE30: 19FF28-> 263000         |
853 | 777DE849 | 56                       | push esi                                | esp: 19FE30-> 19FE2C                              | 0019FE2C: 263000-> 5              | esi:&"E:\\新建文件夹11\\unicorn\\Emu\\Release\\Sample.vmp.exe"
854 | 777DE84A | 8B75 08                  | mov esi,dword ptr ss:[ebp+8]            | esi: 5-> 77190348                                 | 0019FE4C: 77190348-> 77190348     | [ebp+08]:"%s"
855 | 777DE84D | 57                       | push edi                                | esp: 19FE2C-> 19FE28                              | 0019FE28: 5-> C5FB48              | edi:&"ALLUSERSPROFILE=C:\\ProgramData"
856 | 777DE84E | 8346 08 FF               | add dword ptr ds:[esi+8],FFFFFFFF       | eflags: 202-> 257                                 | 77190350: 1-> 0                   | esi+08:"E:\\新建文件夹11\\unicorn\\Emu\\Release\\Sample.vmp.exe"
857 | 777DE852 | 75 1D                    | jne ntdll.777DE871                      |                                                   |                                   |
858 | 777DE854 | C746 0C 00000000         | mov dword ptr ds:[esi+C],0              |                                                   | 77190354: 1018-> 0                |
859 | 777DE85B | 8D7E 04                  | lea edi,dword ptr ds:[esi+4]            | edi: C5FB48-> 7719034C                            |                                   | edi:&"ALLUSERSPROFILE=C:\\ProgramData"
85A | 777DE85E | 83C9 FF                  | or ecx,FFFFFFFF                         | ecx: 34E769AD-> FFFFFFFF eflags: 257-> 286        |                                   | ecx:&"444"
85B | 777DE861 | B8 FEFFFFFF              | mov eax,FFFFFFFE                        | eax: 77190348-> FFFFFFFE                          |                                   | eax:&"\n\n"
85C | 777DE866 | F0:0FB10F                | lock cmpxchg dword ptr ds:[edi],ecx     | eflags: 286-> 246                                 | 7719034C: FFFFFFFE-> FFFFFFFF     | [edi]:"ALLUSERSPROFILE=C:\\ProgramData", ecx:&"444"
85D | 777DE86A | 8BD8                     | mov ebx,eax                             | ebx: 263000-> FFFFFFFE                            |                                   | eax:&"\n\n"
85E | 777DE86C | 83FB FE                  | cmp ebx,FFFFFFFE                        |                                                   |                                   |
85F | 777DE86F | 75 0B                    | jne ntdll.777DE87C                      |                                                   |                                   |
860 | 777DE871 | 5F                       | pop edi                                 | esp: 19FE28-> 19FE2C edi: 7719034C-> C5FB48       | 0019FE28: C5FB48-> C5FB48         | edi:&"ALLUSERSPROFILE=C:\\ProgramData"
861 | 777DE872 | 5E                       | pop esi                                 | esp: 19FE2C-> 19FE30 esi: 77190348-> 5            | 0019FE2C: 5-> 5                   | esi:&"E:\\新建文件夹11\\unicorn\\Emu\\Release\\Sample.vmp.exe"
862 | 777DE873 | 33C0                     | xor eax,eax                             | eax: FFFFFFFE-> 0                                 |                                   | eax:&"\n\n"
863 | 777DE875 | 5B                       | pop ebx                                 | ebx: FFFFFFFE-> 263000 esp: 19FE30-> 19FE34       | 0019FE30: 263000-> 263000         |
864 | 777DE876 | 8BE5                     | mov esp,ebp                             | esp: 19FE34-> 19FE44                              |                                   |
865 | 777DE878 | 5D                       | pop ebp                                 | esp: 19FE44-> 19FE48 ebp: 19FE44-> 19FE80         | 0019FE44: 19FE80-> 19FE80         |
866 | 777DE879 | C2 0400                  | ret 4                                   | esp: 19FE48-> 19FE50                              | 0019FE48: 770A472B-> 770A472B     |
867 | 770A472B | C3                       | ret                                     | esp: 19FE50-> 19FE54                              | 0019FE50: 770A4708-> 770A4708     |
868 | 770A4708 | 8BC6                     | mov eax,esi                             | eax: 0-> 5                                        |                                   | eax:&"\n\n", esi:&"E:\\新建文件夹11\\unicorn\\Emu\\Release\\Sample.vmp.exe"
869 | 770A470A | 8B4D F0                  | mov ecx,dword ptr ss:[ebp-10]           | ecx: FFFFFFFF-> 19FF60                            | 0019FE70: 19FF60-> 19FF60         |
86A | 770A470D | 64:890D 00000000         | mov dword ptr fs:[0],ecx                |                                                   | 00266000: 19FE70-> 19FF60         | ecx:&"444"
86B | 770A4714 | 59                       | pop ecx                                 | ecx: 19FF60-> 34FE972D esp: 19FE54-> 19FE58       | 0019FE54: 34FE972D-> 34FE972D     | ecx:&"444"
86C | 770A4715 | 5F                       | pop edi                                 | esp: 19FE58-> 19FE5C                              | 0019FE58: C5FB48-> C5FB48         | edi:&"ALLUSERSPROFILE=C:\\ProgramData"
86D | 770A4716 | 5E                       | pop esi                                 | esp: 19FE5C-> 19FE60 esi: 5-> C60760              | 0019FE5C: C60760-> C60760         | esi:&"E:\\新建文件夹11\\unicorn\\Emu\\Release\\Sample.vmp.exe"
86E | 770A4717 | 5B                       | pop ebx                                 | esp: 19FE60-> 19FE64                              | 0019FE60: 263000-> 263000         |
86F | 770A4718 | C9                       | leave                                   | esp: 19FE64-> 19FE84 ebp: 19FE80-> 19FEC4         | 0019FE80: 19FEC4-> 19FEC4         |
870 | 770A4719 | C2 0C00                  | ret C                                   | esp: 19FE84-> 19FE94                              | 0019FE84: 770A46C7-> 770A46C7     |
871 | 770A46C7 | 5F                       | pop edi                                 | esp: 19FE94-> 19FE98                              | 0019FE94: C5FB48-> C5FB48         | edi:&"ALLUSERSPROFILE=C:\\ProgramData"
872 | 770A46C8 | 5E                       | pop esi                                 | esp: 19FE98-> 19FE9C                              | 0019FE98: C60760-> C60760         | esi:&"E:\\新建文件夹11\\unicorn\\Emu\\Release\\Sample.vmp.exe"
873 | 770A46C9 | 5B                       | pop ebx                                 | esp: 19FE9C-> 19FEA0                              | 0019FE9C: 263000-> 263000         |
874 | 770A46CA | C9                       | leave                                   | esp: 19FEA0-> 19FEC8 ebp: 19FEC4-> 19FEDC         | 0019FEC4: 19FEDC-> 19FEDC         |
875 | 770A46CB | C3                       | ret                                     | esp: 19FEC8-> 19FECC                              | 0019FEC8: 770A466C-> 770A466C     |
876 | 770A466C | 83C4 10                  | add esp,10                              | esp: 19FECC-> 19FEDC eflags: 246-> 202            |                                   |
877 | 770A466F | 5D                       | pop ebp                                 | esp: 19FEDC-> 19FEE0 ebp: 19FEDC-> 19FEFC         | 0019FEDC: 19FEFC-> 19FEFC         |
878 | 770A4670 | C3                       | ret                                     | esp: 19FEE0-> 19FEE4                              | 0019FEE0: 401095-> 401095         |
879 | 00401095 | 83C4 18                  | add esp,18                              | esp: 19FEE4-> 19FEFC eflags: 202-> 206            |                                   |
87A | 00401098 | 5D                       | pop ebp                                 | esp: 19FEFC-> 19FF00 ebp: 19FEFC-> 19FF1C         | 0019FEFC: 19FF1C-> 19FF1C         | stdio.h:646
87B | 00401099 | C3                       | ret                                     | esp: 19FF00-> 19FF04                              | 0019FF00: 401157-> 401157         |
87C | 00401157 | 83C4 10                  | add esp,10                              | esp: 19FF04-> 19FF14                              |                                   |
87D | 0040115A | 8945 F8                  | mov dword ptr ss:[ebp-8],eax            |                                                   | 0019FF14: 0-> 5                   |
87E | 0040115D | C745 FC 00000000         | mov dword ptr ss:[ebp-4],0              |                                                   | 0019FF18: 19FF28-> 0              | stdio.h:961, [ebp-04]:&"444"
87F | 00401164 | 8B45 F8                  | mov eax,dword ptr ss:[ebp-8]            |                                                   | 0019FF14: 5-> 5                   | stdio.h:962
880 | 00401167 | 8BE5                     | mov esp,ebp                             | esp: 19FF14-> 19FF1C                              |                                   | stdio.h:963
881 | 00401169 | 5D                       | pop ebp                                 | esp: 19FF1C-> 19FF20 ebp: 19FF1C-> 19FF28         | 0019FF1C: 19FF28-> 19FF28         |
882 | 0040116A | C3                       | ret                                     | esp: 19FF20-> 19FF24                              | 0019FF20: 630AC1-> 630AC1         |
883 | 00630AC1 | 83C4 04                  | add esp,4                               | esp: 19FF24-> 19FF28                              |                                   |
884 | 00630AC4 | E9 F1C9EEFF              | jmp sample.vmp.51D4BA                   |                                                   |                                   |
885 | 0051D4BA | E9 28C70F00              | jmp sample.vmp.619BE7                   |                                                   |                                   |
886 | 00619BE7 | B8 01000000              | mov eax,1                               | eax: 5-> 1                                        |                                   | eax:&"\n\n"
887 | 00619BEC | F5                       | cmc                                     | eflags: 206-> 207                                 |                                   |
888 | 00619BED | 85C0                     | test eax,eax                            | eflags: 207-> 202                                 |                                   | eax:&"\n\n"
889 | 00619BEF | E9 7705DFFF              | jmp sample.vmp.40A16B                   |                                                   |                                   |
88A | 0040A16B | 0F84 A7CC1100            | je sample.vmp.526E18                    |                                                   |                                   |
88B | 0040A171 | 68 20304000              | push <sample.vmp.char *buf>             | esp: 19FF28-> 19FF24                              | 0019FF24: 19FF70-> 403020         | 403020:"444"
88C | 0040A176 | E9 B3031D00              | jmp sample.vmp.5DA52E                   |                                                   |                                   |
88D | 005DA52E | 68 F8204000              | push sample.vmp.4020F8                  | esp: 19FF24-> 19FF20                              | 0019FF20: 403020-> 4020F8         | 4020F8:"%s"
88E | 005DA533 | E9 8E76FDFF              | jmp sample.vmp.5B1BC6                   |                                                   |                                   |
88F | 005B1BC6 | E8 A5F5E4FF              | call <sample.vmp._scanf>                | esp: 19FF20-> 19FF1C                              | 0019FF1C: 4020F8-> 5B1BCB         |
890 | 00401170 | 55                       | push ebp                                | esp: 19FF1C-> 19FF18                              | 0019FF18: 5B1BCB-> 19FF28         | stdio.h:1282
891 | 00401171 | 8BEC                     | mov ebp,esp                             | ebp: 19FF28-> 19FF18                              |                                   |
892 | 00401173 | 83EC 08                  | sub esp,8                               | esp: 19FF18-> 19FF10                              |                                   |
893 | 00401176 | 8D45 0C                  | lea eax,dword ptr ss:[ebp+C]            | eax: 1-> 19FF24                                   |                                   | stdio.h:1285, [ebp+0C]:"444"
894 | 00401179 | 8945 FC                  | mov dword ptr ss:[ebp-4],eax            |                                                   | 0019FF14: 5-> 19FF24              | [ebp-04]:&"444"
895 | 0040117C | 8B4D FC                  | mov ecx,dword ptr ss:[ebp-4]            | ecx: 34FE972D-> 19FF24                            | 0019FF14: 19FF24-> 19FF24         | stdio.h:1286, [ebp-04]:&"444"
896 | 0040117F | 51                       | push ecx                                | esp: 19FF10-> 19FF0C                              | 0019FF0C: 19FF28-> 19FF24         | ecx:&"444"
897 | 00401180 | 6A 00                    | push 0                                  | esp: 19FF0C-> 19FF08                              | 0019FF08: 19FF24-> 0              |
898 | 00401182 | 8B55 08                  | mov edx,dword ptr ss:[ebp+8]            | edx: 77190334-> 4020F8                            | 0019FF20: 4020F8-> 4020F8         | [ebp+08]:"%s"
899 | 00401185 | 52                       | push edx                                | esp: 19FF08-> 19FF04                              | 0019FF04: 0-> 4020F8              | edx:"%s"
89A | 00401186 | 6A 00                    | push 0                                  | esp: 19FF04-> 19FF00                              | 0019FF00: 4020F8-> 0              |
89B | 00401188 | E8 7B831500              | call sample.vmp.559508                  | esp: 19FF00-> 19FEFC                              | 0019FEFC: 0-> 40118D              |
89C | 00559508 | 90                       | nop                                     |                                                   |                                   |
89D | 00559509 | E9 97D1EFFF              | jmp sample.vmp.4566A5                   |                                                   |                                   |
89E | 004566A5 | 55                       | push ebp                                | esp: 19FEFC-> 19FEF8                              | 0019FEF8: 40118D-> 19FF18         |
89F | 004566A6 | 87ED                     | xchg ebp,ebp                            |                                                   |                                   |
8A0 | 004566A8 | E9 D7DB0B00              | jmp sample.vmp.514284                   |                                                   |                                   |
8A1 | 00514284 | 8B6C24 04                | mov ebp,dword ptr ss:[esp+4]            | ebp: 19FF18-> 40118D                              | 0019FEFC: 40118D-> 40118D         | [esp+04]:"%s"
8A2 | 00514288 | E9 9FC30400              | jmp sample.vmp.56062C                   |                                                   |                                   |
8A3 | 0056062C | 8D6D 01                  | lea ebp,dword ptr ss:[ebp+1]            | ebp: 40118D-> 40118E                              |                                   |
8A4 | 0056062F | E9 75241500              | jmp sample.vmp.6B2AA9                   |                                                   |                                   |
8A5 | 006B2AA9 | 896C24 04                | mov dword ptr ss:[esp+4],ebp            |                                                   | 0019FEFC: 40118D-> 40118E         | [esp+04]:"%s"
8A6 | 006B2AAD | 0FB7E9                   | movzx ebp,cx                            | ebp: 40118E-> FF24                                |                                   |
8A7 | 006B2AB0 | E9 46E6E6FF              | jmp sample.vmp.5210FB                   |                                                   |                                   |
8A8 | 005210FB | BD 71144000              | mov ebp,sample.vmp.401471               | ebp: FF24-> 401471                                |                                   |
8A9 | 00521100 | 8BAD 6B4A1500            | mov ebp,dword ptr ss:[ebp+154A6B]       | ebp: 401471-> 4EC2EA4                             | 00555EDC: 4EC2EA4-> 4EC2EA4       |
8AA | 00521106 | E9 0AC60E00              | jmp sample.vmp.60D715                   |                                                   |                                   |
8AB | 0060D715 | 8DAD CC421E72            | lea ebp,dword ptr ss:[ebp+721E42CC]     | ebp: 4EC2EA4-> 770A7170                           |                                   |
8AC | 0060D71B | 872C24                   | xchg dword ptr ss:[esp],ebp             | ebp: 770A7170-> 19FF18                            | 0019FEF8: 19FF18-> 770A7170       | [esp]:&"\n\n"
8AD | 0060D71E | C3                       | ret                                     | esp: 19FEF8-> 19FEFC                              | 0019FEF8: 770A7170-> 770A7170     |
8AE | 770A7170 | 8BFF                     | mov edi,edi                             |                                                   |                                   |
8AF | 770A7172 | 55                       | push ebp                                | esp: 19FEFC-> 19FEF8                              | 0019FEF8: 40118E-> 19FF18         |
8B0 | 770A7173 | 8BEC                     | mov ebp,esp                             | ebp: 19FF18-> 19FEF8                              |                                   |
8B1 | 770A7175 | 6B45 08 38               | imul eax,dword ptr ss:[ebp+8],38        | eax: 19FF24-> 0 eflags: 202-> 206                 | 0019FF00: 0-> 0                   | [ebp+08]:"%s"
8B2 | 770A7179 | 05 F0021977              | add eax,ucrtbase.771902F0               | eax: 0-> 771902F0                                 |                                   | eax:&"\n\n", 771902F0:&"\n\n"
8B3 | 770A717E | 5D                       | pop ebp                                 | esp: 19FEF8-> 19FEFC ebp: 19FEF8-> 19FF18         | 0019FEF8: 19FF18-> 19FF18         |
8B4 | 770A717F | C3                       | ret                                     | esp: 19FEFC-> 19FF00                              | 0019FEFC: 40118E-> 40118E         |
8B5 | 0040118E | 83C4 04                  | add esp,4                               | esp: 19FF00-> 19FF04 eflags: 206-> 202            |                                   |
8B6 | 00401191 | 50                       | push eax                                | esp: 19FF04-> 19FF00                              | 0019FF00: 4020F8-> 771902F0       | eax:&"\n\n"
8B7 | 00401192 | E8 09FFFFFF              | call <sample.vmp.__vfscanf_l>           |                                                   | 0019FEFC: 771902F0-> 40118E       |